[ 2017-03-13T15:27:13+08:00 ] 127.0.0.1 /index.php/Api/user/reg
INFO: [ app_init ] --START--
INFO: Run Behavior\BuildLiteBehavior [ RunTime:0.000053s ]
INFO: [ app_init ] --END-- [ RunTime:0.015381s ]
INFO: [ app_begin ] --START--
INFO: Run Behavior\ReadHtmlCacheBehavior [ RunTime:0.013152s ]
INFO: [ app_begin ] --END-- [ RunTime:0.013363s ]
SQL: SHOW COLUMNS FROM `user` [ RunTime:0.0691s ]
SQL: SHOW COLUMNS FROM `user` [ RunTime:0.0059s ]
SQL: SELECT COUNT(*) AS tp_count FROM `user` WHERE `username` = '' LIMIT 1   [ RunTime:0.0004s ]
SQL: SELECT COUNT(*) AS tp_count FROM `user` WHERE `tel` = '' LIMIT 1   [ RunTime:0.0003s ]
INFO: [ app_end ] --START--
INFO: Run Behavior\ShowPageTraceBehavior [ RunTime:0.026909s ]
INFO: [ app_end ] --END-- [ RunTime:0.027031s ]

[ 2017-03-13T15:27:19+08:00 ] 127.0.0.1 /index.php/Api/user/reg
INFO: [ app_init ] --START--
INFO: Run Behavior\BuildLiteBehavior [ RunTime:0.000026s ]
INFO: [ app_init ] --END-- [ RunTime:0.000432s ]
INFO: [ app_begin ] --START--
INFO: Run Behavior\ReadHtmlCacheBehavior [ RunTime:0.000742s ]
INFO: [ app_begin ] --END-- [ RunTime:0.000939s ]
SQL: SHOW COLUMNS FROM `user` [ RunTime:0.0066s ]
SQL: SHOW COLUMNS FROM `user` [ RunTime:0.0057s ]
SQL: SELECT COUNT(*) AS tp_count FROM `user` WHERE `username` = '' LIMIT 1   [ RunTime:0.0003s ]
SQL: SELECT COUNT(*) AS tp_count FROM `user` WHERE `tel` = '' LIMIT 1   [ RunTime:0.0002s ]
INFO: [ app_end ] --START--
INFO: Run Behavior\ShowPageTraceBehavior [ RunTime:0.000563s ]
INFO: [ app_end ] --END-- [ RunTime:0.000676s ]

[ 2017-03-13T15:28:10+08:00 ] 127.0.0.1 /index.php/Api/user/reg
INFO: [ app_init ] --START--
INFO: Run Behavior\BuildLiteBehavior [ RunTime:0.000030s ]
INFO: [ app_init ] --END-- [ RunTime:0.000682s ]
INFO: [ app_begin ] --START--
INFO: Run Behavior\ReadHtmlCacheBehavior [ RunTime:0.000454s ]
INFO: [ app_begin ] --END-- [ RunTime:0.000598s ]
SQL: SHOW COLUMNS FROM `user` [ RunTime:0.0067s ]
SQL: SHOW COLUMNS FROM `user` [ RunTime:0.0061s ]
SQL: SELECT COUNT(*) AS tp_count FROM `user` WHERE `username` = '' LIMIT 1   [ RunTime:0.0007s ]
SQL: SELECT COUNT(*) AS tp_count FROM `user` WHERE `tel` = '' LIMIT 1   [ RunTime:0.0005s ]
INFO: [ app_end ] --START--
INFO: Run Behavior\ShowPageTraceBehavior [ RunTime:0.000457s ]
INFO: [ app_end ] --END-- [ RunTime:0.000571s ]

[ 2017-03-13T15:28:19+08:00 ] 127.0.0.1 /index.php/Api/user/reg
INFO: [ app_init ] --START--
INFO: Run Behavior\BuildLiteBehavior [ RunTime:0.000045s ]
INFO: [ app_init ] --END-- [ RunTime:0.000576s ]
INFO: [ app_begin ] --START--
INFO: Run Behavior\ReadHtmlCacheBehavior [ RunTime:0.000414s ]
INFO: [ app_begin ] --END-- [ RunTime:0.000540s ]
SQL: SHOW COLUMNS FROM `user` [ RunTime:0.0067s ]
SQL: SHOW COLUMNS FROM `user` [ RunTime:0.0059s ]
SQL: SELECT COUNT(*) AS tp_count FROM `user` WHERE `username` = '' LIMIT 1   [ RunTime:0.0004s ]
SQL: SELECT COUNT(*) AS tp_count FROM `user` WHERE `tel` = '' LIMIT 1   [ RunTime:0.0004s ]
INFO: [ app_end ] --START--
INFO: Run Behavior\ShowPageTraceBehavior [ RunTime:0.000463s ]
INFO: [ app_end ] --END-- [ RunTime:0.000576s ]

[ 2017-03-13T15:28:24+08:00 ] 127.0.0.1 /index.php/Api/user/reg
INFO: [ app_init ] --START--
INFO: Run Behavior\BuildLiteBehavior [ RunTime:0.000106s ]
INFO: [ app_init ] --END-- [ RunTime:0.001450s ]
INFO: [ app_begin ] --START--
INFO: Run Behavior\ReadHtmlCacheBehavior [ RunTime:0.000462s ]
INFO: [ app_begin ] --END-- [ RunTime:0.000608s ]
SQL: SHOW COLUMNS FROM `user` [ RunTime:0.0076s ]
SQL: SHOW COLUMNS FROM `user` [ RunTime:0.0061s ]
SQL: SELECT COUNT(*) AS tp_count FROM `user` WHERE `username` = '' LIMIT 1   [ RunTime:0.0009s ]
SQL: SELECT COUNT(*) AS tp_count FROM `user` WHERE `tel` = '' LIMIT 1   [ RunTime:0.0005s ]
INFO: [ app_end ] --START--
INFO: Run Behavior\ShowPageTraceBehavior [ RunTime:0.000470s ]
INFO: [ app_end ] --END-- [ RunTime:0.000600s ]

[ 2017-03-13T15:29:52+08:00 ] 127.0.0.1 /index.php/Api/user/reg
INFO: [ app_init ] --START--
INFO: Run Behavior\BuildLiteBehavior [ RunTime:0.000035s ]
INFO: [ app_init ] --END-- [ RunTime:0.000538s ]
INFO: [ app_begin ] --START--
INFO: Run Behavior\ReadHtmlCacheBehavior [ RunTime:0.000656s ]
INFO: [ app_begin ] --END-- [ RunTime:0.000800s ]
SQL: SHOW COLUMNS FROM `user` [ RunTime:0.0070s ]
SQL: SHOW COLUMNS FROM `user` [ RunTime:0.0067s ]
SQL: SELECT COUNT(*) AS tp_count FROM `user` WHERE `username` = '' LIMIT 1   [ RunTime:0.0006s ]
SQL: SELECT COUNT(*) AS tp_count FROM `user` WHERE `tel` = '' LIMIT 1   [ RunTime:0.0005s ]
INFO: [ app_end ] --START--
INFO: Run Behavior\ShowPageTraceBehavior [ RunTime:0.000686s ]
INFO: [ app_end ] --END-- [ RunTime:0.000853s ]

[ 2017-03-13T15:30:02+08:00 ] 127.0.0.1 /index.php/Api/user/reg
INFO: [ app_init ] --START--
INFO: Run Behavior\BuildLiteBehavior [ RunTime:0.000028s ]
INFO: [ app_init ] --END-- [ RunTime:0.000565s ]
INFO: [ app_begin ] --START--
INFO: Run Behavior\ReadHtmlCacheBehavior [ RunTime:0.000877s ]
INFO: [ app_begin ] --END-- [ RunTime:0.001100s ]
SQL: SHOW COLUMNS FROM `user` [ RunTime:0.0062s ]
SQL: SHOW COLUMNS FROM `user` [ RunTime:0.0063s ]
SQL: SELECT COUNT(*) AS tp_count FROM `user` WHERE `username` = '' LIMIT 1   [ RunTime:0.0003s ]
SQL: SELECT COUNT(*) AS tp_count FROM `user` WHERE `tel` = '' LIMIT 1   [ RunTime:0.0002s ]
INFO: [ app_end ] --START--
INFO: Run Behavior\ShowPageTraceBehavior [ RunTime:0.000494s ]
INFO: [ app_end ] --END-- [ RunTime:0.000617s ]

[ 2017-03-13T15:30:16+08:00 ] 127.0.0.1 /index.php/Api/user/reg
INFO: [ app_init ] --START--
INFO: Run Behavior\BuildLiteBehavior [ RunTime:0.000052s ]
INFO: [ app_init ] --END-- [ RunTime:0.001310s ]
INFO: [ app_begin ] --START--
INFO: Run Behavior\ReadHtmlCacheBehavior [ RunTime:0.000542s ]
INFO: [ app_begin ] --END-- [ RunTime:0.000692s ]
SQL: SHOW COLUMNS FROM `user` [ RunTime:0.0072s ]
SQL: SHOW COLUMNS FROM `user` [ RunTime:0.0062s ]
SQL: SELECT COUNT(*) AS tp_count FROM `user` WHERE `username` = '' LIMIT 1   [ RunTime:0.0004s ]
SQL: SELECT COUNT(*) AS tp_count FROM `user` WHERE `tel` = '' LIMIT 1   [ RunTime:0.0002s ]
SQL: SELECT COUNT(*) AS tp_count FROM `user` WHERE `tel` = '' LIMIT 1   [ RunTime:0.0003s ]
INFO: [ app_end ] --START--
INFO: Run Behavior\ShowPageTraceBehavior [ RunTime:0.000530s ]
INFO: [ app_end ] --END-- [ RunTime:0.000679s ]

[ 2017-03-13T15:30:43+08:00 ] 127.0.0.1 /index.php/Api/user/reg
INFO: [ app_init ] --START--
INFO: Run Behavior\BuildLiteBehavior [ RunTime:0.000030s ]
INFO: [ app_init ] --END-- [ RunTime:0.000444s ]
INFO: [ app_begin ] --START--
INFO: Run Behavior\ReadHtmlCacheBehavior [ RunTime:0.000891s ]
INFO: [ app_begin ] --END-- [ RunTime:0.001128s ]
SQL: SHOW COLUMNS FROM `user` [ RunTime:0.0073s ]
SQL: SHOW COLUMNS FROM `user` [ RunTime:0.0067s ]
SQL: SELECT COUNT(*) AS tp_count FROM `user` WHERE `username` = '' LIMIT 1   [ RunTime:0.0009s ]
SQL: SELECT COUNT(*) AS tp_count FROM `user` WHERE `tel` = '' LIMIT 1   [ RunTime:0.0008s ]
INFO: [ app_end ] --START--
INFO: Run Behavior\ShowPageTraceBehavior [ RunTime:0.000449s ]
INFO: [ app_end ] --END-- [ RunTime:0.000566s ]

[ 2017-03-13T15:31:14+08:00 ] 127.0.0.1 /index.php/Api/user/reg
INFO: [ app_init ] --START--
INFO: Run Behavior\BuildLiteBehavior [ RunTime:0.000027s ]
INFO: [ app_init ] --END-- [ RunTime:0.000514s ]
INFO: [ app_begin ] --START--
INFO: Run Behavior\ReadHtmlCacheBehavior [ RunTime:0.000374s ]
INFO: [ app_begin ] --END-- [ RunTime:0.000517s ]
SQL: SHOW COLUMNS FROM `user` [ RunTime:0.0070s ]
SQL: SHOW COLUMNS FROM `user` [ RunTime:0.0062s ]
SQL: SELECT COUNT(*) AS tp_count FROM `user` WHERE `username` = '' LIMIT 1   [ RunTime:0.0006s ]
SQL: SELECT COUNT(*) AS tp_count FROM `user` WHERE `tel` = '' LIMIT 1   [ RunTime:0.0005s ]
SQL: INSERT INTO `user` (`id`,`username`,`tel`,`password`) VALUES ('0','','','') [ RunTime:0.0710s ]
INFO: [ app_end ] --START--
INFO: Run Behavior\ShowPageTraceBehavior [ RunTime:0.000524s ]
INFO: [ app_end ] --END-- [ RunTime:0.000652s ]

[ 2017-03-13T15:35:31+08:00 ] 127.0.0.1 /index.php/Api/user/reg
INFO: [ app_init ] --START--
INFO: Run Behavior\BuildLiteBehavior [ RunTime:0.000042s ]
INFO: [ app_init ] --END-- [ RunTime:0.000620s ]
INFO: [ app_begin ] --START--
INFO: Run Behavior\ReadHtmlCacheBehavior [ RunTime:0.000511s ]
INFO: [ app_begin ] --END-- [ RunTime:0.000640s ]
SQL: SHOW COLUMNS FROM `user` [ RunTime:0.0064s ]
SQL: SHOW COLUMNS FROM `user` [ RunTime:0.0075s ]
SQL: SELECT COUNT(*) AS tp_count FROM `user` WHERE `username` = 'hahah' LIMIT 1   [ RunTime:0.0005s ]
SQL: SELECT COUNT(*) AS tp_count FROM `user` WHERE `tel` = '124644' LIMIT 1   [ RunTime:0.0004s ]
SQL: INSERT INTO `user` (`id`,`username`,`tel`,`password`) VALUES ('0','hahah','124644','1234') [ RunTime:0.0987s ]
INFO: [ app_end ] --START--
INFO: Run Behavior\ShowPageTraceBehavior [ RunTime:0.001435s ]
INFO: [ app_end ] --END-- [ RunTime:0.001755s ]

[ 2017-03-13T15:56:26+08:00 ] 127.0.0.1 /index.php/Api/user/reg
INFO: [ app_init ] --START--
INFO: Run Behavior\BuildLiteBehavior [ RunTime:0.000027s ]
INFO: [ app_init ] --END-- [ RunTime:0.000461s ]
INFO: [ app_begin ] --START--
INFO: Run Behavior\ReadHtmlCacheBehavior [ RunTime:0.000622s ]
INFO: [ app_begin ] --END-- [ RunTime:0.000757s ]
SQL: SHOW COLUMNS FROM `user` [ RunTime:0.0069s ]
SQL: SHOW COLUMNS FROM `user` [ RunTime:0.0068s ]
SQL: SELECT COUNT(*) AS tp_count FROM `user` WHERE `username` = 'hahah' LIMIT 1   [ RunTime:0.0008s ]
INFO: [ app_end ] --START--
INFO: Run Behavior\ShowPageTraceBehavior [ RunTime:0.000585s ]
INFO: [ app_end ] --END-- [ RunTime:0.000709s ]

[ 2017-03-13T15:57:11+08:00 ] 127.0.0.1 /index.php/Api/user/reg
INFO: [ app_init ] --START--
INFO: Run Behavior\BuildLiteBehavior [ RunTime:0.000042s ]
INFO: [ app_init ] --END-- [ RunTime:0.000534s ]
INFO: [ app_begin ] --START--
INFO: Run Behavior\ReadHtmlCacheBehavior [ RunTime:0.000573s ]
INFO: [ app_begin ] --END-- [ RunTime:0.000715s ]
SQL: SHOW COLUMNS FROM `user` [ RunTime:0.0065s ]
SQL: SHOW COLUMNS FROM `user` [ RunTime:0.0077s ]
SQL: SELECT COUNT(*) AS tp_count FROM `user` WHERE `username` = 'hahdah' LIMIT 1   [ RunTime:0.0006s ]
SQL: SELECT COUNT(*) AS tp_count FROM `user` WHERE `tel` = '1242644' LIMIT 1   [ RunTime:0.0003s ]
ERR: 1364:Field 'id' doesn't have a default value
 [ SQL语句 ] : INSERT INTO `user` (`username`,`tel`,`password`) VALUES ('hahdah','1242644','1234')
ERR: 1364:Field 'id' doesn't have a default value
 [ SQL语句 ] : INSERT INTO `user` (`username`,`tel`,`password`) VALUES ('hahdah','1242644','1234')

[ 2017-03-13T16:03:58+08:00 ] 127.0.0.1 /index.php/Api/user/reg
INFO: [ app_init ] --START--
INFO: Run Behavior\BuildLiteBehavior [ RunTime:0.000045s ]
INFO: [ app_init ] --END-- [ RunTime:0.000784s ]
INFO: [ app_begin ] --START--
INFO: Run Behavior\ReadHtmlCacheBehavior [ RunTime:0.000977s ]
INFO: [ app_begin ] --END-- [ RunTime:0.001252s ]
SQL: SHOW COLUMNS FROM `user` [ RunTime:0.2823s ]
SQL: SHOW COLUMNS FROM `user` [ RunTime:0.0185s ]
SQL: SELECT COUNT(*) AS tp_count FROM `user` WHERE `username` = 'hahdah' LIMIT 1   [ RunTime:0.0009s ]
SQL: SELECT COUNT(*) AS tp_count FROM `user` WHERE `tel` = '1242644' LIMIT 1   [ RunTime:0.0006s ]
SQL: INSERT INTO `user` (`id`,`username`,`tel`,`password`) VALUES ('0','hahdah','1242644','1234') [ RunTime:0.5705s ]
INFO: [ app_end ] --START--
INFO: Run Behavior\ShowPageTraceBehavior [ RunTime:0.000938s ]
INFO: [ app_end ] --END-- [ RunTime:0.001159s ]

[ 2017-03-13T16:22:58+08:00 ] 127.0.0.1 /index.php/Api/user/reg
INFO: [ app_init ] --START--
INFO: Run Behavior\BuildLiteBehavior [ RunTime:0.000050s ]
INFO: [ app_init ] --END-- [ RunTime:0.000603s ]
INFO: [ app_begin ] --START--
INFO: Run Behavior\ReadHtmlCacheBehavior [ RunTime:0.000953s ]
INFO: [ app_begin ] --END-- [ RunTime:0.001146s ]
SQL: SHOW COLUMNS FROM `user` [ RunTime:0.0084s ]
SQL: SHOW COLUMNS FROM `user` [ RunTime:0.0069s ]
SQL: SELECT COUNT(*) AS tp_count FROM `user` WHERE `username` = 'hahdah' LIMIT 1   [ RunTime:0.0009s ]
INFO: [ app_end ] --START--
INFO: Run Behavior\ShowPageTraceBehavior [ RunTime:0.000759s ]
INFO: [ app_end ] --END-- [ RunTime:0.000913s ]

[ 2017-03-13T16:23:05+08:00 ] 127.0.0.1 /index.php/Api/user/reg
INFO: [ app_init ] --START--
INFO: Run Behavior\BuildLiteBehavior [ RunTime:0.000026s ]
INFO: [ app_init ] --END-- [ RunTime:0.000506s ]
INFO: [ app_begin ] --START--
INFO: Run Behavior\ReadHtmlCacheBehavior [ RunTime:0.000529s ]
INFO: [ app_begin ] --END-- [ RunTime:0.000649s ]
SQL: SHOW COLUMNS FROM `user` [ RunTime:0.0126s ]
SQL: SHOW COLUMNS FROM `user` [ RunTime:0.0060s ]
SQL: SELECT COUNT(*) AS tp_count FROM `user` WHERE `username` = 'hahd2ah' LIMIT 1   [ RunTime:0.0003s ]
SQL: SELECT COUNT(*) AS tp_count FROM `user` WHERE `tel` = '1242644' LIMIT 1   [ RunTime:0.0002s ]
INFO: [ app_end ] --START--
INFO: Run Behavior\ShowPageTraceBehavior [ RunTime:0.000468s ]
INFO: [ app_end ] --END-- [ RunTime:0.000596s ]

[ 2017-03-13T16:23:22+08:00 ] 127.0.0.1 /index.php/Api/user/reg
INFO: [ app_init ] --START--
INFO: Run Behavior\BuildLiteBehavior [ RunTime:0.000046s ]
INFO: [ app_init ] --END-- [ RunTime:0.000742s ]
INFO: [ app_begin ] --START--
INFO: Run Behavior\ReadHtmlCacheBehavior [ RunTime:0.000643s ]
INFO: [ app_begin ] --END-- [ RunTime:0.000814s ]
SQL: SHOW COLUMNS FROM `user` [ RunTime:0.0076s ]
SQL: SHOW COLUMNS FROM `user` [ RunTime:0.0059s ]
SQL: SELECT COUNT(*) AS tp_count FROM `user` WHERE `username` = 'hahd2ah' LIMIT 1   [ RunTime:0.0004s ]
SQL: SELECT COUNT(*) AS tp_count FROM `user` WHERE `tel` = '1242644' LIMIT 1   [ RunTime:0.0002s ]
INFO: [ app_end ] --START--
INFO: Run Behavior\ShowPageTraceBehavior [ RunTime:0.000472s ]
INFO: [ app_end ] --END-- [ RunTime:0.000590s ]

[ 2017-03-13T16:23:29+08:00 ] 127.0.0.1 /index.php/Api/user/reg
INFO: [ app_init ] --START--
INFO: Run Behavior\BuildLiteBehavior [ RunTime:0.000028s ]
INFO: [ app_init ] --END-- [ RunTime:0.000493s ]
INFO: [ app_begin ] --START--
INFO: Run Behavior\ReadHtmlCacheBehavior [ RunTime:0.000565s ]
INFO: [ app_begin ] --END-- [ RunTime:0.000708s ]
SQL: SHOW COLUMNS FROM `user` [ RunTime:0.0076s ]
SQL: SHOW COLUMNS FROM `user` [ RunTime:0.0068s ]
SQL: SELECT COUNT(*) AS tp_count FROM `user` WHERE `username` = 'hahd2ah' LIMIT 1   [ RunTime:0.0008s ]
SQL: SELECT COUNT(*) AS tp_count FROM `user` WHERE `tel` = '1242644' LIMIT 1   [ RunTime:0.0006s ]
INFO: [ app_end ] --START--
INFO: Run Behavior\ShowPageTraceBehavior [ RunTime:0.000553s ]
INFO: [ app_end ] --END-- [ RunTime:0.000666s ]

[ 2017-03-13T16:23:29+08:00 ] 127.0.0.1 /index.php/Api/user/reg
INFO: [ app_init ] --START--
INFO: Run Behavior\BuildLiteBehavior [ RunTime:0.000026s ]
INFO: [ app_init ] --END-- [ RunTime:0.000515s ]
INFO: [ app_begin ] --START--
INFO: Run Behavior\ReadHtmlCacheBehavior [ RunTime:0.000567s ]
INFO: [ app_begin ] --END-- [ RunTime:0.000717s ]
SQL: SHOW COLUMNS FROM `user` [ RunTime:0.0063s ]
SQL: SHOW COLUMNS FROM `user` [ RunTime:0.0080s ]
SQL: SELECT COUNT(*) AS tp_count FROM `user` WHERE `username` = 'hahd2ah' LIMIT 1   [ RunTime:0.0004s ]
SQL: SELECT COUNT(*) AS tp_count FROM `user` WHERE `tel` = '1242644' LIMIT 1   [ RunTime:0.0003s ]
INFO: [ app_end ] --START--
INFO: Run Behavior\ShowPageTraceBehavior [ RunTime:0.000495s ]
INFO: [ app_end ] --END-- [ RunTime:0.000613s ]

[ 2017-03-13T16:23:30+08:00 ] 127.0.0.1 /index.php/Api/user/reg
INFO: [ app_init ] --START--
INFO: Run Behavior\BuildLiteBehavior [ RunTime:0.000035s ]
INFO: [ app_init ] --END-- [ RunTime:0.000711s ]
INFO: [ app_begin ] --START--
INFO: Run Behavior\ReadHtmlCacheBehavior [ RunTime:0.000617s ]
INFO: [ app_begin ] --END-- [ RunTime:0.000768s ]
SQL: SHOW COLUMNS FROM `user` [ RunTime:0.0076s ]
SQL: SHOW COLUMNS FROM `user` [ RunTime:0.0078s ]
SQL: SELECT COUNT(*) AS tp_count FROM `user` WHERE `username` = 'hahd2ah' LIMIT 1   [ RunTime:0.0006s ]
SQL: SELECT COUNT(*) AS tp_count FROM `user` WHERE `tel` = '1242644' LIMIT 1   [ RunTime:0.0004s ]
INFO: [ app_end ] --START--
INFO: Run Behavior\ShowPageTraceBehavior [ RunTime:0.000516s ]
INFO: [ app_end ] --END-- [ RunTime:0.000621s ]

[ 2017-03-13T16:23:35+08:00 ] 127.0.0.1 /index.php/Api/user/reg
INFO: [ app_init ] --START--
INFO: Run Behavior\BuildLiteBehavior [ RunTime:0.000043s ]
INFO: [ app_init ] --END-- [ RunTime:0.000712s ]
INFO: [ app_begin ] --START--
INFO: Run Behavior\ReadHtmlCacheBehavior [ RunTime:0.000456s ]
INFO: [ app_begin ] --END-- [ RunTime:0.000639s ]
SQL: SHOW COLUMNS FROM `user` [ RunTime:0.0073s ]
SQL: SHOW COLUMNS FROM `user` [ RunTime:0.0070s ]
SQL: SELECT COUNT(*) AS tp_count FROM `user` WHERE `username` = 'hahd32ah' LIMIT 1   [ RunTime:0.0008s ]
SQL: SELECT COUNT(*) AS tp_count FROM `user` WHERE `tel` = '1242644' LIMIT 1   [ RunTime:0.0006s ]
INFO: [ app_end ] --START--
INFO: Run Behavior\ShowPageTraceBehavior [ RunTime:0.000472s ]
INFO: [ app_end ] --END-- [ RunTime:0.000592s ]

[ 2017-03-13T16:24:58+08:00 ] 127.0.0.1 /index.php/Api/user/reg
INFO: [ app_init ] --START--
INFO: Run Behavior\BuildLiteBehavior [ RunTime:0.000031s ]
INFO: [ app_init ] --END-- [ RunTime:0.000489s ]
INFO: [ app_begin ] --START--
INFO: Run Behavior\ReadHtmlCacheBehavior [ RunTime:0.000422s ]
INFO: [ app_begin ] --END-- [ RunTime:0.000546s ]
SQL: SHOW COLUMNS FROM `user` [ RunTime:0.0060s ]
SQL: SHOW COLUMNS FROM `user` [ RunTime:0.0086s ]
SQL: SELECT COUNT(*) AS tp_count FROM `user` WHERE `username` = '' LIMIT 1   [ RunTime:0.0006s ]
SQL: SELECT COUNT(*) AS tp_count FROM `user` WHERE `tel` = '' LIMIT 1   [ RunTime:0.0005s ]
INFO: [ app_end ] --START--
INFO: Run Behavior\ShowPageTraceBehavior [ RunTime:0.000575s ]
INFO: [ app_end ] --END-- [ RunTime:0.000693s ]

[ 2017-03-13T16:25:04+08:00 ] 127.0.0.1 /index.php/Api/user/reg
INFO: [ app_init ] --START--
INFO: Run Behavior\BuildLiteBehavior [ RunTime:0.000066s ]
INFO: [ app_init ] --END-- [ RunTime:0.001000s ]
INFO: [ app_begin ] --START--
INFO: Run Behavior\ReadHtmlCacheBehavior [ RunTime:0.000603s ]
INFO: [ app_begin ] --END-- [ RunTime:0.000789s ]
SQL: SHOW COLUMNS FROM `user` [ RunTime:0.0066s ]
SQL: SHOW COLUMNS FROM `user` [ RunTime:0.0063s ]
SQL: SELECT COUNT(*) AS tp_count FROM `user` WHERE `username` = 'hahd2ah' LIMIT 1   [ RunTime:0.0007s ]
SQL: SELECT COUNT(*) AS tp_count FROM `user` WHERE `tel` = '1242644' LIMIT 1   [ RunTime:0.0005s ]
INFO: [ app_end ] --START--
INFO: Run Behavior\ShowPageTraceBehavior [ RunTime:0.000616s ]
INFO: [ app_end ] --END-- [ RunTime:0.000729s ]

[ 2017-03-13T16:25:09+08:00 ] 127.0.0.1 /index.php/Api/user/reg
INFO: [ app_init ] --START--
INFO: Run Behavior\BuildLiteBehavior [ RunTime:0.000060s ]
INFO: [ app_init ] --END-- [ RunTime:0.000770s ]
INFO: [ app_begin ] --START--
INFO: Run Behavior\ReadHtmlCacheBehavior [ RunTime:0.000601s ]
INFO: [ app_begin ] --END-- [ RunTime:0.000803s ]
SQL: SHOW COLUMNS FROM `user` [ RunTime:0.0060s ]
SQL: SHOW COLUMNS FROM `user` [ RunTime:0.0066s ]
SQL: SELECT COUNT(*) AS tp_count FROM `user` WHERE `username` = 'hahd2ah' LIMIT 1   [ RunTime:0.0009s ]
SQL: SELECT COUNT(*) AS tp_count FROM `user` WHERE `tel` = '1242644' LIMIT 1   [ RunTime:0.0006s ]
INFO: [ app_end ] --START--
INFO: Run Behavior\ShowPageTraceBehavior [ RunTime:0.000543s ]
INFO: [ app_end ] --END-- [ RunTime:0.000670s ]

[ 2017-03-13T16:25:20+08:00 ] 127.0.0.1 /index.php/Api/user/reg
INFO: [ app_init ] --START--
INFO: Run Behavior\BuildLiteBehavior [ RunTime:0.000025s ]
INFO: [ app_init ] --END-- [ RunTime:0.000387s ]
INFO: [ app_begin ] --START--
INFO: Run Behavior\ReadHtmlCacheBehavior [ RunTime:0.000382s ]
INFO: [ app_begin ] --END-- [ RunTime:0.000501s ]
SQL: SHOW COLUMNS FROM `user` [ RunTime:0.0067s ]
SQL: SHOW COLUMNS FROM `user` [ RunTime:0.0065s ]
SQL: SELECT COUNT(*) AS tp_count FROM `user` WHERE `username` = 'hahd2ah' LIMIT 1   [ RunTime:0.0003s ]
SQL: SELECT COUNT(*) AS tp_count FROM `user` WHERE `tel` = '124260044' LIMIT 1   [ RunTime:0.0003s ]
NOTIC: [8] Undefined index: validate E:\wamp\www\pinin\ThinkPHP\Library\Think\Model.class.php 第 1185 行.
NOTIC: [8] Undefined index: auto E:\wamp\www\pinin\ThinkPHP\Library\Think\Model.class.php 第 1128 行.
ERR: 1364:Field 'id' doesn't have a default value
 [ SQL语句 ] : INSERT INTO `user` (`username`,`tel`,`password`) VALUES ('hahd2ah','124260044','1234')
ERR: 1364:Field 'id' doesn't have a default value
 [ SQL语句 ] : INSERT INTO `user` (`username`,`tel`,`password`) VALUES ('hahd2ah','124260044','1234')

[ 2017-03-13T16:25:57+08:00 ] 127.0.0.1 /index.php/Api/user/reg
INFO: [ app_init ] --START--
INFO: Run Behavior\BuildLiteBehavior [ RunTime:0.000027s ]
INFO: [ app_init ] --END-- [ RunTime:0.000409s ]
INFO: [ app_begin ] --START--
INFO: Run Behavior\ReadHtmlCacheBehavior [ RunTime:0.000408s ]
INFO: [ app_begin ] --END-- [ RunTime:0.000540s ]
SQL: SHOW COLUMNS FROM `user` [ RunTime:0.0073s ]
SQL: SHOW COLUMNS FROM `user` [ RunTime:0.0081s ]
SQL: SELECT COUNT(*) AS tp_count FROM `user` WHERE `username` = 'hahd2ah' LIMIT 1   [ RunTime:0.0004s ]
SQL: SELECT COUNT(*) AS tp_count FROM `user` WHERE `tel` = '124260044' LIMIT 1   [ RunTime:0.0003s ]
SQL: INSERT INTO `user` (`id`,`username`,`tel`,`password`) VALUES ('0','hahd2ah','124260044','1234') [ RunTime:0.0975s ]
INFO: [ app_end ] --START--
INFO: Run Behavior\ShowPageTraceBehavior [ RunTime:0.001310s ]
INFO: [ app_end ] --END-- [ RunTime:0.001658s ]

[ 2017-03-13T16:26:21+08:00 ] 127.0.0.1 /index.php/Api/user/reg
INFO: [ app_init ] --START--
INFO: Run Behavior\BuildLiteBehavior [ RunTime:0.000028s ]
INFO: [ app_init ] --END-- [ RunTime:0.000633s ]
INFO: [ app_begin ] --START--
INFO: Run Behavior\ReadHtmlCacheBehavior [ RunTime:0.000553s ]
INFO: [ app_begin ] --END-- [ RunTime:0.000732s ]
SQL: SHOW COLUMNS FROM `user` [ RunTime:0.0080s ]
SQL: SHOW COLUMNS FROM `user` [ RunTime:0.0063s ]
SQL: SELECT COUNT(*) AS tp_count FROM `user` WHERE `username` = 'hahd2ah' LIMIT 1   [ RunTime:0.0007s ]
INFO: [ app_end ] --START--
INFO: Run Behavior\ShowPageTraceBehavior [ RunTime:0.000508s ]
INFO: [ app_end ] --END-- [ RunTime:0.000635s ]

[ 2017-03-13T16:26:52+08:00 ] 127.0.0.1 /index.php/Api/user/reg
INFO: [ app_init ] --START--
INFO: Run Behavior\BuildLiteBehavior [ RunTime:0.000044s ]
INFO: [ app_init ] --END-- [ RunTime:0.000562s ]
INFO: [ app_begin ] --START--
INFO: Run Behavior\ReadHtmlCacheBehavior [ RunTime:0.000570s ]
INFO: [ app_begin ] --END-- [ RunTime:0.000741s ]
SQL: SHOW COLUMNS FROM `user` [ RunTime:0.0071s ]
SQL: SHOW COLUMNS FROM `user` [ RunTime:0.0071s ]
SQL: SELECT COUNT(*) AS tp_count FROM `user` WHERE `username` = 'h1ahd2ah' LIMIT 1   [ RunTime:0.0011s ]
SQL: SELECT COUNT(*) AS tp_count FROM `user` WHERE `tel` = '124260044' LIMIT 1   [ RunTime:0.0007s ]
INFO: [ app_end ] --START--
INFO: Run Behavior\ShowPageTraceBehavior [ RunTime:0.000499s ]
INFO: [ app_end ] --END-- [ RunTime:0.000613s ]

[ 2017-03-13T16:27:07+08:00 ] 127.0.0.1 /index.php/Api/user/reg
INFO: [ app_init ] --START--
INFO: Run Behavior\BuildLiteBehavior [ RunTime:0.000055s ]
INFO: [ app_init ] --END-- [ RunTime:0.000627s ]
INFO: [ app_begin ] --START--
INFO: Run Behavior\ReadHtmlCacheBehavior [ RunTime:0.000624s ]
INFO: [ app_begin ] --END-- [ RunTime:0.000764s ]
SQL: SHOW COLUMNS FROM `user` [ RunTime:0.0075s ]
SQL: SHOW COLUMNS FROM `user` [ RunTime:0.0071s ]
SQL: SELECT COUNT(*) AS tp_count FROM `user` WHERE `username` = 'h1ahd2ah' LIMIT 1   [ RunTime:0.0005s ]
SQL: SELECT COUNT(*) AS tp_count FROM `user` WHERE `tel` = '124260044' LIMIT 1   [ RunTime:0.0003s ]
INFO: [ app_end ] --START--
INFO: Run Behavior\ShowPageTraceBehavior [ RunTime:0.000640s ]
INFO: [ app_end ] --END-- [ RunTime:0.000766s ]

[ 2017-03-13T16:27:09+08:00 ] 127.0.0.1 /index.php/Api/user/reg
INFO: [ app_init ] --START--
INFO: Run Behavior\BuildLiteBehavior [ RunTime:0.000025s ]
INFO: [ app_init ] --END-- [ RunTime:0.000418s ]
INFO: [ app_begin ] --START--
INFO: Run Behavior\ReadHtmlCacheBehavior [ RunTime:0.000619s ]
INFO: [ app_begin ] --END-- [ RunTime:0.000803s ]
SQL: SHOW COLUMNS FROM `user` [ RunTime:0.0073s ]
SQL: SHOW COLUMNS FROM `user` [ RunTime:0.0063s ]
SQL: SELECT COUNT(*) AS tp_count FROM `user` WHERE `username` = 'h1ahd2ah' LIMIT 1   [ RunTime:0.0007s ]
SQL: SELECT COUNT(*) AS tp_count FROM `user` WHERE `tel` = '124260044' LIMIT 1   [ RunTime:0.0005s ]
INFO: [ app_end ] --START--
INFO: Run Behavior\ShowPageTraceBehavior [ RunTime:0.000499s ]
INFO: [ app_end ] --END-- [ RunTime:0.000614s ]

[ 2017-03-13T16:27:10+08:00 ] 127.0.0.1 /index.php/Api/user/reg
INFO: [ app_init ] --START--
INFO: Run Behavior\BuildLiteBehavior [ RunTime:0.000040s ]
INFO: [ app_init ] --END-- [ RunTime:0.000478s ]
INFO: [ app_begin ] --START--
INFO: Run Behavior\ReadHtmlCacheBehavior [ RunTime:0.000456s ]
INFO: [ app_begin ] --END-- [ RunTime:0.000612s ]
SQL: SHOW COLUMNS FROM `user` [ RunTime:0.0066s ]
SQL: SHOW COLUMNS FROM `user` [ RunTime:0.0065s ]
SQL: SELECT COUNT(*) AS tp_count FROM `user` WHERE `username` = 'h1ahd2ah' LIMIT 1   [ RunTime:0.0003s ]
SQL: SELECT COUNT(*) AS tp_count FROM `user` WHERE `tel` = '124260044' LIMIT 1   [ RunTime:0.0002s ]
INFO: [ app_end ] --START--
INFO: Run Behavior\ShowPageTraceBehavior [ RunTime:0.000495s ]
INFO: [ app_end ] --END-- [ RunTime:0.000610s ]

[ 2017-03-13T16:27:10+08:00 ] 127.0.0.1 /index.php/Api/user/reg
INFO: [ app_init ] --START--
INFO: Run Behavior\BuildLiteBehavior [ RunTime:0.000025s ]
INFO: [ app_init ] --END-- [ RunTime:0.000363s ]
INFO: [ app_begin ] --START--
INFO: Run Behavior\ReadHtmlCacheBehavior [ RunTime:0.000414s ]
INFO: [ app_begin ] --END-- [ RunTime:0.000563s ]
SQL: SHOW COLUMNS FROM `user` [ RunTime:0.0075s ]
SQL: SHOW COLUMNS FROM `user` [ RunTime:0.0074s ]
SQL: SELECT COUNT(*) AS tp_count FROM `user` WHERE `username` = 'h1ahd2ah' LIMIT 1   [ RunTime:0.0008s ]
SQL: SELECT COUNT(*) AS tp_count FROM `user` WHERE `tel` = '124260044' LIMIT 1   [ RunTime:0.0007s ]
INFO: [ app_end ] --START--
INFO: Run Behavior\ShowPageTraceBehavior [ RunTime:0.000572s ]
INFO: [ app_end ] --END-- [ RunTime:0.000682s ]

[ 2017-03-13T16:27:10+08:00 ] 127.0.0.1 /index.php/Api/user/reg
INFO: [ app_init ] --START--
INFO: Run Behavior\BuildLiteBehavior [ RunTime:0.000091s ]
INFO: [ app_init ] --END-- [ RunTime:0.001096s ]
INFO: [ app_begin ] --START--
INFO: Run Behavior\ReadHtmlCacheBehavior [ RunTime:0.000468s ]
INFO: [ app_begin ] --END-- [ RunTime:0.000601s ]
SQL: SHOW COLUMNS FROM `user` [ RunTime:0.0065s ]
SQL: SHOW COLUMNS FROM `user` [ RunTime:0.0066s ]
SQL: SELECT COUNT(*) AS tp_count FROM `user` WHERE `username` = 'h1ahd2ah' LIMIT 1   [ RunTime:0.0006s ]
SQL: SELECT COUNT(*) AS tp_count FROM `user` WHERE `tel` = '124260044' LIMIT 1   [ RunTime:0.0004s ]
INFO: [ app_end ] --START--
INFO: Run Behavior\ShowPageTraceBehavior [ RunTime:0.000462s ]
INFO: [ app_end ] --END-- [ RunTime:0.000588s ]

[ 2017-03-13T16:27:10+08:00 ] 127.0.0.1 /index.php/Api/user/reg
INFO: [ app_init ] --START--
INFO: Run Behavior\BuildLiteBehavior [ RunTime:0.000025s ]
INFO: [ app_init ] --END-- [ RunTime:0.000379s ]
INFO: [ app_begin ] --START--
INFO: Run Behavior\ReadHtmlCacheBehavior [ RunTime:0.000358s ]
INFO: [ app_begin ] --END-- [ RunTime:0.000476s ]
SQL: SHOW COLUMNS FROM `user` [ RunTime:0.0481s ]
SQL: SHOW COLUMNS FROM `user` [ RunTime:0.0065s ]
SQL: SELECT COUNT(*) AS tp_count FROM `user` WHERE `username` = 'h1ahd2ah' LIMIT 1   [ RunTime:0.0008s ]
SQL: SELECT COUNT(*) AS tp_count FROM `user` WHERE `tel` = '124260044' LIMIT 1   [ RunTime:0.0007s ]
INFO: [ app_end ] --START--
INFO: Run Behavior\ShowPageTraceBehavior [ RunTime:0.000654s ]
INFO: [ app_end ] --END-- [ RunTime:0.000811s ]

[ 2017-03-13T16:27:11+08:00 ] 127.0.0.1 /index.php/Api/user/reg
INFO: [ app_init ] --START--
INFO: Run Behavior\BuildLiteBehavior [ RunTime:0.000026s ]
INFO: [ app_init ] --END-- [ RunTime:0.000493s ]
INFO: [ app_begin ] --START--
INFO: Run Behavior\ReadHtmlCacheBehavior [ RunTime:0.000397s ]
INFO: [ app_begin ] --END-- [ RunTime:0.000505s ]
SQL: SHOW COLUMNS FROM `user` [ RunTime:0.0068s ]
SQL: SHOW COLUMNS FROM `user` [ RunTime:0.0079s ]
SQL: SELECT COUNT(*) AS tp_count FROM `user` WHERE `username` = 'h1ahd2ah' LIMIT 1   [ RunTime:0.0009s ]
SQL: SELECT COUNT(*) AS tp_count FROM `user` WHERE `tel` = '124260044' LIMIT 1   [ RunTime:0.0008s ]
INFO: [ app_end ] --START--
INFO: Run Behavior\ShowPageTraceBehavior [ RunTime:0.000469s ]
INFO: [ app_end ] --END-- [ RunTime:0.000582s ]

[ 2017-03-13T16:27:24+08:00 ] 127.0.0.1 /index.php/Api/user/reg
INFO: [ app_init ] --START--
INFO: Run Behavior\BuildLiteBehavior [ RunTime:0.000027s ]
INFO: [ app_init ] --END-- [ RunTime:0.000508s ]
INFO: [ app_begin ] --START--
INFO: Run Behavior\ReadHtmlCacheBehavior [ RunTime:0.000465s ]
INFO: [ app_begin ] --END-- [ RunTime:0.000606s ]
SQL: SHOW COLUMNS FROM `user` [ RunTime:0.0064s ]
SQL: SHOW COLUMNS FROM `user` [ RunTime:0.0077s ]
SQL: SELECT COUNT(*) AS tp_count FROM `user` WHERE `username` = 'h1ahd2ah' LIMIT 1   [ RunTime:0.0009s ]
SQL: SELECT COUNT(*) AS tp_count FROM `user` WHERE `tel` = '12426004' LIMIT 1   [ RunTime:0.0008s ]
ERR: 1062:Duplicate entry '9' for key 'PRIMARY'
 [ SQL语句 ] : INSERT INTO `user` (`id`,`username`,`tel`,`password`) VALUES ('0','h1ahd2ah','12426004','1234')
ERR: 1062:Duplicate entry '9' for key 'PRIMARY'
 [ SQL语句 ] : INSERT INTO `user` (`id`,`username`,`tel`,`password`) VALUES ('0','h1ahd2ah','12426004','1234')

[ 2017-03-13T16:27:51+08:00 ] 127.0.0.1 /index.php/Api/user/reg
INFO: [ app_init ] --START--
INFO: Run Behavior\BuildLiteBehavior [ RunTime:0.000025s ]
INFO: [ app_init ] --END-- [ RunTime:0.000399s ]
INFO: [ app_begin ] --START--
INFO: Run Behavior\ReadHtmlCacheBehavior [ RunTime:0.000599s ]
INFO: [ app_begin ] --END-- [ RunTime:0.000760s ]
SQL: SHOW COLUMNS FROM `user` [ RunTime:0.0072s ]
SQL: SHOW COLUMNS FROM `user` [ RunTime:0.0092s ]
SQL: SELECT COUNT(*) AS tp_count FROM `user` WHERE `username` = 'h1ahd2ah' LIMIT 1   [ RunTime:0.0009s ]
SQL: SELECT COUNT(*) AS tp_count FROM `user` WHERE `tel` = '12426004' LIMIT 1   [ RunTime:0.0007s ]
ERR: 1062:Duplicate entry '9' for key 'PRIMARY'
 [ SQL语句 ] : INSERT INTO `user` (`id`,`username`,`tel`,`password`) VALUES ('10','h1ahd2ah','12426004','1234')
ERR: 1062:Duplicate entry '9' for key 'PRIMARY'
 [ SQL语句 ] : INSERT INTO `user` (`id`,`username`,`tel`,`password`) VALUES ('10','h1ahd2ah','12426004','1234')

[ 2017-03-13T17:03:08+08:00 ] 192.168.1.108 /index.php/api/user/reg
INFO: [ app_init ] --START--
INFO: Run Behavior\BuildLiteBehavior [ RunTime:0.000144s ]
INFO: [ app_init ] --END-- [ RunTime:0.001086s ]
INFO: [ app_begin ] --START--
INFO: Run Behavior\ReadHtmlCacheBehavior [ RunTime:0.000945s ]
INFO: [ app_begin ] --END-- [ RunTime:0.001204s ]
INFO: [ app_end ] --START--
INFO: Run Behavior\ShowPageTraceBehavior [ RunTime:0.000902s ]
INFO: [ app_end ] --END-- [ RunTime:0.001139s ]

[ 2017-03-13T18:59:39+08:00 ] 127.0.0.1 /index.php/Api/user/login
INFO: [ app_init ] --START--
INFO: Run Behavior\BuildLiteBehavior [ RunTime:0.000033s ]
INFO: [ app_init ] --END-- [ RunTime:0.015227s ]
INFO: [ app_begin ] --START--
INFO: Run Behavior\ReadHtmlCacheBehavior [ RunTime:0.015562s ]
INFO: [ app_begin ] --END-- [ RunTime:0.015775s ]
NOTIC: [8] Use of undefined constant IS_POSR - assumed 'IS_POSR' E:\wamp\www\pinin\Application\Api\Controller\UserController.class.php 第 12 行.
SQL: SHOW COLUMNS FROM `user` [ RunTime:0.0078s ]
SQL: SHOW COLUMNS FROM `user` [ RunTime:0.0067s ]
SQL: SELECT * FROM `user` WHERE `username` = '11' AND `password` = '11'  [ RunTime:0.0010s ]
INFO: [ app_end ] --START--
INFO: Run Behavior\ShowPageTraceBehavior [ RunTime:0.028820s ]
INFO: [ app_end ] --END-- [ RunTime:0.029010s ]

[ 2017-03-13T19:00:18+08:00 ] 127.0.0.1 /index.php/Api/user/login
INFO: [ app_init ] --START--
INFO: Run Behavior\BuildLiteBehavior [ RunTime:0.000027s ]
INFO: [ app_init ] --END-- [ RunTime:0.000428s ]
INFO: [ app_begin ] --START--
INFO: Run Behavior\ReadHtmlCacheBehavior [ RunTime:0.000671s ]
INFO: [ app_begin ] --END-- [ RunTime:0.000884s ]
SQL: SHOW COLUMNS FROM `user` [ RunTime:0.0060s ]
SQL: SHOW COLUMNS FROM `user` [ RunTime:0.0066s ]
SQL: SELECT * FROM `user` WHERE `username` = '11' AND `password` = '11'  [ RunTime:0.0009s ]
INFO: [ app_end ] --START--
INFO: Run Behavior\ShowPageTraceBehavior [ RunTime:0.000479s ]
INFO: [ app_end ] --END-- [ RunTime:0.000615s ]

[ 2017-03-13T19:00:19+08:00 ] 127.0.0.1 /index.php/Api/user/login
INFO: [ app_init ] --START--
INFO: Run Behavior\BuildLiteBehavior [ RunTime:0.000026s ]
INFO: [ app_init ] --END-- [ RunTime:0.000387s ]
INFO: [ app_begin ] --START--
INFO: Run Behavior\ReadHtmlCacheBehavior [ RunTime:0.000470s ]
INFO: [ app_begin ] --END-- [ RunTime:0.000637s ]
SQL: SHOW COLUMNS FROM `user` [ RunTime:0.0065s ]
SQL: SHOW COLUMNS FROM `user` [ RunTime:0.0079s ]
SQL: SELECT * FROM `user` WHERE `username` = '11' AND `password` = '11'  [ RunTime:0.0008s ]
INFO: [ app_end ] --START--
INFO: Run Behavior\ShowPageTraceBehavior [ RunTime:0.000494s ]
INFO: [ app_end ] --END-- [ RunTime:0.000621s ]

[ 2017-03-13T19:00:38+08:00 ] 127.0.0.1 /index.php/Api/user/login
INFO: [ app_init ] --START--
INFO: Run Behavior\BuildLiteBehavior [ RunTime:0.000045s ]
INFO: [ app_init ] --END-- [ RunTime:0.000753s ]
INFO: [ app_begin ] --START--
INFO: Run Behavior\ReadHtmlCacheBehavior [ RunTime:0.000618s ]
INFO: [ app_begin ] --END-- [ RunTime:0.000854s ]
SQL: SHOW COLUMNS FROM `user` [ RunTime:0.0063s ]
SQL: SHOW COLUMNS FROM `user` [ RunTime:0.0061s ]
SQL: SELECT * FROM `user` WHERE `username` = '11' AND `password` = '11'  [ RunTime:0.0007s ]
INFO: [ app_end ] --START--
INFO: Run Behavior\ShowPageTraceBehavior [ RunTime:0.000462s ]
INFO: [ app_end ] --END-- [ RunTime:0.000582s ]

[ 2017-03-13T19:00:39+08:00 ] 127.0.0.1 /index.php/Api/user/login
INFO: [ app_init ] --START--
INFO: Run Behavior\BuildLiteBehavior [ RunTime:0.000042s ]
INFO: [ app_init ] --END-- [ RunTime:0.000983s ]
INFO: [ app_begin ] --START--
INFO: Run Behavior\ReadHtmlCacheBehavior [ RunTime:0.000716s ]
INFO: [ app_begin ] --END-- [ RunTime:0.000950s ]
SQL: SHOW COLUMNS FROM `user` [ RunTime:0.0076s ]
SQL: SHOW COLUMNS FROM `user` [ RunTime:0.0062s ]
SQL: SELECT * FROM `user` WHERE `username` = '11' AND `password` = '11'  [ RunTime:0.0007s ]
INFO: [ app_end ] --START--
INFO: Run Behavior\ShowPageTraceBehavior [ RunTime:0.000467s ]
INFO: [ app_end ] --END-- [ RunTime:0.000627s ]

[ 2017-03-13T19:00:50+08:00 ] 127.0.0.1 /index.php/Api/user/login
INFO: [ app_init ] --START--
INFO: Run Behavior\BuildLiteBehavior [ RunTime:0.000024s ]
INFO: [ app_init ] --END-- [ RunTime:0.000345s ]
INFO: [ app_begin ] --START--
INFO: Run Behavior\ReadHtmlCacheBehavior [ RunTime:0.000375s ]
INFO: [ app_begin ] --END-- [ RunTime:0.000483s ]
NOTIC: [8] Undefined variable: result E:\wamp\www\pinin\Application\Api\Controller\UserController.class.php 第 21 行.
INFO: [ app_end ] --START--
INFO: Run Behavior\ShowPageTraceBehavior [ RunTime:0.000540s ]
INFO: [ app_end ] --END-- [ RunTime:0.000698s ]

[ 2017-03-13T19:00:50+08:00 ] 127.0.0.1 /index.php/Api/user/login
INFO: [ app_init ] --START--
INFO: Run Behavior\BuildLiteBehavior [ RunTime:0.000024s ]
INFO: [ app_init ] --END-- [ RunTime:0.000380s ]
INFO: [ app_begin ] --START--
INFO: Run Behavior\ReadHtmlCacheBehavior [ RunTime:0.000435s ]
INFO: [ app_begin ] --END-- [ RunTime:0.000546s ]
NOTIC: [8] Undefined variable: result E:\wamp\www\pinin\Application\Api\Controller\UserController.class.php 第 21 行.
INFO: [ app_end ] --START--
INFO: Run Behavior\ShowPageTraceBehavior [ RunTime:0.000676s ]
INFO: [ app_end ] --END-- [ RunTime:0.000919s ]

[ 2017-03-13T19:02:20+08:00 ] 127.0.0.1 /index.php/Api/user/login
INFO: [ app_init ] --START--
INFO: Run Behavior\BuildLiteBehavior [ RunTime:0.000026s ]
INFO: [ app_init ] --END-- [ RunTime:0.000469s ]
INFO: [ app_begin ] --START--
INFO: Run Behavior\ReadHtmlCacheBehavior [ RunTime:0.000529s ]
INFO: [ app_begin ] --END-- [ RunTime:0.000678s ]
SQL: SHOW COLUMNS FROM `user` [ RunTime:0.0070s ]
SQL: SHOW COLUMNS FROM `user` [ RunTime:0.0058s ]
SQL: SELECT * FROM `user` WHERE `username` = '11' AND `password` = '11'  [ RunTime:0.0004s ]
INFO: [ app_end ] --START--
INFO: Run Behavior\ShowPageTraceBehavior [ RunTime:0.000528s ]
INFO: [ app_end ] --END-- [ RunTime:0.000661s ]

[ 2017-03-13T19:13:29+08:00 ] 127.0.0.1 /index.php/Api/user/login
INFO: [ app_init ] --START--
INFO: Run Behavior\BuildLiteBehavior [ RunTime:0.000025s ]
INFO: [ app_init ] --END-- [ RunTime:0.000585s ]
INFO: [ app_begin ] --START--
INFO: Run Behavior\ReadHtmlCacheBehavior [ RunTime:0.000801s ]
INFO: [ app_begin ] --END-- [ RunTime:0.000986s ]
SQL: SHOW COLUMNS FROM `user` [ RunTime:0.0064s ]
SQL: SHOW COLUMNS FROM `user` [ RunTime:0.0059s ]
SQL: SELECT `username`,`head`,`location`,`account` FROM `user` WHERE ( `username` = '1' OR `tel` = '1' ) AND `password` = '' LIMIT 1   [ RunTime:0.0006s ]
INFO: [ app_end ] --START--
INFO: Run Behavior\ShowPageTraceBehavior [ RunTime:0.000613s ]
INFO: [ app_end ] --END-- [ RunTime:0.000749s ]

[ 2017-03-13T19:13:36+08:00 ] 127.0.0.1 /index.php/Api/user/login
INFO: [ app_init ] --START--
INFO: Run Behavior\BuildLiteBehavior [ RunTime:0.000028s ]
INFO: [ app_init ] --END-- [ RunTime:0.000715s ]
INFO: [ app_begin ] --START--
INFO: Run Behavior\ReadHtmlCacheBehavior [ RunTime:0.000380s ]
INFO: [ app_begin ] --END-- [ RunTime:0.000505s ]
SQL: SHOW COLUMNS FROM `user` [ RunTime:0.0059s ]
SQL: SHOW COLUMNS FROM `user` [ RunTime:0.0067s ]
SQL: SELECT `username`,`head`,`location`,`account` FROM `user` WHERE ( `username` = '1' OR `tel` = '1' ) AND `password` = '1' LIMIT 1   [ RunTime:0.0005s ]
INFO: [ app_end ] --START--
INFO: Run Behavior\ShowPageTraceBehavior [ RunTime:0.000682s ]
INFO: [ app_end ] --END-- [ RunTime:0.000876s ]

[ 2017-03-13T19:16:13+08:00 ] 127.0.0.1 /index.php/Api/user/reg
INFO: [ app_init ] --START--
INFO: Run Behavior\BuildLiteBehavior [ RunTime:0.000024s ]
INFO: [ app_init ] --END-- [ RunTime:0.000572s ]
INFO: [ app_begin ] --START--
INFO: Run Behavior\ReadHtmlCacheBehavior [ RunTime:0.000606s ]
INFO: [ app_begin ] --END-- [ RunTime:0.000757s ]
SQL: SHOW COLUMNS FROM `user` [ RunTime:0.0073s ]
SQL: SHOW COLUMNS FROM `user` [ RunTime:0.0063s ]
SQL: SELECT COUNT(*) AS tp_count FROM `user` WHERE `username` = 'h1a56d2ah' LIMIT 1   [ RunTime:0.0008s ]
SQL: SELECT COUNT(*) AS tp_count FROM `user` WHERE `tel` = '1260044' LIMIT 1   [ RunTime:0.0006s ]
ERR: 1364:Field 'id' doesn't have a default value
 [ SQL语句 ] : INSERT INTO `user` (`username`,`tel`,`password`) VALUES ('h1a56d2ah','1260044','1234')
ERR: 1364:Field 'id' doesn't have a default value
 [ SQL语句 ] : INSERT INTO `user` (`username`,`tel`,`password`) VALUES ('h1a56d2ah','1260044','1234')

[ 2017-03-13T19:18:15+08:00 ] 127.0.0.1 /index.php/Api/user/reg
INFO: [ app_init ] --START--
INFO: Run Behavior\BuildLiteBehavior [ RunTime:0.000041s ]
INFO: [ app_init ] --END-- [ RunTime:0.000649s ]
INFO: [ app_begin ] --START--
INFO: Run Behavior\ReadHtmlCacheBehavior [ RunTime:0.000726s ]
INFO: [ app_begin ] --END-- [ RunTime:0.001218s ]
SQL: SHOW COLUMNS FROM `user` [ RunTime:0.0083s ]
SQL: SHOW COLUMNS FROM `user` [ RunTime:0.0073s ]
SQL: SELECT COUNT(*) AS tp_count FROM `user` WHERE `username` = 'h1a56d2ah' LIMIT 1   [ RunTime:0.0004s ]
SQL: SELECT COUNT(*) AS tp_count FROM `user` WHERE `tel` = '1260044' LIMIT 1   [ RunTime:0.0002s ]
ERR: 1364:Field 'ctime' doesn't have a default value
 [ SQL语句 ] : INSERT INTO `user` (`username`,`tel`,`password`) VALUES ('h1a56d2ah','1260044','1234')
ERR: 1364:Field 'ctime' doesn't have a default value
 [ SQL语句 ] : INSERT INTO `user` (`username`,`tel`,`password`) VALUES ('h1a56d2ah','1260044','1234')

[ 2017-03-13T19:18:41+08:00 ] 127.0.0.1 /index.php/Api/user/reg
INFO: [ app_init ] --START--
INFO: Run Behavior\BuildLiteBehavior [ RunTime:0.000026s ]
INFO: [ app_init ] --END-- [ RunTime:0.000392s ]
INFO: [ app_begin ] --START--
INFO: Run Behavior\ReadHtmlCacheBehavior [ RunTime:0.000399s ]
INFO: [ app_begin ] --END-- [ RunTime:0.000521s ]
SQL: SHOW COLUMNS FROM `user` [ RunTime:0.0104s ]
SQL: SHOW COLUMNS FROM `user` [ RunTime:0.0060s ]
SQL: SELECT COUNT(*) AS tp_count FROM `user` WHERE `username` = 'h1a56d2ah' LIMIT 1   [ RunTime:0.0005s ]
SQL: SELECT COUNT(*) AS tp_count FROM `user` WHERE `tel` = '1260044' LIMIT 1   [ RunTime:0.0003s ]
ERR: 1062:Duplicate entry '9' for key 'PRIMARY'
 [ SQL语句 ] : INSERT INTO `user` (`username`,`tel`,`password`) VALUES ('h1a56d2ah','1260044','1234')
ERR: 1062:Duplicate entry '9' for key 'PRIMARY'
 [ SQL语句 ] : INSERT INTO `user` (`username`,`tel`,`password`) VALUES ('h1a56d2ah','1260044','1234')

[ 2017-03-13T19:19:21+08:00 ] 127.0.0.1 /index.php/Api/user/reg
INFO: [ app_init ] --START--
INFO: Run Behavior\BuildLiteBehavior [ RunTime:0.000038s ]
INFO: [ app_init ] --END-- [ RunTime:0.000561s ]
INFO: [ app_begin ] --START--
INFO: Run Behavior\ReadHtmlCacheBehavior [ RunTime:0.000410s ]
INFO: [ app_begin ] --END-- [ RunTime:0.000555s ]
SQL: SHOW COLUMNS FROM `user` [ RunTime:0.0087s ]
SQL: SHOW COLUMNS FROM `user` [ RunTime:0.0076s ]
SQL: SELECT COUNT(*) AS tp_count FROM `user` WHERE `username` = 'h1a56d2ah' LIMIT 1   [ RunTime:0.0012s ]
SQL: SELECT COUNT(*) AS tp_count FROM `user` WHERE `tel` = '1260044' LIMIT 1   [ RunTime:0.0008s ]
ERR: 1062:Duplicate entry '8' for key 'PRIMARY'
 [ SQL语句 ] : INSERT INTO `user` (`username`,`tel`,`password`) VALUES ('h1a56d2ah','1260044','1234')
ERR: 1062:Duplicate entry '8' for key 'PRIMARY'
 [ SQL语句 ] : INSERT INTO `user` (`username`,`tel`,`password`) VALUES ('h1a56d2ah','1260044','1234')

[ 2017-03-13T19:19:37+08:00 ] 127.0.0.1 /index.php/Api/user/reg
INFO: [ app_init ] --START--
INFO: Run Behavior\BuildLiteBehavior [ RunTime:0.000039s ]
INFO: [ app_init ] --END-- [ RunTime:0.000596s ]
INFO: [ app_begin ] --START--
INFO: Run Behavior\ReadHtmlCacheBehavior [ RunTime:0.000555s ]
INFO: [ app_begin ] --END-- [ RunTime:0.000753s ]
SQL: SHOW COLUMNS FROM `user` [ RunTime:0.0097s ]
SQL: SHOW COLUMNS FROM `user` [ RunTime:0.0065s ]
SQL: SELECT COUNT(*) AS tp_count FROM `user` WHERE `username` = 'h1a56d2ah' LIMIT 1   [ RunTime:0.0009s ]
SQL: SELECT COUNT(*) AS tp_count FROM `user` WHERE `tel` = '1260044' LIMIT 1   [ RunTime:0.0005s ]
SQL: INSERT INTO `user` (`username`,`tel`,`password`) VALUES ('h1a56d2ah','1260044','1234') [ RunTime:0.0370s ]
INFO: [ app_end ] --START--
INFO: Run Behavior\ShowPageTraceBehavior [ RunTime:0.000621s ]
INFO: [ app_end ] --END-- [ RunTime:0.000768s ]

[ 2017-03-13T19:25:32+08:00 ] 127.0.0.1 /index.php/Api/user/reg
INFO: [ app_init ] --START--
INFO: Run Behavior\BuildLiteBehavior [ RunTime:0.000024s ]
INFO: [ app_init ] --END-- [ RunTime:0.000374s ]
INFO: [ app_begin ] --START--
INFO: Run Behavior\ReadHtmlCacheBehavior [ RunTime:0.000455s ]
INFO: [ app_begin ] --END-- [ RunTime:0.000614s ]
SQL: SHOW COLUMNS FROM `user` [ RunTime:0.0066s ]
SQL: SHOW COLUMNS FROM `user` [ RunTime:0.0065s ]
SQL: SELECT COUNT(*) AS tp_count FROM `user` WHERE `username` = 'h1a2256d2ah' LIMIT 1   [ RunTime:0.0008s ]
SQL: SELECT COUNT(*) AS tp_count FROM `user` WHERE `tel` = '22222' LIMIT 1   [ RunTime:0.0007s ]
SQL: INSERT INTO `user` (`username`,`tel`,`password`) VALUES ('h1a2256d2ah','22222','1234') [ RunTime:0.0396s ]
INFO: [ app_end ] --START--
INFO: Run Behavior\ShowPageTraceBehavior [ RunTime:0.000640s ]
INFO: [ app_end ] --END-- [ RunTime:0.000773s ]

[ 2017-03-13T19:26:53+08:00 ] 127.0.0.1 /index.php/Api/user/reg
INFO: [ app_init ] --START--
INFO: Run Behavior\BuildLiteBehavior [ RunTime:0.000048s ]
INFO: [ app_init ] --END-- [ RunTime:0.000895s ]
INFO: [ app_begin ] --START--
INFO: Run Behavior\ReadHtmlCacheBehavior [ RunTime:0.000947s ]
INFO: [ app_begin ] --END-- [ RunTime:0.001126s ]
SQL: SHOW COLUMNS FROM `user` [ RunTime:0.0068s ]
SQL: SHOW COLUMNS FROM `user` [ RunTime:0.0063s ]
SQL: SELECT COUNT(*) AS tp_count FROM `user` WHERE `username` = 'h1a2256d2ah' LIMIT 1   [ RunTime:0.0005s ]
INFO: [ app_end ] --START--
INFO: Run Behavior\ShowPageTraceBehavior [ RunTime:0.000492s ]
INFO: [ app_end ] --END-- [ RunTime:0.000625s ]

[ 2017-03-13T19:26:58+08:00 ] 127.0.0.1 /index.php/Api/user/reg
INFO: [ app_init ] --START--
INFO: Run Behavior\BuildLiteBehavior [ RunTime:0.000029s ]
INFO: [ app_init ] --END-- [ RunTime:0.000559s ]
INFO: [ app_begin ] --START--
INFO: Run Behavior\ReadHtmlCacheBehavior [ RunTime:0.000383s ]
INFO: [ app_begin ] --END-- [ RunTime:0.000499s ]
SQL: SHOW COLUMNS FROM `user` [ RunTime:0.0063s ]
SQL: SHOW COLUMNS FROM `user` [ RunTime:0.0059s ]
SQL: SELECT COUNT(*) AS tp_count FROM `user` WHERE `username` = 'h1a2256d2ah' LIMIT 1   [ RunTime:0.0005s ]
INFO: [ app_end ] --START--
INFO: Run Behavior\ShowPageTraceBehavior [ RunTime:0.000485s ]
INFO: [ app_end ] --END-- [ RunTime:0.000598s ]

[ 2017-03-13T19:27:05+08:00 ] 127.0.0.1 /index.php/Api/user/reg
INFO: [ app_init ] --START--
INFO: Run Behavior\BuildLiteBehavior [ RunTime:0.000046s ]
INFO: [ app_init ] --END-- [ RunTime:0.000765s ]
INFO: [ app_begin ] --START--
INFO: Run Behavior\ReadHtmlCacheBehavior [ RunTime:0.000397s ]
INFO: [ app_begin ] --END-- [ RunTime:0.000530s ]
SQL: SHOW COLUMNS FROM `user` [ RunTime:0.0065s ]
SQL: SHOW COLUMNS FROM `user` [ RunTime:0.0071s ]
SQL: SELECT COUNT(*) AS tp_count FROM `user` WHERE `username` = 'h1a2256dff2ah' LIMIT 1   [ RunTime:0.0008s ]
SQL: SELECT COUNT(*) AS tp_count FROM `user` WHERE `tel` = '22222' LIMIT 1   [ RunTime:0.0009s ]
INFO: [ app_end ] --START--
INFO: Run Behavior\ShowPageTraceBehavior [ RunTime:0.000548s ]
INFO: [ app_end ] --END-- [ RunTime:0.000680s ]

[ 2017-03-13T19:27:47+08:00 ] 127.0.0.1 /index.php/Api/user/reg
INFO: [ app_init ] --START--
INFO: Run Behavior\BuildLiteBehavior [ RunTime:0.000025s ]
INFO: [ app_init ] --END-- [ RunTime:0.000413s ]
INFO: [ app_begin ] --START--
INFO: Run Behavior\ReadHtmlCacheBehavior [ RunTime:0.000455s ]
INFO: [ app_begin ] --END-- [ RunTime:0.000577s ]
SQL: SHOW COLUMNS FROM `user` [ RunTime:0.0063s ]
SQL: SHOW COLUMNS FROM `user` [ RunTime:0.0066s ]
SQL: SELECT COUNT(*) AS tp_count FROM `user` WHERE `username` = 'maqiang' LIMIT 1   [ RunTime:0.0008s ]
SQL: SELECT COUNT(*) AS tp_count FROM `user` WHERE `tel` = '157' LIMIT 1   [ RunTime:0.0005s ]
ERR: 1062:Duplicate entry '10' for key 'PRIMARY'
 [ SQL语句 ] : INSERT INTO `user` (`username`,`tel`,`password`) VALUES ('maqiang','157','1234')
ERR: 1062:Duplicate entry '10' for key 'PRIMARY'
 [ SQL语句 ] : INSERT INTO `user` (`username`,`tel`,`password`) VALUES ('maqiang','157','1234')

[ 2017-03-13T19:29:11+08:00 ] 127.0.0.1 /index.php/Api/user/reg
INFO: [ app_init ] --START--
INFO: Run Behavior\BuildLiteBehavior [ RunTime:0.000026s ]
INFO: [ app_init ] --END-- [ RunTime:0.000429s ]
INFO: [ app_begin ] --START--
INFO: Run Behavior\ReadHtmlCacheBehavior [ RunTime:0.000468s ]
INFO: [ app_begin ] --END-- [ RunTime:0.000636s ]
SQL: SHOW COLUMNS FROM `user` [ RunTime:0.0095s ]
SQL: SHOW COLUMNS FROM `user` [ RunTime:0.0063s ]
SQL: SELECT COUNT(*) AS tp_count FROM `user` WHERE `username` = 'maqiang' LIMIT 1   [ RunTime:0.0009s ]
SQL: SELECT COUNT(*) AS tp_count FROM `user` WHERE `tel` = '157' LIMIT 1   [ RunTime:0.0007s ]
SQL: INSERT INTO `user` (`username`,`tel`,`password`) VALUES ('maqiang','157','1234') [ RunTime:0.0669s ]
INFO: [ app_end ] --START--
INFO: Run Behavior\ShowPageTraceBehavior [ RunTime:0.001286s ]
INFO: [ app_end ] --END-- [ RunTime:0.001586s ]

[ 2017-03-13T19:29:47+08:00 ] 127.0.0.1 /index.php/Api/user/reg
INFO: [ app_init ] --START--
INFO: Run Behavior\BuildLiteBehavior [ RunTime:0.000032s ]
INFO: [ app_init ] --END-- [ RunTime:0.000557s ]
INFO: [ app_begin ] --START--
INFO: Run Behavior\ReadHtmlCacheBehavior [ RunTime:0.000379s ]
INFO: [ app_begin ] --END-- [ RunTime:0.000493s ]
SQL: SHOW COLUMNS FROM `user` [ RunTime:0.0070s ]
SQL: SHOW COLUMNS FROM `user` [ RunTime:0.0063s ]
SQL: SELECT COUNT(*) AS tp_count FROM `user` WHERE `username` = 'zanshuxun' LIMIT 1   [ RunTime:0.0012s ]
SQL: SELECT COUNT(*) AS tp_count FROM `user` WHERE `tel` = '1225' LIMIT 1   [ RunTime:0.0008s ]
SQL: INSERT INTO `user` (`username`,`tel`,`password`) VALUES ('zanshuxun','1225','1234') [ RunTime:0.0688s ]
INFO: [ app_end ] --START--
INFO: Run Behavior\ShowPageTraceBehavior [ RunTime:0.000678s ]
INFO: [ app_end ] --END-- [ RunTime:0.000830s ]

[ 2017-03-13T19:32:55+08:00 ] 127.0.0.1 /index.php/Api/user/reg
INFO: [ app_init ] --START--
INFO: Run Behavior\BuildLiteBehavior [ RunTime:0.000025s ]
INFO: [ app_init ] --END-- [ RunTime:0.000394s ]
INFO: [ app_begin ] --START--
INFO: Run Behavior\ReadHtmlCacheBehavior [ RunTime:0.000455s ]
INFO: [ app_begin ] --END-- [ RunTime:0.000571s ]
SQL: SHOW COLUMNS FROM `user` [ RunTime:0.0064s ]
SQL: SHOW COLUMNS FROM `user` [ RunTime:0.0059s ]
SQL: SELECT COUNT(*) AS tp_count FROM `user` WHERE `username` = 'zanshuxun' LIMIT 1   [ RunTime:0.0004s ]
INFO: [ app_end ] --START--
INFO: Run Behavior\ShowPageTraceBehavior [ RunTime:0.000592s ]
INFO: [ app_end ] --END-- [ RunTime:0.000701s ]

[ 2017-03-13T19:32:59+08:00 ] 127.0.0.1 /index.php/Api/user/reg
INFO: [ app_init ] --START--
INFO: Run Behavior\BuildLiteBehavior [ RunTime:0.000029s ]
INFO: [ app_init ] --END-- [ RunTime:0.000374s ]
INFO: [ app_begin ] --START--
INFO: Run Behavior\ReadHtmlCacheBehavior [ RunTime:0.000507s ]
INFO: [ app_begin ] --END-- [ RunTime:0.000674s ]
SQL: SHOW COLUMNS FROM `user` [ RunTime:0.0070s ]
SQL: SHOW COLUMNS FROM `user` [ RunTime:0.0054s ]
SQL: SELECT COUNT(*) AS tp_count FROM `user` WHERE `username` = 'zansh1uxun' LIMIT 1   [ RunTime:0.0003s ]
SQL: SELECT COUNT(*) AS tp_count FROM `user` WHERE `tel` = '1225' LIMIT 1   [ RunTime:0.0002s ]
INFO: [ app_end ] --START--
INFO: Run Behavior\ShowPageTraceBehavior [ RunTime:0.000508s ]
INFO: [ app_end ] --END-- [ RunTime:0.000624s ]

[ 2017-03-13T19:40:29+08:00 ] 127.0.0.1 /index.php/Api/user/reg
INFO: [ app_init ] --START--
INFO: Run Behavior\BuildLiteBehavior [ RunTime:0.000025s ]
INFO: [ app_init ] --END-- [ RunTime:0.000470s ]
INFO: [ app_begin ] --START--
INFO: Run Behavior\ReadHtmlCacheBehavior [ RunTime:0.000746s ]
INFO: [ app_begin ] --END-- [ RunTime:0.001008s ]
SQL: SHOW COLUMNS FROM `user` [ RunTime:0.0072s ]
SQL: SHOW COLUMNS FROM `user` [ RunTime:0.0057s ]
SQL: SELECT COUNT(*) AS tp_count FROM `user` WHERE `username` = 'zansh1uxun' LIMIT 1   [ RunTime:0.0006s ]
SQL: SELECT COUNT(*) AS tp_count FROM `user` WHERE `tel` = '1225' LIMIT 1   [ RunTime:0.0004s ]
INFO: [ app_end ] --START--
INFO: Run Behavior\ShowPageTraceBehavior [ RunTime:0.000723s ]
INFO: [ app_end ] --END-- [ RunTime:0.000830s ]

[ 2017-03-13T19:40:31+08:00 ] 127.0.0.1 /index.php/Api/user/reg
INFO: [ app_init ] --START--
INFO: Run Behavior\BuildLiteBehavior [ RunTime:0.000024s ]
INFO: [ app_init ] --END-- [ RunTime:0.000497s ]
INFO: [ app_begin ] --START--
INFO: Run Behavior\ReadHtmlCacheBehavior [ RunTime:0.000550s ]
INFO: [ app_begin ] --END-- [ RunTime:0.000685s ]
SQL: SHOW COLUMNS FROM `user` [ RunTime:0.0060s ]
SQL: SHOW COLUMNS FROM `user` [ RunTime:0.0065s ]
SQL: SELECT COUNT(*) AS tp_count FROM `user` WHERE `username` = 'zansh1uxun' LIMIT 1   [ RunTime:0.0011s ]
SQL: SELECT COUNT(*) AS tp_count FROM `user` WHERE `tel` = '1225' LIMIT 1   [ RunTime:0.0008s ]
INFO: [ app_end ] --START--
INFO: Run Behavior\ShowPageTraceBehavior [ RunTime:0.000471s ]
INFO: [ app_end ] --END-- [ RunTime:0.000585s ]

[ 2017-03-13T19:40:36+08:00 ] 127.0.0.1 /index.php/Api/user/reg
INFO: [ app_init ] --START--
INFO: Run Behavior\BuildLiteBehavior [ RunTime:0.000034s ]
INFO: [ app_init ] --END-- [ RunTime:0.000524s ]
INFO: [ app_begin ] --START--
INFO: Run Behavior\ReadHtmlCacheBehavior [ RunTime:0.000587s ]
INFO: [ app_begin ] --END-- [ RunTime:0.000785s ]
SQL: SHOW COLUMNS FROM `user` [ RunTime:0.0074s ]
SQL: SHOW COLUMNS FROM `user` [ RunTime:0.0075s ]
SQL: SELECT COUNT(*) AS tp_count FROM `user` WHERE `username` = 'zans1h1uxun' LIMIT 1   [ RunTime:0.0013s ]
SQL: SELECT COUNT(*) AS tp_count FROM `user` WHERE `tel` = '1225' LIMIT 1   [ RunTime:0.0010s ]
INFO: [ app_end ] --START--
INFO: Run Behavior\ShowPageTraceBehavior [ RunTime:0.000528s ]
INFO: [ app_end ] --END-- [ RunTime:0.000685s ]

[ 2017-03-13T19:48:20+08:00 ] 127.0.0.1 /index.php/Api/user/reg
INFO: [ app_init ] --START--
INFO: Run Behavior\BuildLiteBehavior [ RunTime:0.000028s ]
INFO: [ app_init ] --END-- [ RunTime:0.000424s ]
INFO: [ app_begin ] --START--
INFO: Run Behavior\ReadHtmlCacheBehavior [ RunTime:0.000457s ]
INFO: [ app_begin ] --END-- [ RunTime:0.000596s ]
SQL: SHOW COLUMNS FROM `user` [ RunTime:0.0059s ]
SQL: SHOW COLUMNS FROM `user` [ RunTime:0.0063s ]
SQL: SELECT COUNT(*) AS tp_count FROM `user` WHERE `username` = 'zans1h1uxun' LIMIT 1   [ RunTime:0.0005s ]
SQL: SELECT COUNT(*) AS tp_count FROM `user` WHERE `tel` = '1266625' LIMIT 1   [ RunTime:0.0007s ]
SQL: INSERT INTO `user` (`username`,`tel`,`password`) VALUES ('zans1h1uxun','1266625','1234') [ RunTime:0.0677s ]
INFO: [ app_end ] --START--
INFO: Run Behavior\ShowPageTraceBehavior [ RunTime:0.000623s ]
INFO: [ app_end ] --END-- [ RunTime:0.000752s ]

[ 2017-03-13T20:04:33+08:00 ] 127.0.0.1 /index.php/Api/user/reg
INFO: [ app_init ] --START--
INFO: Run Behavior\BuildLiteBehavior [ RunTime:0.000047s ]
INFO: [ app_init ] --END-- [ RunTime:0.000705s ]
INFO: [ app_begin ] --START--
INFO: Run Behavior\ReadHtmlCacheBehavior [ RunTime:0.000566s ]
INFO: [ app_begin ] --END-- [ RunTime:0.000730s ]
SQL: SHOW COLUMNS FROM `user` [ RunTime:0.0074s ]
SQL: SHOW COLUMNS FROM `user` [ RunTime:0.0059s ]
SQL: SELECT COUNT(*) AS tp_count FROM `user` WHERE `username` = 'zans1h1uxun' LIMIT 1   [ RunTime:0.0005s ]
SQL: SELECT COUNT(*) AS tp_count FROM `user` WHERE `tel` = '1266625' LIMIT 1   [ RunTime:0.0004s ]
SQL: INSERT INTO `user` (`username`,`tel`,`password`) VALUES ('zans1h1uxun','1266625','1234') [ RunTime:0.0607s ]
INFO: [ app_end ] --START--
INFO: Run Behavior\ShowPageTraceBehavior [ RunTime:0.000662s ]
INFO: [ app_end ] --END-- [ RunTime:0.000793s ]

[ 2017-03-13T20:33:40+08:00 ] 127.0.0.1 /index.php/Api/user/test
INFO: [ app_init ] --START--
INFO: Run Behavior\BuildLiteBehavior [ RunTime:0.000029s ]
INFO: [ app_init ] --END-- [ RunTime:0.000530s ]
INFO: [ app_begin ] --START--
INFO: Run Behavior\ReadHtmlCacheBehavior [ RunTime:0.000464s ]
INFO: [ app_begin ] --END-- [ RunTime:0.000572s ]
SQL: SHOW COLUMNS FROM `user` [ RunTime:0.0066s ]
SQL: SHOW COLUMNS FROM `user` [ RunTime:0.0062s ]
SQL: SELECT `username`,`head`,`location`,`account` FROM `user` WHERE ( `username` = '1' OR `tel` = '1' ) AND `password` = '' LIMIT 1   [ RunTime:0.0013s ]
INFO: [ app_end ] --START--
INFO: Run Behavior\ShowPageTraceBehavior [ RunTime:0.000579s ]
INFO: [ app_end ] --END-- [ RunTime:0.000702s ]

[ 2017-03-13T20:33:47+08:00 ] 127.0.0.1 /index.php/Api/user/test
INFO: [ app_init ] --START--
INFO: Run Behavior\BuildLiteBehavior [ RunTime:0.000048s ]
INFO: [ app_init ] --END-- [ RunTime:0.000544s ]
INFO: [ app_begin ] --START--
INFO: Run Behavior\ReadHtmlCacheBehavior [ RunTime:0.000558s ]
INFO: [ app_begin ] --END-- [ RunTime:0.000744s ]
SQL: SHOW COLUMNS FROM `user` [ RunTime:0.1156s ]
SQL: SHOW COLUMNS FROM `user` [ RunTime:0.0064s ]
SQL: SELECT `username`,`head`,`location`,`account` FROM `user` WHERE ( `username` = '1' OR `tel` = '1' ) AND `password` = '1' LIMIT 1   [ RunTime:0.0005s ]
INFO: [ app_end ] --START--
INFO: Run Behavior\ShowPageTraceBehavior [ RunTime:0.000483s ]
INFO: [ app_end ] --END-- [ RunTime:0.000598s ]

[ 2017-03-13T20:35:32+08:00 ] 127.0.0.1 /index.php/Api/user/test
INFO: [ app_init ] --START--
INFO: Run Behavior\BuildLiteBehavior [ RunTime:0.000040s ]
INFO: [ app_init ] --END-- [ RunTime:0.000616s ]
INFO: [ app_begin ] --START--
INFO: Run Behavior\ReadHtmlCacheBehavior [ RunTime:0.000518s ]
INFO: [ app_begin ] --END-- [ RunTime:0.000656s ]
SQL: SHOW COLUMNS FROM `user` [ RunTime:0.0623s ]
SQL: SHOW COLUMNS FROM `user` [ RunTime:0.0128s ]
SQL: SELECT `username`,`head`,`location`,`account` FROM `user` WHERE ( `username` = '1' OR `tel` = '1' ) AND `password` = '1' LIMIT 1   [ RunTime:0.0004s ]
INFO: [ app_end ] --START--
INFO: Run Behavior\ShowPageTraceBehavior [ RunTime:0.000494s ]
INFO: [ app_end ] --END-- [ RunTime:0.000608s ]

[ 2017-03-13T20:35:45+08:00 ] 127.0.0.1 /index.php/Api/user/test
INFO: [ app_init ] --START--
INFO: Run Behavior\BuildLiteBehavior [ RunTime:0.000026s ]
INFO: [ app_init ] --END-- [ RunTime:0.000455s ]
INFO: [ app_begin ] --START--
INFO: Run Behavior\ReadHtmlCacheBehavior [ RunTime:0.000550s ]
INFO: [ app_begin ] --END-- [ RunTime:0.000696s ]
SQL: SHOW COLUMNS FROM `user` [ RunTime:0.1476s ]
ERR: 1305:PROCEDURE pin.predurename does not exist
 [ SQL语句 ] : call predurename(1,1)
ERR: 1305:PROCEDURE pin.predurename does not exist
 [ SQL语句 ] : call predurename(1,1)

[ 2017-03-13T20:36:34+08:00 ] 127.0.0.1 /index.php/Api/user/test
INFO: [ app_init ] --START--
INFO: Run Behavior\BuildLiteBehavior [ RunTime:0.000027s ]
INFO: [ app_init ] --END-- [ RunTime:0.000417s ]
INFO: [ app_begin ] --START--
INFO: Run Behavior\ReadHtmlCacheBehavior [ RunTime:0.000474s ]
INFO: [ app_begin ] --END-- [ RunTime:0.000602s ]
SQL: SHOW COLUMNS FROM `user` [ RunTime:0.3226s ]
SQL: call sign_in(1,1) [ RunTime:0.0008s ]
INFO: [ app_end ] --START--
INFO: Run Behavior\ShowPageTraceBehavior [ RunTime:0.000654s ]
INFO: [ app_end ] --END-- [ RunTime:0.000786s ]

[ 2017-03-13T20:37:46+08:00 ] 127.0.0.1 /index.php/Api/user/test
INFO: [ app_init ] --START--
INFO: Run Behavior\BuildLiteBehavior [ RunTime:0.000024s ]
INFO: [ app_init ] --END-- [ RunTime:0.000566s ]
INFO: [ app_begin ] --START--
INFO: Run Behavior\ReadHtmlCacheBehavior [ RunTime:0.000608s ]
INFO: [ app_begin ] --END-- [ RunTime:0.000747s ]
SQL: SHOW COLUMNS FROM `user` [ RunTime:0.0063s ]
SQL: call sign_in(1,1) [ RunTime:0.0009s ]
INFO: [ app_end ] --START--
INFO: Run Behavior\ShowPageTraceBehavior [ RunTime:0.000474s ]
INFO: [ app_end ] --END-- [ RunTime:0.000595s ]

[ 2017-03-13T20:37:47+08:00 ] 127.0.0.1 /index.php/Api/user/test
INFO: [ app_init ] --START--
INFO: Run Behavior\BuildLiteBehavior [ RunTime:0.000031s ]
INFO: [ app_init ] --END-- [ RunTime:0.000497s ]
INFO: [ app_begin ] --START--
INFO: Run Behavior\ReadHtmlCacheBehavior [ RunTime:0.000581s ]
INFO: [ app_begin ] --END-- [ RunTime:0.000730s ]
SQL: SHOW COLUMNS FROM `user` [ RunTime:0.0065s ]
SQL: call sign_in(1,1) [ RunTime:0.0006s ]
INFO: [ app_end ] --START--
INFO: Run Behavior\ShowPageTraceBehavior [ RunTime:0.000538s ]
INFO: [ app_end ] --END-- [ RunTime:0.000671s ]

[ 2017-03-13T20:38:46+08:00 ] 127.0.0.1 /index.php/Api/user/test
INFO: [ app_init ] --START--
INFO: Run Behavior\BuildLiteBehavior [ RunTime:0.000027s ]
INFO: [ app_init ] --END-- [ RunTime:0.000511s ]
INFO: [ app_begin ] --START--
INFO: Run Behavior\ReadHtmlCacheBehavior [ RunTime:0.000476s ]
INFO: [ app_begin ] --END-- [ RunTime:0.000641s ]
SQL: SHOW COLUMNS FROM `user` [ RunTime:0.0061s ]
SQL: call sign_in(1,1) [ RunTime:0.0006s ]
INFO: [ app_end ] --START--
INFO: Run Behavior\ShowPageTraceBehavior [ RunTime:0.000613s ]
INFO: [ app_end ] --END-- [ RunTime:0.000733s ]

[ 2017-03-13T20:38:53+08:00 ] 127.0.0.1 /index.php/Api/user/test
INFO: [ app_init ] --START--
INFO: Run Behavior\BuildLiteBehavior [ RunTime:0.000025s ]
INFO: [ app_init ] --END-- [ RunTime:0.000371s ]
INFO: [ app_begin ] --START--
INFO: Run Behavior\ReadHtmlCacheBehavior [ RunTime:0.000368s ]
INFO: [ app_begin ] --END-- [ RunTime:0.000478s ]
SQL: SHOW COLUMNS FROM `user` [ RunTime:0.0060s ]
SQL: call sign_in(1,1) [ RunTime:0.0006s ]
INFO: [ app_end ] --START--
INFO: Run Behavior\ShowPageTraceBehavior [ RunTime:0.000469s ]
INFO: [ app_end ] --END-- [ RunTime:0.000578s ]

[ 2017-03-13T20:48:53+08:00 ] 127.0.0.1 /index.php/Api/user/test
INFO: [ app_init ] --START--
INFO: Run Behavior\BuildLiteBehavior [ RunTime:0.000033s ]
INFO: [ app_init ] --END-- [ RunTime:0.000494s ]
INFO: [ app_begin ] --START--
INFO: Run Behavior\ReadHtmlCacheBehavior [ RunTime:0.000505s ]
INFO: [ app_begin ] --END-- [ RunTime:0.000654s ]
SQL: SHOW COLUMNS FROM `user` [ RunTime:0.0067s ]
ERR: 1318:Incorrect number of arguments for PROCEDURE pin.search_req; expected 1, got 0
 [ SQL语句 ] : call search_req()
ERR: 1318:Incorrect number of arguments for PROCEDURE pin.search_req; expected 1, got 0
 [ SQL语句 ] : call search_req()

[ 2017-03-13T20:49:16+08:00 ] 127.0.0.1 /index.php/Api/user/test
INFO: [ app_init ] --START--
INFO: Run Behavior\BuildLiteBehavior [ RunTime:0.000026s ]
INFO: [ app_init ] --END-- [ RunTime:0.000400s ]
INFO: [ app_begin ] --START--
INFO: Run Behavior\ReadHtmlCacheBehavior [ RunTime:0.000786s ]
INFO: [ app_begin ] --END-- [ RunTime:0.001014s ]
SQL: SHOW COLUMNS FROM `user` [ RunTime:0.1138s ]
ERR: 1318:Incorrect number of arguments for PROCEDURE pin.search_req; expected 1, got 0
 [ SQL语句 ] : call search_req()
ERR: 1318:Incorrect number of arguments for PROCEDURE pin.search_req; expected 1, got 0
 [ SQL语句 ] : call search_req()

[ 2017-03-13T20:49:41+08:00 ] 127.0.0.1 /index.php/Api/user/test
INFO: [ app_init ] --START--
INFO: Run Behavior\BuildLiteBehavior [ RunTime:0.000026s ]
INFO: [ app_init ] --END-- [ RunTime:0.000360s ]
INFO: [ app_begin ] --START--
INFO: Run Behavior\ReadHtmlCacheBehavior [ RunTime:0.000411s ]
INFO: [ app_begin ] --END-- [ RunTime:0.000531s ]
SQL: SHOW COLUMNS FROM `user` [ RunTime:0.0066s ]
ERR: 1054:Unknown column '健身' in 'field list'
 [ SQL语句 ] : call search_req(健身)
ERR: 1054:Unknown column '健身' in 'field list'
 [ SQL语句 ] : call search_req(健身)

[ 2017-03-13T20:50:26+08:00 ] 127.0.0.1 /index.php/Api/user/test
INFO: [ app_init ] --START--
INFO: Run Behavior\BuildLiteBehavior [ RunTime:0.000030s ]
INFO: [ app_init ] --END-- [ RunTime:0.000403s ]
INFO: [ app_begin ] --START--
INFO: Run Behavior\ReadHtmlCacheBehavior [ RunTime:0.000693s ]
INFO: [ app_begin ] --END-- [ RunTime:0.000904s ]
SQL: SHOW COLUMNS FROM `user` [ RunTime:0.0088s ]
ERR: 1064:You have an error in your SQL syntax; check the manual that corresponds to your MySQL server version for the right syntax to use near ''健身'')' at line 1
 [ SQL语句 ] : call search_req('健身'')
ERR: 1064:You have an error in your SQL syntax; check the manual that corresponds to your MySQL server version for the right syntax to use near ''健身'')' at line 1
 [ SQL语句 ] : call search_req('健身'')

[ 2017-03-13T20:50:40+08:00 ] 127.0.0.1 /index.php/Api/user/test
INFO: [ app_init ] --START--
INFO: Run Behavior\BuildLiteBehavior [ RunTime:0.000038s ]
INFO: [ app_init ] --END-- [ RunTime:0.000583s ]
INFO: [ app_begin ] --START--
INFO: Run Behavior\ReadHtmlCacheBehavior [ RunTime:0.000570s ]
INFO: [ app_begin ] --END-- [ RunTime:0.000774s ]
SQL: SHOW COLUMNS FROM `user` [ RunTime:0.0070s ]
SQL: call search_req('健身') [ RunTime:0.0015s ]
INFO: [ app_end ] --START--
INFO: Run Behavior\ShowPageTraceBehavior [ RunTime:0.000963s ]
INFO: [ app_end ] --END-- [ RunTime:0.001127s ]

[ 2017-03-13T20:51:30+08:00 ] 127.0.0.1 /index.php/Api/user/test
INFO: [ app_init ] --START--
INFO: Run Behavior\BuildLiteBehavior [ RunTime:0.000026s ]
INFO: [ app_init ] --END-- [ RunTime:0.000472s ]
INFO: [ app_begin ] --START--
INFO: Run Behavior\ReadHtmlCacheBehavior [ RunTime:0.000474s ]
INFO: [ app_begin ] --END-- [ RunTime:0.000590s ]
SQL: SHOW COLUMNS FROM `user` [ RunTime:0.0059s ]
SQL: call search_req('健身') [ RunTime:0.0006s ]
INFO: [ app_end ] --START--
INFO: Run Behavior\ShowPageTraceBehavior [ RunTime:0.000656s ]
INFO: [ app_end ] --END-- [ RunTime:0.000819s ]

[ 2017-03-13T20:58:58+08:00 ] 127.0.0.1 /index.php/Api/user/test
INFO: [ app_init ] --START--
INFO: Run Behavior\BuildLiteBehavior [ RunTime:0.000043s ]
INFO: [ app_init ] --END-- [ RunTime:0.002084s ]
INFO: [ app_begin ] --START--
INFO: Run Behavior\ReadHtmlCacheBehavior [ RunTime:0.000455s ]
INFO: [ app_begin ] --END-- [ RunTime:0.000576s ]
SQL: SHOW COLUMNS FROM `user` [ RunTime:0.1348s ]
NOTIC: [2] Missing argument 2 for Api\Logic\UserLogic::test(), called in E:\wamp\www\pinin\Application\Api\Controller\UserController.class.php on line 39 and defined E:\wamp\www\pinin\Application\Api\Logic\UserLogic.class.php 第 50 行.
NOTIC: [8] Undefined variable: password E:\wamp\www\pinin\Application\Api\Logic\UserLogic.class.php 第 52 行.
ERR: 1064:You have an error in your SQL syntax; check the manual that corresponds to your MySQL server version for the right syntax to use near ')' at line 1
 [ SQL语句 ] : call sign_in(,)
ERR: 1064:You have an error in your SQL syntax; check the manual that corresponds to your MySQL server version for the right syntax to use near ')' at line 1
 [ SQL语句 ] : call sign_in(,)

[ 2017-03-13T20:59:21+08:00 ] 127.0.0.1 /index.php/Api/user/test
INFO: [ app_init ] --START--
INFO: Run Behavior\BuildLiteBehavior [ RunTime:0.000025s ]
INFO: [ app_init ] --END-- [ RunTime:0.000389s ]
INFO: [ app_begin ] --START--
INFO: Run Behavior\ReadHtmlCacheBehavior [ RunTime:0.000400s ]
INFO: [ app_begin ] --END-- [ RunTime:0.000523s ]
SQL: SHOW COLUMNS FROM `user` [ RunTime:0.0146s ]
SQL: call sign_in(1,1) [ RunTime:0.0014s ]
INFO: [ app_end ] --START--
INFO: Run Behavior\ShowPageTraceBehavior [ RunTime:0.000900s ]
INFO: [ app_end ] --END-- [ RunTime:0.001361s ]

[ 2017-03-13T21:00:16+08:00 ] 127.0.0.1 /index.php/Api/user/test
INFO: [ app_init ] --START--
INFO: Run Behavior\BuildLiteBehavior [ RunTime:0.000038s ]
INFO: [ app_init ] --END-- [ RunTime:0.000677s ]
INFO: [ app_begin ] --START--
INFO: Run Behavior\ReadHtmlCacheBehavior [ RunTime:0.000500s ]
INFO: [ app_begin ] --END-- [ RunTime:0.000654s ]
SQL: SHOW COLUMNS FROM `user` [ RunTime:0.0062s ]
SQL: call sign_in('1','1') [ RunTime:0.0005s ]
INFO: [ app_end ] --START--
INFO: Run Behavior\ShowPageTraceBehavior [ RunTime:0.000439s ]
INFO: [ app_end ] --END-- [ RunTime:0.000556s ]

[ 2017-03-13T21:00:18+08:00 ] 127.0.0.1 /index.php/Api/user/test
INFO: [ app_init ] --START--
INFO: Run Behavior\BuildLiteBehavior [ RunTime:0.000044s ]
INFO: [ app_init ] --END-- [ RunTime:0.000557s ]
INFO: [ app_begin ] --START--
INFO: Run Behavior\ReadHtmlCacheBehavior [ RunTime:0.000503s ]
INFO: [ app_begin ] --END-- [ RunTime:0.000638s ]
SQL: SHOW COLUMNS FROM `user` [ RunTime:0.0062s ]
SQL: call sign_in('1','1') [ RunTime:0.0010s ]
INFO: [ app_end ] --START--
INFO: Run Behavior\ShowPageTraceBehavior [ RunTime:0.000508s ]
INFO: [ app_end ] --END-- [ RunTime:0.000673s ]

[ 2017-03-13T21:00:18+08:00 ] 127.0.0.1 /index.php/Api/user/test
INFO: [ app_init ] --START--
INFO: Run Behavior\BuildLiteBehavior [ RunTime:0.000030s ]
INFO: [ app_init ] --END-- [ RunTime:0.000794s ]
INFO: [ app_begin ] --START--
INFO: Run Behavior\ReadHtmlCacheBehavior [ RunTime:0.000375s ]
INFO: [ app_begin ] --END-- [ RunTime:0.000490s ]
SQL: SHOW COLUMNS FROM `user` [ RunTime:0.0071s ]
SQL: call sign_in('1','1') [ RunTime:0.0014s ]
INFO: [ app_end ] --START--
INFO: Run Behavior\ShowPageTraceBehavior [ RunTime:0.000687s ]
INFO: [ app_end ] --END-- [ RunTime:0.000866s ]

[ 2017-03-13T21:11:25+08:00 ] 127.0.0.1 /index.php/Api/user/test
INFO: [ app_init ] --START--
INFO: Run Behavior\BuildLiteBehavior [ RunTime:0.000046s ]
INFO: [ app_init ] --END-- [ RunTime:0.000908s ]
INFO: [ app_begin ] --START--
INFO: Run Behavior\ReadHtmlCacheBehavior [ RunTime:0.000628s ]
INFO: [ app_begin ] --END-- [ RunTime:0.000780s ]
SQL: SHOW COLUMNS FROM `user` [ RunTime:0.0058s ]
SQL: call register('zhaoyuy1','zhaoyu1','1254') [ RunTime:0.1625s ]
ERR: :
 [ SQL语句 ] : call register('zhaoyuy1','zhaoyu1','1254')
ERR: :
 [ SQL语句 ] : call register('zhaoyuy1','zhaoyu1','1254')

[ 2017-03-13T21:13:31+08:00 ] 127.0.0.1 /index.php/Api/user/test
INFO: [ app_init ] --START--
INFO: Run Behavior\BuildLiteBehavior [ RunTime:0.000028s ]
INFO: [ app_init ] --END-- [ RunTime:0.000475s ]
INFO: [ app_begin ] --START--
INFO: Run Behavior\ReadHtmlCacheBehavior [ RunTime:0.000864s ]
INFO: [ app_begin ] --END-- [ RunTime:0.001074s ]
SQL: SHOW COLUMNS FROM `user` [ RunTime:0.1413s ]
SQL: call register('zhaoyuy1','zhaoyu1','12542') [ RunTime:0.0409s ]
ERR: :
 [ SQL语句 ] : call register('zhaoyuy1','zhaoyu1','12542')
ERR: :
 [ SQL语句 ] : call register('zhaoyuy1','zhaoyu1','12542')

[ 2017-03-13T21:14:49+08:00 ] 127.0.0.1 /index.php/Api/user/test
INFO: [ app_init ] --START--
INFO: Run Behavior\BuildLiteBehavior [ RunTime:0.000030s ]
INFO: [ app_init ] --END-- [ RunTime:0.000420s ]
INFO: [ app_begin ] --START--
INFO: Run Behavior\ReadHtmlCacheBehavior [ RunTime:0.000418s ]
INFO: [ app_begin ] --END-- [ RunTime:0.000546s ]
SQL: SHOW COLUMNS FROM `user` [ RunTime:0.1165s ]
SQL: call register('zhaoyuy1','zhaoyu1','1571290') [ RunTime:0.0488s ]
ERR: :
 [ SQL语句 ] : call register('zhaoyuy1','zhaoyu1','1571290')
ERR: :
 [ SQL语句 ] : call register('zhaoyuy1','zhaoyu1','1571290')

[ 2017-03-13T21:16:39+08:00 ] 127.0.0.1 /index.php/Api/user/test
INFO: [ app_init ] --START--
INFO: Run Behavior\BuildLiteBehavior [ RunTime:0.000025s ]
INFO: [ app_init ] --END-- [ RunTime:0.000412s ]
INFO: [ app_begin ] --START--
INFO: Run Behavior\ReadHtmlCacheBehavior [ RunTime:0.000459s ]
INFO: [ app_begin ] --END-- [ RunTime:0.000574s ]
SQL: SHOW COLUMNS FROM `user` [ RunTime:0.0067s ]
NOTIC: [2] Invalid argument supplied for foreach() E:\wamp\www\pinin\ThinkPHP\Library\Think\Db\Driver.class.php 第 802 行.
ERR: 1103:Incorrect table name ''
 [ SQL语句 ] : INSERT INTO `` () VALUES ()
ERR: 1103:Incorrect table name ''
 [ SQL语句 ] : INSERT INTO `` () VALUES ()

[ 2017-03-13T21:33:47+08:00 ] 127.0.0.1 /index.php/Api/user/reg
INFO: [ app_init ] --START--
INFO: Run Behavior\BuildLiteBehavior [ RunTime:0.000027s ]
INFO: [ app_init ] --END-- [ RunTime:0.000545s ]
INFO: [ app_begin ] --START--
INFO: Run Behavior\ReadHtmlCacheBehavior [ RunTime:0.001275s ]
INFO: [ app_begin ] --END-- [ RunTime:0.001838s ]
SQL: SHOW COLUMNS FROM `user` [ RunTime:0.1368s ]
SQL: SHOW COLUMNS FROM `user` [ RunTime:0.0071s ]
SQL: SELECT COUNT(*) AS tp_count FROM `user` WHERE `username` = 'maqiang1' LIMIT 1   [ RunTime:0.0005s ]
SQL: SELECT COUNT(*) AS tp_count FROM `user` WHERE `tel` = '15712901631' LIMIT 1   [ RunTime:0.0004s ]
SQL: INSERT INTO `user` (`username`,`tel`,`password`) VALUES ('maqiang1','15712901631','111') [ RunTime:0.0699s ]
INFO: [ app_end ] --START--
INFO: Run Behavior\ShowPageTraceBehavior [ RunTime:0.001038s ]
INFO: [ app_end ] --END-- [ RunTime:0.001301s ]

[ 2017-03-13T21:33:47+08:00 ] 127.0.0.1 /index.php/Api/user/reg
INFO: [ app_init ] --START--
INFO: Run Behavior\BuildLiteBehavior [ RunTime:0.000055s ]
INFO: [ app_init ] --END-- [ RunTime:0.000683s ]
INFO: [ app_begin ] --START--
INFO: Run Behavior\ReadHtmlCacheBehavior [ RunTime:0.000616s ]
INFO: [ app_begin ] --END-- [ RunTime:0.000759s ]
SQL: SHOW COLUMNS FROM `user` [ RunTime:0.0301s ]
SQL: SHOW COLUMNS FROM `user` [ RunTime:0.0132s ]
SQL: SELECT COUNT(*) AS tp_count FROM `user` WHERE `username` = 'zhaoyuy1' LIMIT 1   [ RunTime:0.0006s ]
INFO: [ app_end ] --START--
INFO: Run Behavior\ShowPageTraceBehavior [ RunTime:0.000470s ]
INFO: [ app_end ] --END-- [ RunTime:0.000593s ]

[ 2017-03-13T21:34:05+08:00 ] 127.0.0.1 /index.php/Api/user/reg
INFO: [ app_init ] --START--
INFO: Run Behavior\BuildLiteBehavior [ RunTime:0.000026s ]
INFO: [ app_init ] --END-- [ RunTime:0.000484s ]
INFO: [ app_begin ] --START--
INFO: Run Behavior\ReadHtmlCacheBehavior [ RunTime:0.000568s ]
INFO: [ app_begin ] --END-- [ RunTime:0.000687s ]
SQL: SHOW COLUMNS FROM `user` [ RunTime:0.1909s ]
SQL: SHOW COLUMNS FROM `user` [ RunTime:0.0061s ]
SQL: SELECT COUNT(*) AS tp_count FROM `user` WHERE `username` = 'zhaoyuy11' LIMIT 1   [ RunTime:0.0006s ]
SQL: SELECT COUNT(*) AS tp_count FROM `user` WHERE `tel` = '1254' LIMIT 1   [ RunTime:0.0004s ]
INFO: [ app_end ] --START--
INFO: Run Behavior\ShowPageTraceBehavior [ RunTime:0.000459s ]
INFO: [ app_end ] --END-- [ RunTime:0.000570s ]

[ 2017-03-13T21:34:46+08:00 ] 127.0.0.1 /index.php/Api/user/reg
INFO: [ app_init ] --START--
INFO: Run Behavior\BuildLiteBehavior [ RunTime:0.000040s ]
INFO: [ app_init ] --END-- [ RunTime:0.000684s ]
INFO: [ app_begin ] --START--
INFO: Run Behavior\ReadHtmlCacheBehavior [ RunTime:0.000645s ]
INFO: [ app_begin ] --END-- [ RunTime:0.000812s ]
SQL: SHOW COLUMNS FROM `user` [ RunTime:0.0059s ]
SQL: SHOW COLUMNS FROM `user` [ RunTime:0.0058s ]
SQL: SELECT COUNT(*) AS tp_count FROM `user` WHERE `username` = 'zhaoyuy11' LIMIT 1   [ RunTime:0.0003s ]
SQL: SELECT COUNT(*) AS tp_count FROM `user` WHERE `tel` = '12511114' LIMIT 1   [ RunTime:0.0002s ]
SQL: INSERT INTO `user` (`username`,`tel`,`password`) VALUES ('zhaoyuy11','12511114','zhaoyu1') [ RunTime:0.1409s ]
INFO: [ app_end ] --START--
INFO: Run Behavior\ShowPageTraceBehavior [ RunTime:0.000542s ]
INFO: [ app_end ] --END-- [ RunTime:0.000671s ]

[ 2017-03-13T21:34:58+08:00 ] 127.0.0.1 /index.php/Api/user/reg
INFO: [ app_init ] --START--
INFO: Run Behavior\BuildLiteBehavior [ RunTime:0.000042s ]
INFO: [ app_init ] --END-- [ RunTime:0.001072s ]
INFO: [ app_begin ] --START--
INFO: Run Behavior\ReadHtmlCacheBehavior [ RunTime:0.000380s ]
INFO: [ app_begin ] --END-- [ RunTime:0.000502s ]
SQL: SHOW COLUMNS FROM `user` [ RunTime:0.0067s ]
SQL: SHOW COLUMNS FROM `user` [ RunTime:0.0058s ]
SQL: SELECT COUNT(*) AS tp_count FROM `user` WHERE `username` = 'zhaoyuy11' LIMIT 1   [ RunTime:0.0005s ]
INFO: [ app_end ] --START--
INFO: Run Behavior\ShowPageTraceBehavior [ RunTime:0.000454s ]
INFO: [ app_end ] --END-- [ RunTime:0.000568s ]

[ 2017-03-13T21:35:02+08:00 ] 127.0.0.1 /index.php/Api/user/reg
INFO: [ app_init ] --START--
INFO: Run Behavior\BuildLiteBehavior [ RunTime:0.000043s ]
INFO: [ app_init ] --END-- [ RunTime:0.000643s ]
INFO: [ app_begin ] --START--
INFO: Run Behavior\ReadHtmlCacheBehavior [ RunTime:0.000520s ]
INFO: [ app_begin ] --END-- [ RunTime:0.000695s ]
SQL: SHOW COLUMNS FROM `user` [ RunTime:0.0073s ]
SQL: SHOW COLUMNS FROM `user` [ RunTime:0.0058s ]
SQL: SELECT COUNT(*) AS tp_count FROM `user` WHERE `username` = 'zhaoyuy11' LIMIT 1   [ RunTime:0.0005s ]
INFO: [ app_end ] --START--
INFO: Run Behavior\ShowPageTraceBehavior [ RunTime:0.000574s ]
INFO: [ app_end ] --END-- [ RunTime:0.000806s ]

[ 2017-03-13T21:35:07+08:00 ] 127.0.0.1 /index.php/Api/user/reg
INFO: [ app_init ] --START--
INFO: Run Behavior\BuildLiteBehavior [ RunTime:0.000044s ]
INFO: [ app_init ] --END-- [ RunTime:0.000608s ]
INFO: [ app_begin ] --START--
INFO: Run Behavior\ReadHtmlCacheBehavior [ RunTime:0.000456s ]
INFO: [ app_begin ] --END-- [ RunTime:0.000588s ]
SQL: SHOW COLUMNS FROM `user` [ RunTime:0.0598s ]
SQL: SHOW COLUMNS FROM `user` [ RunTime:0.0061s ]
SQL: SELECT COUNT(*) AS tp_count FROM `user` WHERE `username` = 'zhaoyuy11' LIMIT 1   [ RunTime:0.0006s ]
INFO: [ app_end ] --START--
INFO: Run Behavior\ShowPageTraceBehavior [ RunTime:0.000457s ]
INFO: [ app_end ] --END-- [ RunTime:0.000566s ]

[ 2017-03-13T21:35:28+08:00 ] 127.0.0.1 /index.php/Api/user/reg
INFO: [ app_init ] --START--
INFO: Run Behavior\BuildLiteBehavior [ RunTime:0.000039s ]
INFO: [ app_init ] --END-- [ RunTime:0.000451s ]
INFO: [ app_begin ] --START--
INFO: Run Behavior\ReadHtmlCacheBehavior [ RunTime:0.000379s ]
INFO: [ app_begin ] --END-- [ RunTime:0.000513s ]
SQL: SHOW COLUMNS FROM `user` [ RunTime:0.0069s ]
SQL: SHOW COLUMNS FROM `user` [ RunTime:0.0059s ]
SQL: SELECT COUNT(*) AS tp_count FROM `user` WHERE `username` = 'zha111oyuy11' LIMIT 1   [ RunTime:0.0004s ]
SQL: SELECT COUNT(*) AS tp_count FROM `user` WHERE `tel` = '12511114' LIMIT 1   [ RunTime:0.0003s ]
INFO: [ app_end ] --START--
INFO: Run Behavior\ShowPageTraceBehavior [ RunTime:0.000633s ]
INFO: [ app_end ] --END-- [ RunTime:0.000788s ]

[ 2017-03-13T21:44:07+08:00 ] 127.0.0.1 /index.php/Api/user/reg
INFO: [ app_init ] --START--
INFO: Run Behavior\BuildLiteBehavior [ RunTime:0.000031s ]
INFO: [ app_init ] --END-- [ RunTime:0.000617s ]
INFO: [ app_begin ] --START--
INFO: Run Behavior\ReadHtmlCacheBehavior [ RunTime:0.000657s ]
INFO: [ app_begin ] --END-- [ RunTime:0.000799s ]
SQL: SHOW COLUMNS FROM `user` [ RunTime:0.1612s ]
SQL: SHOW COLUMNS FROM `user` [ RunTime:0.0059s ]
SQL: SELECT COUNT(*) AS tp_count FROM `user` WHERE `username` = 'zha111oyuy11' LIMIT 1   [ RunTime:0.0005s ]
SQL: SELECT COUNT(*) AS tp_count FROM `user` WHERE `tel` = '12511114' LIMIT 1   [ RunTime:0.0003s ]
INFO: [ app_end ] --START--
INFO: Run Behavior\ShowPageTraceBehavior [ RunTime:0.000589s ]
INFO: [ app_end ] --END-- [ RunTime:0.000705s ]

[ 2017-03-13T21:44:09+08:00 ] 127.0.0.1 /index.php/Api/user/reg
INFO: [ app_init ] --START--
INFO: Run Behavior\BuildLiteBehavior [ RunTime:0.000049s ]
INFO: [ app_init ] --END-- [ RunTime:0.000526s ]
INFO: [ app_begin ] --START--
INFO: Run Behavior\ReadHtmlCacheBehavior [ RunTime:0.000572s ]
INFO: [ app_begin ] --END-- [ RunTime:0.000889s ]
SQL: SHOW COLUMNS FROM `user` [ RunTime:0.0069s ]
SQL: SHOW COLUMNS FROM `user` [ RunTime:0.0061s ]
SQL: SELECT COUNT(*) AS tp_count FROM `user` WHERE `username` = 'zha111oyuy11' LIMIT 1   [ RunTime:0.0005s ]
SQL: SELECT COUNT(*) AS tp_count FROM `user` WHERE `tel` = '12511114' LIMIT 1   [ RunTime:0.0003s ]
INFO: [ app_end ] --START--
INFO: Run Behavior\ShowPageTraceBehavior [ RunTime:0.000611s ]
INFO: [ app_end ] --END-- [ RunTime:0.000720s ]

[ 2017-03-13T21:44:29+08:00 ] 127.0.0.1 /index.php/Api/user/reg
INFO: [ app_init ] --START--
INFO: Run Behavior\BuildLiteBehavior [ RunTime:0.000027s ]
INFO: [ app_init ] --END-- [ RunTime:0.000484s ]
INFO: [ app_begin ] --START--
INFO: Run Behavior\ReadHtmlCacheBehavior [ RunTime:0.000494s ]
INFO: [ app_begin ] --END-- [ RunTime:0.000629s ]
SQL: SHOW COLUMNS FROM `user` [ RunTime:0.0059s ]
SQL: SHOW COLUMNS FROM `user` [ RunTime:0.0070s ]
SQL: SELECT COUNT(*) AS tp_count FROM `user` WHERE `username` = 'zenshuxun1' LIMIT 1   [ RunTime:0.0004s ]
SQL: SELECT COUNT(*) AS tp_count FROM `user` WHERE `tel` = '1990987' LIMIT 1   [ RunTime:0.0002s ]
SQL: INSERT INTO `user` (`username`,`tel`,`password`) VALUES ('zenshuxun1','1990987','zhaoyu1') [ RunTime:0.1095s ]
INFO: [ app_end ] --START--
INFO: Run Behavior\ShowPageTraceBehavior [ RunTime:0.000549s ]
INFO: [ app_end ] --END-- [ RunTime:0.000679s ]

[ 2017-03-13T21:44:37+08:00 ] 127.0.0.1 /index.php/Api/user/reg
INFO: [ app_init ] --START--
INFO: Run Behavior\BuildLiteBehavior [ RunTime:0.000039s ]
INFO: [ app_init ] --END-- [ RunTime:0.000674s ]
INFO: [ app_begin ] --START--
INFO: Run Behavior\ReadHtmlCacheBehavior [ RunTime:0.000561s ]
INFO: [ app_begin ] --END-- [ RunTime:0.000706s ]
SQL: SHOW COLUMNS FROM `user` [ RunTime:0.0058s ]
SQL: SHOW COLUMNS FROM `user` [ RunTime:0.0061s ]
SQL: SELECT COUNT(*) AS tp_count FROM `user` WHERE `username` = 'zenshuxun1' LIMIT 1   [ RunTime:0.0007s ]
INFO: [ app_end ] --START--
INFO: Run Behavior\ShowPageTraceBehavior [ RunTime:0.000573s ]
INFO: [ app_end ] --END-- [ RunTime:0.000704s ]

[ 2017-03-13T21:44:43+08:00 ] 127.0.0.1 /index.php/Api/user/reg
INFO: [ app_init ] --START--
INFO: Run Behavior\BuildLiteBehavior [ RunTime:0.000042s ]
INFO: [ app_init ] --END-- [ RunTime:0.000618s ]
INFO: [ app_begin ] --START--
INFO: Run Behavior\ReadHtmlCacheBehavior [ RunTime:0.000386s ]
INFO: [ app_begin ] --END-- [ RunTime:0.000504s ]
SQL: SHOW COLUMNS FROM `user` [ RunTime:0.0066s ]
SQL: SHOW COLUMNS FROM `user` [ RunTime:0.0572s ]
SQL: SELECT COUNT(*) AS tp_count FROM `user` WHERE `username` = 'zenshuxun11' LIMIT 1   [ RunTime:0.0007s ]
SQL: SELECT COUNT(*) AS tp_count FROM `user` WHERE `tel` = '1990987' LIMIT 1   [ RunTime:0.0005s ]
INFO: [ app_end ] --START--
INFO: Run Behavior\ShowPageTraceBehavior [ RunTime:0.000563s ]
INFO: [ app_end ] --END-- [ RunTime:0.000666s ]

[ 2017-03-13T21:45:23+08:00 ] 127.0.0.1 /index.php/Api/user/reg
INFO: [ app_init ] --START--
INFO: Run Behavior\BuildLiteBehavior [ RunTime:0.000044s ]
INFO: [ app_init ] --END-- [ RunTime:0.000597s ]
INFO: [ app_begin ] --START--
INFO: Run Behavior\ReadHtmlCacheBehavior [ RunTime:0.000381s ]
INFO: [ app_begin ] --END-- [ RunTime:0.000499s ]
SQL: SHOW COLUMNS FROM `user` [ RunTime:0.0061s ]
SQL: SHOW COLUMNS FROM `user` [ RunTime:0.0068s ]
SQL: SELECT COUNT(*) AS tp_count FROM `user` WHERE `username` = 'zenshuxun11' LIMIT 1   [ RunTime:0.0008s ]
SQL: SELECT COUNT(*) AS tp_count FROM `user` WHERE `tel` = '1990987' LIMIT 1   [ RunTime:0.0006s ]
INFO: [ app_end ] --START--
INFO: Run Behavior\ShowPageTraceBehavior [ RunTime:0.000493s ]
INFO: [ app_end ] --END-- [ RunTime:0.000605s ]

[ 2017-03-13T21:47:41+08:00 ] 127.0.0.1 /index.php/Api/user/reg
INFO: [ app_init ] --START--
INFO: Run Behavior\BuildLiteBehavior [ RunTime:0.000029s ]
INFO: [ app_init ] --END-- [ RunTime:0.000454s ]
INFO: [ app_begin ] --START--
INFO: Run Behavior\ReadHtmlCacheBehavior [ RunTime:0.000491s ]
INFO: [ app_begin ] --END-- [ RunTime:0.000603s ]
SQL: SHOW COLUMNS FROM `user` [ RunTime:0.0059s ]
SQL: SHOW COLUMNS FROM `user` [ RunTime:0.0056s ]
SQL: SELECT COUNT(*) AS tp_count FROM `user` WHERE `username` = 'zenshuxun1' LIMIT 1   [ RunTime:0.0003s ]
INFO: [ app_end ] --START--
INFO: Run Behavior\ShowPageTraceBehavior [ RunTime:0.000640s ]
INFO: [ app_end ] --END-- [ RunTime:0.000754s ]

[ 2017-03-13T21:48:13+08:00 ] 127.0.0.1 /index.php/Api/user/reg
INFO: [ app_init ] --START--
INFO: Run Behavior\BuildLiteBehavior [ RunTime:0.000025s ]
INFO: [ app_init ] --END-- [ RunTime:0.000528s ]
INFO: [ app_begin ] --START--
INFO: Run Behavior\ReadHtmlCacheBehavior [ RunTime:0.000481s ]
INFO: [ app_begin ] --END-- [ RunTime:0.000616s ]
SQL: SHOW COLUMNS FROM `user` [ RunTime:0.0065s ]
SQL: SHOW COLUMNS FROM `user` [ RunTime:0.0058s ]
SQL: SELECT COUNT(*) AS tp_count FROM `user` WHERE `username` = 'zenshuxun11' LIMIT 1   [ RunTime:0.0005s ]
SQL: SELECT COUNT(*) AS tp_count FROM `user` WHERE `tel` = '1990987' LIMIT 1   [ RunTime:0.0004s ]
INFO: [ app_end ] --START--
INFO: Run Behavior\ShowPageTraceBehavior [ RunTime:0.000632s ]
INFO: [ app_end ] --END-- [ RunTime:0.000745s ]

[ 2017-03-13T21:48:31+08:00 ] 127.0.0.1 /index.php/Api/user/reg
INFO: [ app_init ] --START--
INFO: Run Behavior\BuildLiteBehavior [ RunTime:0.000037s ]
INFO: [ app_init ] --END-- [ RunTime:0.000485s ]
INFO: [ app_begin ] --START--
INFO: Run Behavior\ReadHtmlCacheBehavior [ RunTime:0.000380s ]
INFO: [ app_begin ] --END-- [ RunTime:0.000501s ]
SQL: SHOW COLUMNS FROM `user` [ RunTime:0.0068s ]
SQL: SHOW COLUMNS FROM `user` [ RunTime:0.0078s ]
SQL: SELECT COUNT(*) AS tp_count FROM `user` WHERE `username` = 'zenshuxun11' LIMIT 1   [ RunTime:0.0012s ]
SQL: SELECT COUNT(*) AS tp_count FROM `user` WHERE `tel` = '111111111' LIMIT 1   [ RunTime:0.0012s ]
SQL: INSERT INTO `user` (`username`,`tel`,`password`) VALUES ('zenshuxun11','111111111','zhaoyu11') [ RunTime:0.1052s ]
INFO: [ app_end ] --START--
INFO: Run Behavior\ShowPageTraceBehavior [ RunTime:0.000661s ]
INFO: [ app_end ] --END-- [ RunTime:0.000813s ]

[ 2017-03-13T21:48:31+08:00 ] 127.0.0.1 /index.php/Api/user/reg
INFO: [ app_init ] --START--
INFO: Run Behavior\BuildLiteBehavior [ RunTime:0.000025s ]
INFO: [ app_init ] --END-- [ RunTime:0.000374s ]
INFO: [ app_begin ] --START--
INFO: Run Behavior\ReadHtmlCacheBehavior [ RunTime:0.000671s ]
INFO: [ app_begin ] --END-- [ RunTime:0.000857s ]
SQL: SHOW COLUMNS FROM `user` [ RunTime:0.0066s ]
SQL: SHOW COLUMNS FROM `user` [ RunTime:0.0065s ]
SQL: SELECT COUNT(*) AS tp_count FROM `user` WHERE `username` = 'zenshuxun11' LIMIT 1   [ RunTime:0.0004s ]
INFO: [ app_end ] --START--
INFO: Run Behavior\ShowPageTraceBehavior [ RunTime:0.000562s ]
INFO: [ app_end ] --END-- [ RunTime:0.000729s ]

[ 2017-03-13T21:48:36+08:00 ] 127.0.0.1 /index.php/Api/user/reg
INFO: [ app_init ] --START--
INFO: Run Behavior\BuildLiteBehavior [ RunTime:0.000026s ]
INFO: [ app_init ] --END-- [ RunTime:0.000402s ]
INFO: [ app_begin ] --START--
INFO: Run Behavior\ReadHtmlCacheBehavior [ RunTime:0.000664s ]
INFO: [ app_begin ] --END-- [ RunTime:0.000912s ]
SQL: SHOW COLUMNS FROM `user` [ RunTime:0.0062s ]
SQL: SHOW COLUMNS FROM `user` [ RunTime:0.0065s ]
SQL: SELECT COUNT(*) AS tp_count FROM `user` WHERE `username` = 'zenshuxun111' LIMIT 1   [ RunTime:0.0009s ]
SQL: SELECT COUNT(*) AS tp_count FROM `user` WHERE `tel` = '1990987' LIMIT 1   [ RunTime:0.0006s ]
INFO: [ app_end ] --START--
INFO: Run Behavior\ShowPageTraceBehavior [ RunTime:0.000608s ]
INFO: [ app_end ] --END-- [ RunTime:0.000760s ]

[ 2017-03-13T21:48:57+08:00 ] 127.0.0.1 /index.php/Api/user/reg
INFO: [ app_init ] --START--
INFO: Run Behavior\BuildLiteBehavior [ RunTime:0.000050s ]
INFO: [ app_init ] --END-- [ RunTime:0.000824s ]
INFO: [ app_begin ] --START--
INFO: Run Behavior\ReadHtmlCacheBehavior [ RunTime:0.000545s ]
INFO: [ app_begin ] --END-- [ RunTime:0.000694s ]
SQL: SHOW COLUMNS FROM `user` [ RunTime:0.0062s ]
SQL: SHOW COLUMNS FROM `user` [ RunTime:0.0061s ]
SQL: SELECT COUNT(*) AS tp_count FROM `user` WHERE `username` = 'zenshuxun123' LIMIT 1   [ RunTime:0.0010s ]
SQL: SELECT COUNT(*) AS tp_count FROM `user` WHERE `tel` = '1990987123' LIMIT 1   [ RunTime:0.0006s ]
SQL: INSERT INTO `user` (`username`,`tel`,`password`) VALUES ('zenshuxun123','1990987123','zhaoyu1') [ RunTime:0.1922s ]
INFO: [ app_end ] --START--
INFO: Run Behavior\ShowPageTraceBehavior [ RunTime:0.000511s ]
INFO: [ app_end ] --END-- [ RunTime:0.000638s ]

[ 2017-03-13T21:50:36+08:00 ] 127.0.0.1 /index.php/Api/user/login
INFO: [ app_init ] --START--
INFO: Run Behavior\BuildLiteBehavior [ RunTime:0.000025s ]
INFO: [ app_init ] --END-- [ RunTime:0.000420s ]
INFO: [ app_begin ] --START--
INFO: Run Behavior\ReadHtmlCacheBehavior [ RunTime:0.000471s ]
INFO: [ app_begin ] --END-- [ RunTime:0.000593s ]
SQL: SHOW COLUMNS FROM `user` [ RunTime:0.0077s ]
SQL: SHOW COLUMNS FROM `user` [ RunTime:0.0062s ]
SQL: SELECT `username`,`head`,`location`,`account` FROM `user` WHERE ( `username` = '' OR `tel` = '' ) AND `password` = 'zhaoyu1' LIMIT 1   [ RunTime:0.0005s ]
INFO: [ app_end ] --START--
INFO: Run Behavior\ShowPageTraceBehavior [ RunTime:0.000576s ]
INFO: [ app_end ] --END-- [ RunTime:0.000686s ]

[ 2017-03-13T21:50:55+08:00 ] 127.0.0.1 /index.php/Api/user/login
INFO: [ app_init ] --START--
INFO: Run Behavior\BuildLiteBehavior [ RunTime:0.000026s ]
INFO: [ app_init ] --END-- [ RunTime:0.000370s ]
INFO: [ app_begin ] --START--
INFO: Run Behavior\ReadHtmlCacheBehavior [ RunTime:0.000370s ]
INFO: [ app_begin ] --END-- [ RunTime:0.000487s ]
SQL: SHOW COLUMNS FROM `user` [ RunTime:0.1009s ]
SQL: SHOW COLUMNS FROM `user` [ RunTime:0.0061s ]
SQL: SELECT `username`,`head`,`location`,`account` FROM `user` WHERE ( `username` = '' OR `tel` = '' ) AND `password` = 'zhaoyu1' LIMIT 1   [ RunTime:0.0008s ]
INFO: [ app_end ] --START--
INFO: Run Behavior\ShowPageTraceBehavior [ RunTime:0.000695s ]
INFO: [ app_end ] --END-- [ RunTime:0.000860s ]

[ 2017-03-13T21:50:59+08:00 ] 127.0.0.1 /index.php/Api/user/login
INFO: [ app_init ] --START--
INFO: Run Behavior\BuildLiteBehavior [ RunTime:0.000024s ]
INFO: [ app_init ] --END-- [ RunTime:0.000478s ]
INFO: [ app_begin ] --START--
INFO: Run Behavior\ReadHtmlCacheBehavior [ RunTime:0.000420s ]
INFO: [ app_begin ] --END-- [ RunTime:0.000557s ]
SQL: SHOW COLUMNS FROM `user` [ RunTime:0.0064s ]
SQL: SHOW COLUMNS FROM `user` [ RunTime:0.0067s ]
SQL: SELECT `username`,`head`,`location`,`account` FROM `user` WHERE ( `username` = '' OR `tel` = '' ) AND `password` = 'zhaoyu1' LIMIT 1   [ RunTime:0.0005s ]
INFO: [ app_end ] --START--
INFO: Run Behavior\ShowPageTraceBehavior [ RunTime:0.000719s ]
INFO: [ app_end ] --END-- [ RunTime:0.000847s ]

[ 2017-03-13T21:51:04+08:00 ] 127.0.0.1 /index.php/Api/user/login
INFO: [ app_init ] --START--
INFO: Run Behavior\BuildLiteBehavior [ RunTime:0.000025s ]
INFO: [ app_init ] --END-- [ RunTime:0.000470s ]
INFO: [ app_begin ] --START--
INFO: Run Behavior\ReadHtmlCacheBehavior [ RunTime:0.000389s ]
INFO: [ app_begin ] --END-- [ RunTime:0.000850s ]
SQL: SHOW COLUMNS FROM `user` [ RunTime:0.0062s ]
SQL: SHOW COLUMNS FROM `user` [ RunTime:0.0059s ]
SQL: SELECT `username`,`head`,`location`,`account` FROM `user` WHERE ( `username` = '' OR `tel` = '' ) AND `password` = '' LIMIT 1   [ RunTime:0.0007s ]
INFO: [ app_end ] --START--
INFO: Run Behavior\ShowPageTraceBehavior [ RunTime:0.000475s ]
INFO: [ app_end ] --END-- [ RunTime:0.000594s ]

[ 2017-03-13T21:51:07+08:00 ] 127.0.0.1 /index.php/Api/user/login
INFO: [ app_init ] --START--
INFO: Run Behavior\BuildLiteBehavior [ RunTime:0.000025s ]
INFO: [ app_init ] --END-- [ RunTime:0.000517s ]
INFO: [ app_begin ] --START--
INFO: Run Behavior\ReadHtmlCacheBehavior [ RunTime:0.000536s ]
INFO: [ app_begin ] --END-- [ RunTime:0.000663s ]
SQL: SHOW COLUMNS FROM `user` [ RunTime:0.0062s ]
SQL: SHOW COLUMNS FROM `user` [ RunTime:0.0078s ]
SQL: SELECT `username`,`head`,`location`,`account` FROM `user` WHERE ( `username` = '' OR `tel` = '' ) AND `password` = '' LIMIT 1   [ RunTime:0.0008s ]
INFO: [ app_end ] --START--
INFO: Run Behavior\ShowPageTraceBehavior [ RunTime:0.000598s ]
INFO: [ app_end ] --END-- [ RunTime:0.000746s ]

[ 2017-03-13T21:51:29+08:00 ] 127.0.0.1 /index.php/Api/user/login
INFO: [ app_init ] --START--
INFO: Run Behavior\BuildLiteBehavior [ RunTime:0.000027s ]
INFO: [ app_init ] --END-- [ RunTime:0.000462s ]
INFO: [ app_begin ] --START--
INFO: Run Behavior\ReadHtmlCacheBehavior [ RunTime:0.000412s ]
INFO: [ app_begin ] --END-- [ RunTime:0.000533s ]
SQL: SHOW COLUMNS FROM `user` [ RunTime:0.0069s ]
SQL: SHOW COLUMNS FROM `user` [ RunTime:0.0063s ]
SQL: SELECT `username`,`head`,`location`,`account` FROM `user` WHERE ( `username` = '1' OR `tel` = '1' ) AND `password` = '1' LIMIT 1   [ RunTime:0.0010s ]
INFO: [ app_end ] --START--
INFO: Run Behavior\ShowPageTraceBehavior [ RunTime:0.000546s ]
INFO: [ app_end ] --END-- [ RunTime:0.000673s ]

[ 2017-03-13T21:52:36+08:00 ] 127.0.0.1 /index.php/Api/user/login
INFO: [ app_init ] --START--
INFO: Run Behavior\BuildLiteBehavior [ RunTime:0.000027s ]
INFO: [ app_init ] --END-- [ RunTime:0.000393s ]
INFO: [ app_begin ] --START--
INFO: Run Behavior\ReadHtmlCacheBehavior [ RunTime:0.000360s ]
INFO: [ app_begin ] --END-- [ RunTime:0.000478s ]
SQL: SHOW COLUMNS FROM `user` [ RunTime:0.0062s ]
SQL: SHOW COLUMNS FROM `user` [ RunTime:0.0060s ]
SQL: SELECT `username`,`head`,`location`,`account` FROM `user` WHERE ( `username` = '1' OR `tel` = '1' ) AND `password` = '1' LIMIT 1   [ RunTime:0.0005s ]
INFO: [ app_end ] --START--
INFO: Run Behavior\ShowPageTraceBehavior [ RunTime:0.000566s ]
INFO: [ app_end ] --END-- [ RunTime:0.000696s ]

[ 2017-03-13T21:52:47+08:00 ] 127.0.0.1 /index.php/Api/user/login
INFO: [ app_init ] --START--
INFO: Run Behavior\BuildLiteBehavior [ RunTime:0.000025s ]
INFO: [ app_init ] --END-- [ RunTime:0.000567s ]
INFO: [ app_begin ] --START--
INFO: Run Behavior\ReadHtmlCacheBehavior [ RunTime:0.000574s ]
INFO: [ app_begin ] --END-- [ RunTime:0.000723s ]
SQL: SHOW COLUMNS FROM `user` [ RunTime:0.0059s ]
SQL: SHOW COLUMNS FROM `user` [ RunTime:0.0070s ]
SQL: SELECT `username`,`head`,`location`,`account` FROM `user` WHERE ( `username` = '1' OR `tel` = '1' ) AND `password` = '10' LIMIT 1   [ RunTime:0.0006s ]
INFO: [ app_end ] --START--
INFO: Run Behavior\ShowPageTraceBehavior [ RunTime:0.000621s ]
INFO: [ app_end ] --END-- [ RunTime:0.000755s ]

[ 2017-03-13T21:53:37+08:00 ] 127.0.0.1 /index.php/Api/user/login
INFO: [ app_init ] --START--
INFO: Run Behavior\BuildLiteBehavior [ RunTime:0.000025s ]
INFO: [ app_init ] --END-- [ RunTime:0.000462s ]
INFO: [ app_begin ] --START--
INFO: Run Behavior\ReadHtmlCacheBehavior [ RunTime:0.000467s ]
INFO: [ app_begin ] --END-- [ RunTime:0.000607s ]
SQL: SHOW COLUMNS FROM `user` [ RunTime:0.0068s ]
SQL: SHOW COLUMNS FROM `user` [ RunTime:0.0058s ]
SQL: SELECT `username`,`head`,`location`,`account` FROM `user` WHERE ( `username` = '1' OR `tel` = '1' ) AND `password` = '10' LIMIT 1   [ RunTime:0.0005s ]
INFO: [ app_end ] --START--
INFO: Run Behavior\ShowPageTraceBehavior [ RunTime:0.000799s ]
INFO: [ app_end ] --END-- [ RunTime:0.001002s ]

