[ 2017-03-27T20:48:29+08:00 ] 127.0.0.1 /index.php/Api/requirement/all
INFO: [ app_init ] --START--
INFO: Run Behavior\BuildLiteBehavior [ RunTime:0.000055s ]
INFO: [ app_init ] --END-- [ RunTime:0.044896s ]
INFO: [ app_begin ] --START--
INFO: Run Behavior\ReadHtmlCacheBehavior [ RunTime:0.012915s ]
INFO: [ app_begin ] --END-- [ RunTime:0.013131s ]
SQL: SHOW COLUMNS FROM `requirement` [ RunTime:0.0068s ]
SQL: SHOW COLUMNS FROM `requirement` [ RunTime:0.0062s ]
SQL: SELECT COUNT(*) AS tp_count FROM `requirement` WHERE `content` LIKE '%%' LIMIT 1   [ RunTime:0.0187s ]
SQL: SELECT * FROM `requirement` WHERE `content` LIKE '%%' LIMIT 0,10   [ RunTime:0.0009s ]
SQL: SHOW COLUMNS FROM `pics` [ RunTime:0.0136s ]
SQL: SELECT `src` FROM `pics` WHERE ( rid=1 )  [ RunTime:0.0008s ]
SQL: SELECT `src` FROM `pics` WHERE ( rid=2 )  [ RunTime:0.0007s ]
SQL: SELECT `src` FROM `pics` WHERE ( rid=3 )  [ RunTime:0.0009s ]
SQL: SELECT `src` FROM `pics` WHERE ( rid=4 )  [ RunTime:0.0007s ]
SQL: SELECT `src` FROM `pics` WHERE ( rid=6 )  [ RunTime:0.0007s ]
SQL: SELECT `src` FROM `pics` WHERE ( rid=7 )  [ RunTime:0.0006s ]
SQL: SELECT `src` FROM `pics` WHERE ( rid=20 )  [ RunTime:0.0006s ]
SQL: SELECT `src` FROM `pics` WHERE ( rid=21 )  [ RunTime:0.0007s ]
SQL: SELECT `src` FROM `pics` WHERE ( rid=22 )  [ RunTime:0.0006s ]
INFO: [ app_end ] --START--
INFO: Run Behavior\ShowPageTraceBehavior [ RunTime:0.014130s ]
INFO: [ app_end ] --END-- [ RunTime:0.014422s ]

[ 2017-03-27T20:48:42+08:00 ] 127.0.0.1 /index.php/Api/requirement/all
INFO: [ app_init ] --START--
INFO: Run Behavior\BuildLiteBehavior [ RunTime:0.000028s ]
INFO: [ app_init ] --END-- [ RunTime:0.000590s ]
INFO: [ app_begin ] --START--
INFO: Run Behavior\ReadHtmlCacheBehavior [ RunTime:0.000396s ]
INFO: [ app_begin ] --END-- [ RunTime:0.000520s ]
SQL: SHOW COLUMNS FROM `requirement` [ RunTime:0.0071s ]
SQL: SHOW COLUMNS FROM `requirement` [ RunTime:0.0072s ]
SQL: SELECT COUNT(*) AS tp_count FROM `requirement` WHERE `content` LIKE '%%' LIMIT 1   [ RunTime:0.0008s ]
SQL: SELECT * FROM `requirement` WHERE `content` LIKE '%%' LIMIT 0,10   [ RunTime:0.0009s ]
SQL: SHOW COLUMNS FROM `pics` [ RunTime:0.0061s ]
SQL: SELECT `src` FROM `pics` WHERE ( rid=1 )  [ RunTime:0.0005s ]
SQL: SELECT `src` FROM `pics` WHERE ( rid=2 )  [ RunTime:0.0003s ]
SQL: SELECT `src` FROM `pics` WHERE ( rid=3 )  [ RunTime:0.0003s ]
SQL: SELECT `src` FROM `pics` WHERE ( rid=4 )  [ RunTime:0.0003s ]
SQL: SELECT `src` FROM `pics` WHERE ( rid=6 )  [ RunTime:0.0003s ]
SQL: SELECT `src` FROM `pics` WHERE ( rid=7 )  [ RunTime:0.0003s ]
SQL: SELECT `src` FROM `pics` WHERE ( rid=20 )  [ RunTime:0.0003s ]
SQL: SELECT `src` FROM `pics` WHERE ( rid=21 )  [ RunTime:0.0005s ]
SQL: SELECT `src` FROM `pics` WHERE ( rid=22 )  [ RunTime:0.0004s ]
INFO: [ app_end ] --START--
INFO: Run Behavior\ShowPageTraceBehavior [ RunTime:0.000539s ]
INFO: [ app_end ] --END-- [ RunTime:0.000653s ]

[ 2017-03-27T20:49:12+08:00 ] 127.0.0.1 /index.php/Api/requirement/all
INFO: [ app_init ] --START--
INFO: Run Behavior\BuildLiteBehavior [ RunTime:0.000025s ]
INFO: [ app_init ] --END-- [ RunTime:0.000363s ]
INFO: [ app_begin ] --START--
INFO: Run Behavior\ReadHtmlCacheBehavior [ RunTime:0.000345s ]
INFO: [ app_begin ] --END-- [ RunTime:0.000468s ]
SQL: SHOW COLUMNS FROM `requirement` [ RunTime:0.0061s ]
SQL: SHOW COLUMNS FROM `requirement` [ RunTime:0.0067s ]
SQL: SELECT COUNT(*) AS tp_count FROM `requirement` WHERE `content` LIKE '%%' LIMIT 1   [ RunTime:0.0006s ]
SQL: SELECT * FROM `requirement` WHERE `content` LIKE '%%' LIMIT 0,10   [ RunTime:0.0008s ]
SQL: SHOW COLUMNS FROM `pics` [ RunTime:0.0059s ]
SQL: SELECT `src` FROM `pics` WHERE ( rid=1 )  [ RunTime:0.0005s ]
SQL: SELECT `src` FROM `pics` WHERE ( rid=2 )  [ RunTime:0.0004s ]
SQL: SELECT `src` FROM `pics` WHERE ( rid=3 )  [ RunTime:0.0004s ]
SQL: SELECT `src` FROM `pics` WHERE ( rid=4 )  [ RunTime:0.0004s ]
SQL: SELECT `src` FROM `pics` WHERE ( rid=6 )  [ RunTime:0.0006s ]
SQL: SELECT `src` FROM `pics` WHERE ( rid=7 )  [ RunTime:0.0004s ]
SQL: SELECT `src` FROM `pics` WHERE ( rid=20 )  [ RunTime:0.0004s ]
SQL: SELECT `src` FROM `pics` WHERE ( rid=21 )  [ RunTime:0.0003s ]
SQL: SELECT `src` FROM `pics` WHERE ( rid=22 )  [ RunTime:0.0004s ]
INFO: [ app_end ] --START--
INFO: Run Behavior\ShowPageTraceBehavior [ RunTime:0.000947s ]
INFO: [ app_end ] --END-- [ RunTime:0.001157s ]

[ 2017-03-27T20:49:35+08:00 ] 127.0.0.1 /index.php/Api/requirement/all
INFO: [ app_init ] --START--
INFO: Run Behavior\BuildLiteBehavior [ RunTime:0.000025s ]
INFO: [ app_init ] --END-- [ RunTime:0.000386s ]
INFO: [ app_begin ] --START--
INFO: Run Behavior\ReadHtmlCacheBehavior [ RunTime:0.000977s ]
INFO: [ app_begin ] --END-- [ RunTime:0.001174s ]
SQL: SHOW COLUMNS FROM `requirement` [ RunTime:0.0057s ]
SQL: SHOW COLUMNS FROM `requirement` [ RunTime:0.0069s ]
SQL: SELECT COUNT(*) AS tp_count FROM `requirement` WHERE `content` LIKE '%%' LIMIT 1   [ RunTime:0.0006s ]
SQL: SELECT * FROM `requirement` WHERE `content` LIKE '%%' LIMIT 0,10   [ RunTime:0.0007s ]
SQL: SHOW COLUMNS FROM `pics` [ RunTime:0.0056s ]
SQL: SELECT `src` FROM `pics` WHERE ( rid=1 )  [ RunTime:0.0006s ]
SQL: SELECT `src` FROM `pics` WHERE ( rid=2 )  [ RunTime:0.0003s ]
SQL: SELECT `src` FROM `pics` WHERE ( rid=3 )  [ RunTime:0.0003s ]
SQL: SELECT `src` FROM `pics` WHERE ( rid=4 )  [ RunTime:0.0003s ]
SQL: SELECT `src` FROM `pics` WHERE ( rid=6 )  [ RunTime:0.0003s ]
SQL: SELECT `src` FROM `pics` WHERE ( rid=7 )  [ RunTime:0.0003s ]
SQL: SELECT `src` FROM `pics` WHERE ( rid=20 )  [ RunTime:0.0004s ]
SQL: SELECT `src` FROM `pics` WHERE ( rid=21 )  [ RunTime:0.0006s ]
SQL: SELECT `src` FROM `pics` WHERE ( rid=22 )  [ RunTime:0.0003s ]
INFO: [ app_end ] --START--
INFO: Run Behavior\ShowPageTraceBehavior [ RunTime:0.000466s ]
INFO: [ app_end ] --END-- [ RunTime:0.000580s ]

[ 2017-03-27T20:51:53+08:00 ] 127.0.0.1 /index.php/Api/requirement/all
INFO: [ app_init ] --START--
INFO: Run Behavior\BuildLiteBehavior [ RunTime:0.000045s ]
INFO: [ app_init ] --END-- [ RunTime:0.000681s ]
INFO: [ app_begin ] --START--
INFO: Run Behavior\ReadHtmlCacheBehavior [ RunTime:0.000690s ]
INFO: [ app_begin ] --END-- [ RunTime:0.000911s ]
SQL: SHOW COLUMNS FROM `requirement` [ RunTime:0.0076s ]
SQL: SHOW COLUMNS FROM `requirement` [ RunTime:0.0055s ]
SQL: SELECT COUNT(*) AS tp_count FROM `requirement` WHERE `content` LIKE '%%' LIMIT 1   [ RunTime:0.0005s ]
SQL: SELECT * FROM `requirement` WHERE `content` LIKE '%%' LIMIT 0,10   [ RunTime:0.0009s ]
SQL: SHOW COLUMNS FROM `pics` [ RunTime:0.0059s ]
SQL: SELECT `src` FROM `pics` WHERE ( rid=1 )  [ RunTime:0.0004s ]
SQL: SELECT `src` FROM `pics` WHERE ( rid=2 )  [ RunTime:0.0003s ]
SQL: SELECT `src` FROM `pics` WHERE ( rid=3 )  [ RunTime:0.0003s ]
SQL: SELECT `src` FROM `pics` WHERE ( rid=4 )  [ RunTime:0.0003s ]
SQL: SELECT `src` FROM `pics` WHERE ( rid=6 )  [ RunTime:0.0003s ]
SQL: SELECT `src` FROM `pics` WHERE ( rid=7 )  [ RunTime:0.0003s ]
SQL: SELECT `src` FROM `pics` WHERE ( rid=20 )  [ RunTime:0.0003s ]
SQL: SELECT `src` FROM `pics` WHERE ( rid=21 )  [ RunTime:0.0003s ]
SQL: SELECT `src` FROM `pics` WHERE ( rid=22 )  [ RunTime:0.0003s ]
INFO: [ app_end ] --START--
INFO: Run Behavior\ShowPageTraceBehavior [ RunTime:0.000546s ]
INFO: [ app_end ] --END-- [ RunTime:0.000656s ]

[ 2017-03-27T20:52:05+08:00 ] 127.0.0.1 /index.php/Api/requirement/all
INFO: [ app_init ] --START--
INFO: Run Behavior\BuildLiteBehavior [ RunTime:0.000025s ]
INFO: [ app_init ] --END-- [ RunTime:0.000379s ]
INFO: [ app_begin ] --START--
INFO: Run Behavior\ReadHtmlCacheBehavior [ RunTime:0.000818s ]
INFO: [ app_begin ] --END-- [ RunTime:0.001062s ]
SQL: SHOW COLUMNS FROM `requirement` [ RunTime:0.0073s ]
SQL: SHOW COLUMNS FROM `requirement` [ RunTime:0.0056s ]
SQL: SELECT COUNT(*) AS tp_count FROM `requirement` WHERE `content` LIKE '%%' LIMIT 1   [ RunTime:0.0004s ]
SQL: SELECT * FROM `requirement` WHERE `content` LIKE '%%' LIMIT 0,10   [ RunTime:0.0005s ]
SQL: SHOW COLUMNS FROM `pics` [ RunTime:0.0065s ]
SQL: SELECT `src` FROM `pics` WHERE ( rid=1 )  [ RunTime:0.0006s ]
SQL: SELECT `src` FROM `pics` WHERE ( rid=2 )  [ RunTime:0.0003s ]
SQL: SELECT `src` FROM `pics` WHERE ( rid=3 )  [ RunTime:0.0003s ]
SQL: SELECT `src` FROM `pics` WHERE ( rid=4 )  [ RunTime:0.0003s ]
SQL: SELECT `src` FROM `pics` WHERE ( rid=6 )  [ RunTime:0.0002s ]
SQL: SELECT `src` FROM `pics` WHERE ( rid=7 )  [ RunTime:0.0002s ]
SQL: SELECT `src` FROM `pics` WHERE ( rid=20 )  [ RunTime:0.0002s ]
SQL: SELECT `src` FROM `pics` WHERE ( rid=21 )  [ RunTime:0.0002s ]
SQL: SELECT `src` FROM `pics` WHERE ( rid=22 )  [ RunTime:0.0002s ]
INFO: [ app_end ] --START--
INFO: Run Behavior\ShowPageTraceBehavior [ RunTime:0.000476s ]
INFO: [ app_end ] --END-- [ RunTime:0.000591s ]

[ 2017-03-27T20:52:27+08:00 ] 127.0.0.1 /index.php/Api/item/all
INFO: [ app_init ] --START--
INFO: Run Behavior\BuildLiteBehavior [ RunTime:0.000026s ]
INFO: [ app_init ] --END-- [ RunTime:0.000390s ]
INFO: [ app_begin ] --START--
INFO: Run Behavior\ReadHtmlCacheBehavior [ RunTime:0.000374s ]
INFO: [ app_begin ] --END-- [ RunTime:0.000496s ]
ERR: 无法加载控制器:Item

[ 2017-03-27T20:52:44+08:00 ] 127.0.0.1 /index.php/Api/item/all
INFO: [ app_init ] --START--
INFO: Run Behavior\BuildLiteBehavior [ RunTime:0.000025s ]
INFO: [ app_init ] --END-- [ RunTime:0.000352s ]
INFO: [ app_begin ] --START--
INFO: Run Behavior\ReadHtmlCacheBehavior [ RunTime:0.000359s ]
INFO: [ app_begin ] --END-- [ RunTime:0.000470s ]
ERR: 无法加载控制器:Item

[ 2017-03-27T20:53:37+08:00 ] 127.0.0.1 /index.php/api/item/search
INFO: [ app_init ] --START--
INFO: Run Behavior\BuildLiteBehavior [ RunTime:0.000027s ]
INFO: [ app_init ] --END-- [ RunTime:0.000399s ]
INFO: [ app_begin ] --START--
INFO: Run Behavior\ReadHtmlCacheBehavior [ RunTime:0.001400s ]
INFO: [ app_begin ] --END-- [ RunTime:0.001586s ]
ERR: 无法加载控制器:Item

[ 2017-03-27T21:00:30+08:00 ] 127.0.0.1 /index.php/Api/requirement/update
INFO: [ app_init ] --START--
INFO: Run Behavior\BuildLiteBehavior [ RunTime:0.000028s ]
INFO: [ app_init ] --END-- [ RunTime:0.000472s ]
INFO: [ app_begin ] --START--
INFO: Run Behavior\ReadHtmlCacheBehavior [ RunTime:0.000722s ]
INFO: [ app_begin ] --END-- [ RunTime:0.000943s ]
SQL: SHOW COLUMNS FROM `requirement` [ RunTime:0.0081s ]
SQL: SHOW COLUMNS FROM `requirement` [ RunTime:0.0059s ]
NOTIC: [8] Undefined index: validate E:\wamp\www\pinin\ThinkPHP\Library\Think\Model.class.php 第 1185 行.
NOTIC: [8] Undefined index: auto E:\wamp\www\pinin\ThinkPHP\Library\Think\Model.class.php 第 1128 行.
SQL: UPDATE `requirement` SET `uid`='2',`content`='qqqqqqq' WHERE `id` = 22 [ RunTime:0.0789s ]
INFO: [ app_end ] --START--
INFO: Run Behavior\ShowPageTraceBehavior [ RunTime:0.000711s ]
INFO: [ app_end ] --END-- [ RunTime:0.000834s ]

[ 2017-03-27T21:01:35+08:00 ] 127.0.0.1 /index.php/Api/requirement/update
INFO: [ app_init ] --START--
INFO: Run Behavior\BuildLiteBehavior [ RunTime:0.000058s ]
INFO: [ app_init ] --END-- [ RunTime:0.000918s ]
INFO: [ app_begin ] --START--
INFO: Run Behavior\ReadHtmlCacheBehavior [ RunTime:0.000615s ]
INFO: [ app_begin ] --END-- [ RunTime:0.000767s ]
SQL: SHOW COLUMNS FROM `requirement` [ RunTime:0.0078s ]
SQL: SHOW COLUMNS FROM `requirement` [ RunTime:0.0061s ]
NOTIC: [8] Undefined index: validate E:\wamp\www\pinin\ThinkPHP\Library\Think\Model.class.php 第 1185 行.
NOTIC: [8] Undefined index: auto E:\wamp\www\pinin\ThinkPHP\Library\Think\Model.class.php 第 1128 行.
SQL: UPDATE `requirement` SET `uid`='2',`content`='qqqqqqq' WHERE `id` = 22 [ RunTime:0.0620s ]
INFO: [ app_end ] --START--
INFO: Run Behavior\ShowPageTraceBehavior [ RunTime:0.000656s ]
INFO: [ app_end ] --END-- [ RunTime:0.000833s ]

