[ 2017-03-22T12:54:43+08:00 ] 127.0.0.1 /index.php/Api/requirement/publish
INFO: [ app_init ] --START--
INFO: Run Behavior\BuildLiteBehavior [ RunTime:0.000091s ]
INFO: [ app_init ] --END-- [ RunTime:0.114788s ]
INFO: [ app_begin ] --START--
INFO: Run Behavior\ReadHtmlCacheBehavior [ RunTime:0.087413s ]
INFO: [ app_begin ] --END-- [ RunTime:0.087864s ]
SQL: SHOW COLUMNS FROM `requirement` [ RunTime:0.0067s ]
SQL: SHOW COLUMNS FROM `requirement` [ RunTime:0.0066s ]
NOTIC: [8] Undefined index: validate E:\wamp\www\pinin\ThinkPHP\Library\Think\Model.class.php 第 1185 行.
NOTIC: [8] Undefined index: auto E:\wamp\www\pinin\ThinkPHP\Library\Think\Model.class.php 第 1128 行.
SQL: INSERT INTO `requirement` (`id`,`uid`,`content`,`online`) VALUES ('9','2','2134536','0') [ RunTime:0.3619s ]
INFO: [ app_end ] --START--
INFO: Run Behavior\ShowPageTraceBehavior [ RunTime:0.068722s ]
INFO: [ app_end ] --END-- [ RunTime:0.069356s ]

[ 2017-03-22T12:57:30+08:00 ] 127.0.0.1 /index.php/Api/requirement/publish
INFO: [ app_init ] --START--
INFO: Run Behavior\BuildLiteBehavior [ RunTime:0.000026s ]
INFO: [ app_init ] --END-- [ RunTime:0.000403s ]
INFO: [ app_begin ] --START--
INFO: Run Behavior\ReadHtmlCacheBehavior [ RunTime:0.000457s ]
INFO: [ app_begin ] --END-- [ RunTime:0.000575s ]
SQL: SHOW COLUMNS FROM `requirement` [ RunTime:0.0062s ]
SQL: SHOW COLUMNS FROM `requirement` [ RunTime:0.0070s ]
NOTIC: [8] Undefined index: validate E:\wamp\www\pinin\ThinkPHP\Library\Think\Model.class.php 第 1185 行.
NOTIC: [8] Undefined index: auto E:\wamp\www\pinin\ThinkPHP\Library\Think\Model.class.php 第 1128 行.
SQL: INSERT INTO `requirement` (`id`,`uid`,`content`,`online`) VALUES ('9','2','2134536','0') [ RunTime:0.1028s ]
INFO: [ app_end ] --START--
INFO: Run Behavior\ShowPageTraceBehavior [ RunTime:0.000636s ]
INFO: [ app_end ] --END-- [ RunTime:0.000782s ]

[ 2017-03-22T12:57:51+08:00 ] 127.0.0.1 /index.php/Api/requirement/publish
INFO: [ app_init ] --START--
INFO: Run Behavior\BuildLiteBehavior [ RunTime:0.000025s ]
INFO: [ app_init ] --END-- [ RunTime:0.000411s ]
INFO: [ app_begin ] --START--
INFO: Run Behavior\ReadHtmlCacheBehavior [ RunTime:0.000369s ]
INFO: [ app_begin ] --END-- [ RunTime:0.000486s ]
SQL: SHOW COLUMNS FROM `requirement` [ RunTime:0.0060s ]
SQL: SHOW COLUMNS FROM `requirement` [ RunTime:0.0067s ]
NOTIC: [8] Undefined index: validate E:\wamp\www\pinin\ThinkPHP\Library\Think\Model.class.php 第 1185 行.
NOTIC: [8] Undefined index: auto E:\wamp\www\pinin\ThinkPHP\Library\Think\Model.class.php 第 1128 行.
SQL: INSERT INTO `requirement` (`id`,`uid`,`content`,`online`) VALUES ('10','2','2134536','0') [ RunTime:0.0862s ]
INFO: [ app_end ] --START--
INFO: Run Behavior\ShowPageTraceBehavior [ RunTime:0.002489s ]
INFO: [ app_end ] --END-- [ RunTime:0.003206s ]

[ 2017-03-22T12:58:42+08:00 ] 127.0.0.1 /index.php/Api/requirement/publish
INFO: [ app_init ] --START--
INFO: Run Behavior\BuildLiteBehavior [ RunTime:0.000024s ]
INFO: [ app_init ] --END-- [ RunTime:0.000338s ]
INFO: [ app_begin ] --START--
INFO: Run Behavior\ReadHtmlCacheBehavior [ RunTime:0.000325s ]
INFO: [ app_begin ] --END-- [ RunTime:0.000432s ]
SQL: SHOW COLUMNS FROM `requirement` [ RunTime:0.0067s ]
SQL: SHOW COLUMNS FROM `requirement` [ RunTime:0.0061s ]
NOTIC: [8] Undefined index: validate E:\wamp\www\pinin\ThinkPHP\Library\Think\Model.class.php 第 1185 行.
NOTIC: [8] Undefined index: auto E:\wamp\www\pinin\ThinkPHP\Library\Think\Model.class.php 第 1128 行.
SQL: INSERT INTO `requirement` (`id`,`uid`,`content`,`online`) VALUES ('10','2','2134536','0') [ RunTime:0.0703s ]
INFO: [ app_end ] --START--
INFO: Run Behavior\ShowPageTraceBehavior [ RunTime:0.000543s ]
INFO: [ app_end ] --END-- [ RunTime:0.000677s ]

[ 2017-03-22T12:58:51+08:00 ] 127.0.0.1 /index.php/Api/requirement/publish
INFO: [ app_init ] --START--
INFO: Run Behavior\BuildLiteBehavior [ RunTime:0.000024s ]
INFO: [ app_init ] --END-- [ RunTime:0.000377s ]
INFO: [ app_begin ] --START--
INFO: Run Behavior\ReadHtmlCacheBehavior [ RunTime:0.000346s ]
INFO: [ app_begin ] --END-- [ RunTime:0.000463s ]
SQL: SHOW COLUMNS FROM `requirement` [ RunTime:0.0054s ]
SQL: SHOW COLUMNS FROM `requirement` [ RunTime:0.0061s ]
NOTIC: [8] Undefined index: validate E:\wamp\www\pinin\ThinkPHP\Library\Think\Model.class.php 第 1185 行.
NOTIC: [8] Undefined index: auto E:\wamp\www\pinin\ThinkPHP\Library\Think\Model.class.php 第 1128 行.
SQL: INSERT INTO `requirement` (`id`,`uid`,`content`,`online`) VALUES ('7','2','2134536','0') [ RunTime:0.0780s ]
INFO: [ app_end ] --START--
INFO: Run Behavior\ShowPageTraceBehavior [ RunTime:0.000597s ]
INFO: [ app_end ] --END-- [ RunTime:0.000755s ]

[ 2017-03-22T13:02:45+08:00 ] 127.0.0.1 /index.php/Api/requirement/update
INFO: [ app_init ] --START--
INFO: Run Behavior\BuildLiteBehavior [ RunTime:0.000025s ]
INFO: [ app_init ] --END-- [ RunTime:0.000403s ]
INFO: [ app_begin ] --START--
INFO: Run Behavior\ReadHtmlCacheBehavior [ RunTime:0.000446s ]
INFO: [ app_begin ] --END-- [ RunTime:0.000564s ]
SQL: SHOW COLUMNS FROM `requirement` [ RunTime:0.0068s ]
SQL: SHOW COLUMNS FROM `requirement` [ RunTime:0.0059s ]
NOTIC: [8] Undefined index: validate E:\wamp\www\pinin\ThinkPHP\Library\Think\Model.class.php 第 1185 行.
NOTIC: [8] Undefined index: auto E:\wamp\www\pinin\ThinkPHP\Library\Think\Model.class.php 第 1128 行.
NOTIC: [8] Undefined variable: id E:\wamp\www\pinin\Application\Api\Controller\RequirementController.class.php 第 88 行.
NOTIC: [8] Undefined variable: num E:\wamp\www\pinin\Application\Api\Controller\RequirementController.class.php 第 89 行.
INFO: [ app_end ] --START--
INFO: Run Behavior\ShowPageTraceBehavior [ RunTime:0.000554s ]
INFO: [ app_end ] --END-- [ RunTime:0.000672s ]

[ 2017-03-22T13:03:22+08:00 ] 127.0.0.1 /index.php/Api/requirement/update
INFO: [ app_init ] --START--
INFO: Run Behavior\BuildLiteBehavior [ RunTime:0.000024s ]
INFO: [ app_init ] --END-- [ RunTime:0.000524s ]
INFO: [ app_begin ] --START--
INFO: Run Behavior\ReadHtmlCacheBehavior [ RunTime:0.000532s ]
INFO: [ app_begin ] --END-- [ RunTime:0.000680s ]
SQL: SHOW COLUMNS FROM `requirement` [ RunTime:0.0063s ]
SQL: SHOW COLUMNS FROM `requirement` [ RunTime:0.0064s ]
NOTIC: [8] Undefined index: validate E:\wamp\www\pinin\ThinkPHP\Library\Think\Model.class.php 第 1185 行.
NOTIC: [8] Undefined index: auto E:\wamp\www\pinin\ThinkPHP\Library\Think\Model.class.php 第 1128 行.
SQL: UPDATE `requirement` SET `uid`='2',`content`='2134536',`online`='0' WHERE `id` = 7 [ RunTime:0.0802s ]
INFO: [ app_end ] --START--
INFO: Run Behavior\ShowPageTraceBehavior [ RunTime:0.000535s ]
INFO: [ app_end ] --END-- [ RunTime:0.000665s ]

[ 2017-03-22T13:14:42+08:00 ] 127.0.0.1 /index.php/Api/requirement/update
INFO: [ app_init ] --START--
INFO: Run Behavior\BuildLiteBehavior [ RunTime:0.000026s ]
INFO: [ app_init ] --END-- [ RunTime:0.000420s ]
INFO: [ app_begin ] --START--
INFO: Run Behavior\ReadHtmlCacheBehavior [ RunTime:0.000478s ]
INFO: [ app_begin ] --END-- [ RunTime:0.000606s ]
SQL: SHOW COLUMNS FROM `requirement` [ RunTime:0.0077s ]
SQL: SHOW COLUMNS FROM `requirement` [ RunTime:0.0068s ]
NOTIC: [8] Undefined index: validate E:\wamp\www\pinin\ThinkPHP\Library\Think\Model.class.php 第 1185 行.
NOTIC: [8] Undefined index: auto E:\wamp\www\pinin\ThinkPHP\Library\Think\Model.class.php 第 1128 行.
SQL: UPDATE `requirement` SET `uid`='2',`content`='2134536',`online`='1' WHERE `id` = 21 [ RunTime:0.0520s ]
INFO: [ app_end ] --START--
INFO: Run Behavior\ShowPageTraceBehavior [ RunTime:0.000676s ]
INFO: [ app_end ] --END-- [ RunTime:0.000804s ]

[ 2017-03-22T19:13:27+08:00 ] 127.0.0.1 /index.php/Api/user/update
INFO: [ app_init ] --START--
INFO: Run Behavior\BuildLiteBehavior [ RunTime:0.000033s ]
INFO: [ app_init ] --END-- [ RunTime:0.015107s ]
INFO: [ app_begin ] --START--
INFO: Run Behavior\ReadHtmlCacheBehavior [ RunTime:0.015544s ]
INFO: [ app_begin ] --END-- [ RunTime:0.015714s ]
SQL: SHOW COLUMNS FROM `user` [ RunTime:0.0075s ]
NOTIC: [8] Undefined index: validate E:\wamp\www\pinin\ThinkPHP\Library\Think\Model.class.php 第 1185 行.
NOTIC: [8] Undefined index: auto E:\wamp\www\pinin\ThinkPHP\Library\Think\Model.class.php 第 1128 行.
SQL: UPDATE `user` SET `username`='8888',`password`='1111' WHERE `id` = 9 [ RunTime:0.0698s ]
INFO: [ app_end ] --START--
INFO: Run Behavior\ShowPageTraceBehavior [ RunTime:0.020702s ]
INFO: [ app_end ] --END-- [ RunTime:0.021197s ]

[ 2017-03-22T19:15:59+08:00 ] 127.0.0.1 /index.php/Api/user/login
INFO: [ app_init ] --START--
INFO: Run Behavior\BuildLiteBehavior [ RunTime:0.000024s ]
INFO: [ app_init ] --END-- [ RunTime:0.000411s ]
INFO: [ app_begin ] --START--
INFO: Run Behavior\ReadHtmlCacheBehavior [ RunTime:0.000659s ]
INFO: [ app_begin ] --END-- [ RunTime:0.000803s ]
NOTIC: [8] Undefined variable: result E:\wamp\www\pinin\Application\Api\Controller\UserController.class.php 第 25 行.
INFO: [ app_end ] --START--
INFO: Run Behavior\ShowPageTraceBehavior [ RunTime:0.000732s ]
INFO: [ app_end ] --END-- [ RunTime:0.001000s ]

[ 2017-03-22T19:16:29+08:00 ] 127.0.0.1 /index.php/Api/user/login
INFO: [ app_init ] --START--
INFO: Run Behavior\BuildLiteBehavior [ RunTime:0.000025s ]
INFO: [ app_init ] --END-- [ RunTime:0.000381s ]
INFO: [ app_begin ] --START--
INFO: Run Behavior\ReadHtmlCacheBehavior [ RunTime:0.000376s ]
INFO: [ app_begin ] --END-- [ RunTime:0.000498s ]
SQL: SHOW COLUMNS FROM `user` [ RunTime:0.0066s ]
SQL: SHOW COLUMNS FROM `user` [ RunTime:0.0066s ]
SQL: SELECT `username`,`head`,`location`,`account` FROM `user` WHERE ( `username` = '' OR `tel` = '' ) AND `password` = '' LIMIT 1   [ RunTime:0.0005s ]
INFO: [ app_end ] --START--
INFO: Run Behavior\ShowPageTraceBehavior [ RunTime:0.000562s ]
INFO: [ app_end ] --END-- [ RunTime:0.000675s ]

[ 2017-03-22T19:17:43+08:00 ] 127.0.0.1 /index.php/Api/user/login
INFO: [ app_init ] --START--
INFO: Run Behavior\BuildLiteBehavior [ RunTime:0.000025s ]
INFO: [ app_init ] --END-- [ RunTime:0.000381s ]
INFO: [ app_begin ] --START--
INFO: Run Behavior\ReadHtmlCacheBehavior [ RunTime:0.000606s ]
INFO: [ app_begin ] --END-- [ RunTime:0.000804s ]
SQL: SHOW COLUMNS FROM `user` [ RunTime:0.0074s ]
SQL: SHOW COLUMNS FROM `user` [ RunTime:0.0073s ]
SQL: SELECT `username`,`head`,`location`,`account` FROM `user` WHERE ( `username` = '' OR `tel` = '' ) AND `password` = '' LIMIT 1   [ RunTime:0.0008s ]
INFO: [ app_end ] --START--
INFO: Run Behavior\ShowPageTraceBehavior [ RunTime:0.000523s ]
INFO: [ app_end ] --END-- [ RunTime:0.000632s ]

[ 2017-03-22T19:17:57+08:00 ] 127.0.0.1 /index.php/Api/user/login
INFO: [ app_init ] --START--
INFO: Run Behavior\BuildLiteBehavior [ RunTime:0.000025s ]
INFO: [ app_init ] --END-- [ RunTime:0.000459s ]
INFO: [ app_begin ] --START--
INFO: Run Behavior\ReadHtmlCacheBehavior [ RunTime:0.000424s ]
INFO: [ app_begin ] --END-- [ RunTime:0.000539s ]
SQL: SHOW COLUMNS FROM `user` [ RunTime:0.0060s ]
SQL: SHOW COLUMNS FROM `user` [ RunTime:0.0065s ]
SQL: SELECT `username`,`head`,`location`,`account` FROM `user` WHERE ( `username` = '' OR `tel` = '' ) AND `password` = '' LIMIT 1   [ RunTime:0.0003s ]
INFO: [ app_end ] --START--
INFO: Run Behavior\ShowPageTraceBehavior [ RunTime:0.000458s ]
INFO: [ app_end ] --END-- [ RunTime:0.000574s ]

[ 2017-03-22T19:18:35+08:00 ] 127.0.0.1 /index.php/Api/user/login
INFO: [ app_init ] --START--
INFO: Run Behavior\BuildLiteBehavior [ RunTime:0.000026s ]
INFO: [ app_init ] --END-- [ RunTime:0.000435s ]
INFO: [ app_begin ] --START--
INFO: Run Behavior\ReadHtmlCacheBehavior [ RunTime:0.000465s ]
INFO: [ app_begin ] --END-- [ RunTime:0.000584s ]
SQL: SHOW COLUMNS FROM `user` [ RunTime:0.0070s ]
SQL: SHOW COLUMNS FROM `user` [ RunTime:0.0069s ]
SQL: SELECT `username`,`head`,`location`,`account` FROM `user` WHERE ( `username` = '' OR `tel` = '' ) AND `password` = '' LIMIT 1   [ RunTime:0.0008s ]
INFO: [ app_end ] --START--
INFO: Run Behavior\ShowPageTraceBehavior [ RunTime:0.000548s ]
INFO: [ app_end ] --END-- [ RunTime:0.000659s ]

[ 2017-03-22T19:20:52+08:00 ] 127.0.0.1 /index.php/Api/user/login
INFO: [ app_init ] --START--
INFO: Run Behavior\BuildLiteBehavior [ RunTime:0.000025s ]
INFO: [ app_init ] --END-- [ RunTime:0.000388s ]
INFO: [ app_begin ] --START--
INFO: Run Behavior\ReadHtmlCacheBehavior [ RunTime:0.000481s ]
INFO: [ app_begin ] --END-- [ RunTime:0.000604s ]
SQL: SHOW COLUMNS FROM `user` [ RunTime:0.0062s ]
SQL: SHOW COLUMNS FROM `user` [ RunTime:0.0062s ]
SQL: SELECT `username`,`head`,`location`,`account` FROM `user` WHERE ( `username` = '8888' OR `tel` = '8888' ) AND `password` = '1111' LIMIT 1   [ RunTime:0.0005s ]
INFO: [ app_end ] --START--
INFO: Run Behavior\ShowPageTraceBehavior [ RunTime:0.000708s ]
INFO: [ app_end ] --END-- [ RunTime:0.000832s ]

[ 2017-03-22T19:24:20+08:00 ] 127.0.0.1 /index.php/Api/user/login
INFO: [ app_init ] --START--
INFO: Run Behavior\BuildLiteBehavior [ RunTime:0.000024s ]
INFO: [ app_init ] --END-- [ RunTime:0.000401s ]
INFO: [ app_begin ] --START--
INFO: Run Behavior\ReadHtmlCacheBehavior [ RunTime:0.000475s ]
INFO: [ app_begin ] --END-- [ RunTime:0.000588s ]
SQL: SHOW COLUMNS FROM `user` [ RunTime:0.0070s ]
SQL: SHOW COLUMNS FROM `user` [ RunTime:0.0073s ]
SQL: SELECT `username`,`head`,`location`,`account` FROM `user` WHERE ( `username` = '8888' OR `tel` = '8888' ) AND `password` = '11111' LIMIT 1   [ RunTime:0.0006s ]
INFO: [ app_end ] --START--
INFO: Run Behavior\ShowPageTraceBehavior [ RunTime:0.000578s ]
INFO: [ app_end ] --END-- [ RunTime:0.000716s ]

[ 2017-03-22T19:25:16+08:00 ] 127.0.0.1 /index.php/Api/user/login
INFO: [ app_init ] --START--
INFO: Run Behavior\BuildLiteBehavior [ RunTime:0.000026s ]
INFO: [ app_init ] --END-- [ RunTime:0.000454s ]
INFO: [ app_begin ] --START--
INFO: Run Behavior\ReadHtmlCacheBehavior [ RunTime:0.000560s ]
INFO: [ app_begin ] --END-- [ RunTime:0.000708s ]
SQL: SHOW COLUMNS FROM `user` [ RunTime:0.0063s ]
SQL: SHOW COLUMNS FROM `user` [ RunTime:0.0063s ]
SQL: SELECT `username`,`head`,`location`,`account` FROM `user` WHERE ( `username` = '8888' OR `tel` = '8888' ) AND `password` = '1111' LIMIT 1   [ RunTime:0.0004s ]
INFO: [ app_end ] --START--
INFO: Run Behavior\ShowPageTraceBehavior [ RunTime:0.000472s ]
INFO: [ app_end ] --END-- [ RunTime:0.000584s ]

[ 2017-03-22T19:25:26+08:00 ] 127.0.0.1 /index.php/Api/user/login
INFO: [ app_init ] --START--
INFO: Run Behavior\BuildLiteBehavior [ RunTime:0.000028s ]
INFO: [ app_init ] --END-- [ RunTime:0.000397s ]
INFO: [ app_begin ] --START--
INFO: Run Behavior\ReadHtmlCacheBehavior [ RunTime:0.000357s ]
INFO: [ app_begin ] --END-- [ RunTime:0.000476s ]
SQL: SHOW COLUMNS FROM `user` [ RunTime:0.0070s ]
SQL: SHOW COLUMNS FROM `user` [ RunTime:0.0067s ]
SQL: SELECT `username`,`head`,`location`,`account` FROM `user` WHERE ( `username` = '543' OR `tel` = '543' ) AND `password` = '1111' LIMIT 1   [ RunTime:0.0007s ]
INFO: [ app_end ] --START--
INFO: Run Behavior\ShowPageTraceBehavior [ RunTime:0.000494s ]
INFO: [ app_end ] --END-- [ RunTime:0.000614s ]

[ 2017-03-22T19:28:54+08:00 ] 127.0.0.1 /index.php/Api/user/reg
INFO: [ app_init ] --START--
INFO: Run Behavior\BuildLiteBehavior [ RunTime:0.000025s ]
INFO: [ app_init ] --END-- [ RunTime:0.000393s ]
INFO: [ app_begin ] --START--
INFO: Run Behavior\ReadHtmlCacheBehavior [ RunTime:0.000685s ]
INFO: [ app_begin ] --END-- [ RunTime:0.000915s ]
SQL: SHOW COLUMNS FROM `user` [ RunTime:0.0072s ]
SQL: SHOW COLUMNS FROM `user` [ RunTime:0.0071s ]
SQL: SELECT COUNT(*) AS tp_count FROM `user` WHERE `username` = '11' LIMIT 1   [ RunTime:0.0529s ]
SQL: SELECT COUNT(*) AS tp_count FROM `user` WHERE `tel` = '123' LIMIT 1   [ RunTime:0.0009s ]
NOTIC: [8] Undefined index: validate E:\wamp\www\pinin\ThinkPHP\Library\Think\Model.class.php 第 1185 行.
NOTIC: [8] Undefined index: auto E:\wamp\www\pinin\ThinkPHP\Library\Think\Model.class.php 第 1128 行.
SQL: INSERT INTO `user` (`tel`,`username`,`password`) VALUES ('123','11','11') [ RunTime:0.0772s ]
INFO: [ app_end ] --START--
INFO: Run Behavior\ShowPageTraceBehavior [ RunTime:0.001810s ]
INFO: [ app_end ] --END-- [ RunTime:0.002316s ]

[ 2017-03-22T19:29:24+08:00 ] 127.0.0.1 /index.php/Api/user/reg
INFO: [ app_init ] --START--
INFO: Run Behavior\BuildLiteBehavior [ RunTime:0.000024s ]
INFO: [ app_init ] --END-- [ RunTime:0.000519s ]
INFO: [ app_begin ] --START--
INFO: Run Behavior\ReadHtmlCacheBehavior [ RunTime:0.000489s ]
INFO: [ app_begin ] --END-- [ RunTime:0.000616s ]
SQL: SHOW COLUMNS FROM `user` [ RunTime:0.0064s ]
SQL: SHOW COLUMNS FROM `user` [ RunTime:0.0070s ]
SQL: SELECT COUNT(*) AS tp_count FROM `user` WHERE `username` = '11' LIMIT 1   [ RunTime:0.0005s ]
INFO: [ app_end ] --START--
INFO: Run Behavior\ShowPageTraceBehavior [ RunTime:0.000608s ]
INFO: [ app_end ] --END-- [ RunTime:0.000785s ]

[ 2017-03-22T19:31:52+08:00 ] 127.0.0.1 /index.php/Api/user/reg
INFO: [ app_init ] --START--
INFO: Run Behavior\BuildLiteBehavior [ RunTime:0.000025s ]
INFO: [ app_init ] --END-- [ RunTime:0.000425s ]
INFO: [ app_begin ] --START--
INFO: Run Behavior\ReadHtmlCacheBehavior [ RunTime:0.000465s ]
INFO: [ app_begin ] --END-- [ RunTime:0.000586s ]
SQL: SHOW COLUMNS FROM `user` [ RunTime:0.0066s ]
SQL: SHOW COLUMNS FROM `user` [ RunTime:0.0068s ]
SQL: SELECT COUNT(*) AS tp_count FROM `user` WHERE `username` = '111' LIMIT 1   [ RunTime:0.0005s ]
SQL: SELECT COUNT(*) AS tp_count FROM `user` WHERE `tel` = '123' LIMIT 1   [ RunTime:0.0003s ]
INFO: [ app_end ] --START--
INFO: Run Behavior\ShowPageTraceBehavior [ RunTime:0.000573s ]
INFO: [ app_end ] --END-- [ RunTime:0.000694s ]

[ 2017-03-22T19:33:12+08:00 ] 127.0.0.1 /index.php/Api/user/reg
INFO: [ app_init ] --START--
INFO: Run Behavior\BuildLiteBehavior [ RunTime:0.000048s ]
INFO: [ app_init ] --END-- [ RunTime:0.000733s ]
INFO: [ app_begin ] --START--
INFO: Run Behavior\ReadHtmlCacheBehavior [ RunTime:0.000693s ]
INFO: [ app_begin ] --END-- [ RunTime:0.000926s ]
SQL: SHOW COLUMNS FROM `user` [ RunTime:0.0135s ]
SQL: SHOW COLUMNS FROM `user` [ RunTime:0.0136s ]
SQL: SELECT COUNT(*) AS tp_count FROM `user` WHERE `username` = '111' LIMIT 1   [ RunTime:0.0007s ]
SQL: SELECT COUNT(*) AS tp_count FROM `user` WHERE `tel` = '1234' LIMIT 1   [ RunTime:0.0006s ]
NOTIC: [8] Undefined index: validate E:\wamp\www\pinin\ThinkPHP\Library\Think\Model.class.php 第 1185 行.
NOTIC: [8] Undefined index: auto E:\wamp\www\pinin\ThinkPHP\Library\Think\Model.class.php 第 1128 行.
SQL: INSERT INTO `user` (`tel`,`username`,`password`) VALUES ('1234','111','11') [ RunTime:0.4255s ]
INFO: [ app_end ] --START--
INFO: Run Behavior\ShowPageTraceBehavior [ RunTime:0.002008s ]
INFO: [ app_end ] --END-- [ RunTime:0.002795s ]

[ 2017-03-22T19:36:13+08:00 ] 127.0.0.1 /index.php/Api/user/update
INFO: [ app_init ] --START--
INFO: Run Behavior\BuildLiteBehavior [ RunTime:0.000024s ]
INFO: [ app_init ] --END-- [ RunTime:0.000399s ]
INFO: [ app_begin ] --START--
INFO: Run Behavior\ReadHtmlCacheBehavior [ RunTime:0.000665s ]
INFO: [ app_begin ] --END-- [ RunTime:0.000844s ]
SQL: SHOW COLUMNS FROM `user` [ RunTime:0.0071s ]
NOTIC: [8] Undefined index: validate E:\wamp\www\pinin\ThinkPHP\Library\Think\Model.class.php 第 1185 行.
NOTIC: [8] Undefined index: auto E:\wamp\www\pinin\ThinkPHP\Library\Think\Model.class.php 第 1128 行.
SQL: UPDATE `user` SET `username`='8888',`password`='1111' WHERE `id` = 9 [ RunTime:0.0370s ]
INFO: [ app_end ] --START--
INFO: Run Behavior\ShowPageTraceBehavior [ RunTime:0.000664s ]
INFO: [ app_end ] --END-- [ RunTime:0.000804s ]

[ 2017-03-22T19:36:37+08:00 ] 127.0.0.1 /index.php/Api/user/update
INFO: [ app_init ] --START--
INFO: Run Behavior\BuildLiteBehavior [ RunTime:0.000085s ]
INFO: [ app_init ] --END-- [ RunTime:0.000688s ]
INFO: [ app_begin ] --START--
INFO: Run Behavior\ReadHtmlCacheBehavior [ RunTime:0.000386s ]
INFO: [ app_begin ] --END-- [ RunTime:0.000512s ]
SQL: SHOW COLUMNS FROM `user` [ RunTime:0.0071s ]
NOTIC: [8] Undefined index: validate E:\wamp\www\pinin\ThinkPHP\Library\Think\Model.class.php 第 1185 行.
NOTIC: [8] Undefined index: auto E:\wamp\www\pinin\ThinkPHP\Library\Think\Model.class.php 第 1128 行.
SQL: UPDATE `user` SET `username`='88818',`password`='1111' WHERE `id` = 9 [ RunTime:0.0788s ]
INFO: [ app_end ] --START--
INFO: Run Behavior\ShowPageTraceBehavior [ RunTime:0.000934s ]
INFO: [ app_end ] --END-- [ RunTime:0.001159s ]

[ 2017-03-22T19:36:44+08:00 ] 127.0.0.1 /index.php/Api/user/update
INFO: [ app_init ] --START--
INFO: Run Behavior\BuildLiteBehavior [ RunTime:0.000024s ]
INFO: [ app_init ] --END-- [ RunTime:0.000336s ]
INFO: [ app_begin ] --START--
INFO: Run Behavior\ReadHtmlCacheBehavior [ RunTime:0.000712s ]
INFO: [ app_begin ] --END-- [ RunTime:0.000875s ]
SQL: SHOW COLUMNS FROM `user` [ RunTime:0.0066s ]
NOTIC: [8] Undefined index: validate E:\wamp\www\pinin\ThinkPHP\Library\Think\Model.class.php 第 1185 行.
NOTIC: [8] Undefined index: auto E:\wamp\www\pinin\ThinkPHP\Library\Think\Model.class.php 第 1128 行.
SQL: UPDATE `user` SET `username`='88818',`password`='1111' WHERE `id` = 9 [ RunTime:0.0842s ]
INFO: [ app_end ] --START--
INFO: Run Behavior\ShowPageTraceBehavior [ RunTime:0.000531s ]
INFO: [ app_end ] --END-- [ RunTime:0.000675s ]

[ 2017-03-22T19:38:45+08:00 ] 127.0.0.1 /index.php/Api/user/update
INFO: [ app_init ] --START--
INFO: Run Behavior\BuildLiteBehavior [ RunTime:0.000024s ]
INFO: [ app_init ] --END-- [ RunTime:0.000443s ]
INFO: [ app_begin ] --START--
INFO: Run Behavior\ReadHtmlCacheBehavior [ RunTime:0.000531s ]
INFO: [ app_begin ] --END-- [ RunTime:0.000671s ]
SQL: SHOW COLUMNS FROM `user` [ RunTime:0.0066s ]
NOTIC: [8] Undefined index: validate E:\wamp\www\pinin\ThinkPHP\Library\Think\Model.class.php 第 1185 行.
NOTIC: [8] Undefined index: auto E:\wamp\www\pinin\ThinkPHP\Library\Think\Model.class.php 第 1128 行.
SQL: UPDATE `user` SET `username`='88818',`password`='1111',`sex`='0' WHERE `id` = 9 [ RunTime:0.0758s ]
INFO: [ app_end ] --START--
INFO: Run Behavior\ShowPageTraceBehavior [ RunTime:0.000654s ]
INFO: [ app_end ] --END-- [ RunTime:0.000788s ]

[ 2017-03-22T19:38:52+08:00 ] 127.0.0.1 /index.php/Api/user/update
INFO: [ app_init ] --START--
INFO: Run Behavior\BuildLiteBehavior [ RunTime:0.000025s ]
INFO: [ app_init ] --END-- [ RunTime:0.000518s ]
INFO: [ app_begin ] --START--
INFO: Run Behavior\ReadHtmlCacheBehavior [ RunTime:0.000511s ]
INFO: [ app_begin ] --END-- [ RunTime:0.000621s ]
SQL: SHOW COLUMNS FROM `user` [ RunTime:0.0258s ]
NOTIC: [8] Undefined index: validate E:\wamp\www\pinin\ThinkPHP\Library\Think\Model.class.php 第 1185 行.
NOTIC: [8] Undefined index: auto E:\wamp\www\pinin\ThinkPHP\Library\Think\Model.class.php 第 1128 行.
SQL: UPDATE `user` SET `username`='88818',`password`='1111',`sex`='0' WHERE `id` = 9 [ RunTime:0.0484s ]
INFO: [ app_end ] --START--
INFO: Run Behavior\ShowPageTraceBehavior [ RunTime:0.000706s ]
INFO: [ app_end ] --END-- [ RunTime:0.000882s ]

[ 2017-03-22T19:44:03+08:00 ] 127.0.0.1 /index.php/Api/user/update
INFO: [ app_init ] --START--
INFO: Run Behavior\BuildLiteBehavior [ RunTime:0.000034s ]
INFO: [ app_init ] --END-- [ RunTime:0.000573s ]
INFO: [ app_begin ] --START--
INFO: Run Behavior\ReadHtmlCacheBehavior [ RunTime:0.000552s ]
INFO: [ app_begin ] --END-- [ RunTime:0.000685s ]
SQL: SHOW COLUMNS FROM `user` [ RunTime:0.0096s ]
NOTIC: [8] Undefined index: validate E:\wamp\www\pinin\ThinkPHP\Library\Think\Model.class.php 第 1185 行.
NOTIC: [8] Undefined index: auto E:\wamp\www\pinin\ThinkPHP\Library\Think\Model.class.php 第 1128 行.
SQL: UPDATE `user` SET `username`='88818',`password`='1111',`sex`='1' WHERE `id` = 9 [ RunTime:0.1034s ]
INFO: [ app_end ] --START--
INFO: Run Behavior\ShowPageTraceBehavior [ RunTime:0.000936s ]
INFO: [ app_end ] --END-- [ RunTime:0.001155s ]

[ 2017-03-22T20:00:03+08:00 ] 127.0.0.1 /index.php/Api/user/update
INFO: [ app_init ] --START--
INFO: Run Behavior\BuildLiteBehavior [ RunTime:0.000027s ]
INFO: [ app_init ] --END-- [ RunTime:0.000460s ]
INFO: [ app_begin ] --START--
INFO: Run Behavior\ReadHtmlCacheBehavior [ RunTime:0.000605s ]
INFO: [ app_begin ] --END-- [ RunTime:0.000745s ]
SQL: SHOW COLUMNS FROM `user` [ RunTime:0.0071s ]
NOTIC: [8] Undefined index: validate E:\wamp\www\pinin\ThinkPHP\Library\Think\Model.class.php 第 1185 行.
NOTIC: [8] Undefined index: auto E:\wamp\www\pinin\ThinkPHP\Library\Think\Model.class.php 第 1128 行.
SQL: UPDATE `user` SET `username`='88818',`password`='1111',`sex`='1' WHERE `id` = 9 [ RunTime:0.0854s ]
INFO: [ app_end ] --START--
INFO: Run Behavior\ShowPageTraceBehavior [ RunTime:0.000722s ]
INFO: [ app_end ] --END-- [ RunTime:0.000861s ]

[ 2017-03-22T20:02:12+08:00 ] 127.0.0.1 /index.php/Api/user/update
INFO: [ app_init ] --START--
INFO: Run Behavior\BuildLiteBehavior [ RunTime:0.000025s ]
INFO: [ app_init ] --END-- [ RunTime:0.000424s ]
INFO: [ app_begin ] --START--
INFO: Run Behavior\ReadHtmlCacheBehavior [ RunTime:0.000471s ]
INFO: [ app_begin ] --END-- [ RunTime:0.000588s ]
SQL: SHOW COLUMNS FROM `user` [ RunTime:0.0073s ]
NOTIC: [8] Undefined index: validate E:\wamp\www\pinin\ThinkPHP\Library\Think\Model.class.php 第 1185 行.
NOTIC: [8] Undefined index: auto E:\wamp\www\pinin\ThinkPHP\Library\Think\Model.class.php 第 1128 行.
SQL: UPDATE `user` SET `username`='88818',`password`='1111',`sex`='1' WHERE `id` = 9 [ RunTime:0.0759s ]
INFO: [ app_end ] --START--
INFO: Run Behavior\ShowPageTraceBehavior [ RunTime:0.000669s ]
INFO: [ app_end ] --END-- [ RunTime:0.000801s ]

[ 2017-03-22T20:07:55+08:00 ] 127.0.0.1 /index.php/Api/requirement/publish
INFO: [ app_init ] --START--
INFO: Run Behavior\BuildLiteBehavior [ RunTime:0.000024s ]
INFO: [ app_init ] --END-- [ RunTime:0.000411s ]
INFO: [ app_begin ] --START--
INFO: Run Behavior\ReadHtmlCacheBehavior [ RunTime:0.000481s ]
INFO: [ app_begin ] --END-- [ RunTime:0.000605s ]
SQL: SHOW COLUMNS FROM `requirement` [ RunTime:0.0071s ]
SQL: SHOW COLUMNS FROM `requirement` [ RunTime:0.0073s ]
NOTIC: [8] Undefined index: validate E:\wamp\www\pinin\ThinkPHP\Library\Think\Model.class.php 第 1185 行.
NOTIC: [8] Undefined index: auto E:\wamp\www\pinin\ThinkPHP\Library\Think\Model.class.php 第 1128 行.
SQL: INSERT INTO `requirement` (`uid`,`content`) VALUES ('2','123') [ RunTime:0.3507s ]
INFO: [ app_end ] --START--
INFO: Run Behavior\ShowPageTraceBehavior [ RunTime:0.002492s ]
INFO: [ app_end ] --END-- [ RunTime:0.003827s ]

[ 2017-03-22T20:15:47+08:00 ] 127.0.0.1 /index.php/Api/requirement/publish
INFO: [ app_init ] --START--
INFO: Run Behavior\BuildLiteBehavior [ RunTime:0.000025s ]
INFO: [ app_init ] --END-- [ RunTime:0.000419s ]
INFO: [ app_begin ] --START--
INFO: Run Behavior\ReadHtmlCacheBehavior [ RunTime:0.000455s ]
INFO: [ app_begin ] --END-- [ RunTime:0.000575s ]
SQL: SHOW COLUMNS FROM `requirement` [ RunTime:0.0065s ]
SQL: SHOW COLUMNS FROM `requirement` [ RunTime:0.0084s ]
NOTIC: [8] Undefined index: validate E:\wamp\www\pinin\ThinkPHP\Library\Think\Model.class.php 第 1185 行.
NOTIC: [8] Undefined index: auto E:\wamp\www\pinin\ThinkPHP\Library\Think\Model.class.php 第 1128 行.
SQL: INSERT INTO `requirement` (`uid`,`content`) VALUES ('2','123') [ RunTime:0.0931s ]
INFO: [ app_end ] --START--
INFO: Run Behavior\ShowPageTraceBehavior [ RunTime:0.000632s ]
INFO: [ app_end ] --END-- [ RunTime:0.000781s ]

[ 2017-03-22T21:08:57+08:00 ] 127.0.0.1 /index.php/api/user/reg
INFO: [ app_init ] --START--
INFO: Run Behavior\BuildLiteBehavior [ RunTime:0.000026s ]
INFO: [ app_init ] --END-- [ RunTime:0.000414s ]
INFO: [ app_begin ] --START--
INFO: Run Behavior\ReadHtmlCacheBehavior [ RunTime:0.000524s ]
INFO: [ app_begin ] --END-- [ RunTime:0.000639s ]
INFO: [ app_end ] --START--
INFO: Run Behavior\ShowPageTraceBehavior [ RunTime:0.000436s ]
INFO: [ app_end ] --END-- [ RunTime:0.000558s ]

[ 2017-03-22T21:08:58+08:00 ] 127.0.0.1 /index.php/api/user/reg
INFO: [ app_init ] --START--
INFO: Run Behavior\BuildLiteBehavior [ RunTime:0.000057s ]
INFO: [ app_init ] --END-- [ RunTime:0.000829s ]
INFO: [ app_begin ] --START--
INFO: Run Behavior\ReadHtmlCacheBehavior [ RunTime:0.000703s ]
INFO: [ app_begin ] --END-- [ RunTime:0.000902s ]
INFO: [ app_end ] --START--
INFO: Run Behavior\ShowPageTraceBehavior [ RunTime:0.000502s ]
INFO: [ app_end ] --END-- [ RunTime:0.000631s ]

[ 2017-03-22T21:09:19+08:00 ] 127.0.0.1 /index.php/api/item/all
INFO: [ app_init ] --START--
INFO: Run Behavior\BuildLiteBehavior [ RunTime:0.000029s ]
INFO: [ app_init ] --END-- [ RunTime:0.000411s ]
INFO: [ app_begin ] --START--
INFO: Run Behavior\ReadHtmlCacheBehavior [ RunTime:0.000463s ]
INFO: [ app_begin ] --END-- [ RunTime:0.000616s ]
ERR: 无法加载控制器:Item

[ 2017-03-22T21:10:55+08:00 ] 127.0.0.1 /index.php/api/item/search
INFO: [ app_init ] --START--
INFO: Run Behavior\BuildLiteBehavior [ RunTime:0.000026s ]
INFO: [ app_init ] --END-- [ RunTime:0.000406s ]
INFO: [ app_begin ] --START--
INFO: Run Behavior\ReadHtmlCacheBehavior [ RunTime:0.000360s ]
INFO: [ app_begin ] --END-- [ RunTime:0.000500s ]
ERR: 无法加载控制器:Item

[ 2017-03-22T21:14:25+08:00 ] 127.0.0.1 /index.php/Api/requirement/del
INFO: [ app_init ] --START--
INFO: Run Behavior\BuildLiteBehavior [ RunTime:0.000024s ]
INFO: [ app_init ] --END-- [ RunTime:0.000422s ]
INFO: [ app_begin ] --START--
INFO: Run Behavior\ReadHtmlCacheBehavior [ RunTime:0.000477s ]
INFO: [ app_begin ] --END-- [ RunTime:0.000595s ]
SQL: SHOW COLUMNS FROM `requirement` [ RunTime:0.0074s ]
SQL: SHOW COLUMNS FROM `requirement` [ RunTime:0.0079s ]
SQL: DELETE FROM `requirement` WHERE `id` = 23 [ RunTime:0.0790s ]
INFO: [ app_end ] --START--
INFO: Run Behavior\ShowPageTraceBehavior [ RunTime:0.000732s ]
INFO: [ app_end ] --END-- [ RunTime:0.000898s ]

[ 2017-03-22T21:19:28+08:00 ] 127.0.0.1 /index.php/Api/requirement/del
INFO: [ app_init ] --START--
INFO: Run Behavior\BuildLiteBehavior [ RunTime:0.000027s ]
INFO: [ app_init ] --END-- [ RunTime:0.000615s ]
INFO: [ app_begin ] --START--
INFO: Run Behavior\ReadHtmlCacheBehavior [ RunTime:0.000704s ]
INFO: [ app_begin ] --END-- [ RunTime:0.000845s ]
SQL: SHOW COLUMNS FROM `requirement` [ RunTime:0.0076s ]
SQL: SHOW COLUMNS FROM `requirement` [ RunTime:0.0066s ]
SQL: DELETE FROM `requirement` WHERE `id` = 23 [ RunTime:0.0007s ]
INFO: [ app_end ] --START--
INFO: Run Behavior\ShowPageTraceBehavior [ RunTime:0.000570s ]
INFO: [ app_end ] --END-- [ RunTime:0.000691s ]

[ 2017-03-22T21:20:47+08:00 ] 127.0.0.1 /index.php/Api/requirement/all
INFO: [ app_init ] --START--
INFO: Run Behavior\BuildLiteBehavior [ RunTime:0.000026s ]
INFO: [ app_init ] --END-- [ RunTime:0.000502s ]
INFO: [ app_begin ] --START--
INFO: Run Behavior\ReadHtmlCacheBehavior [ RunTime:0.000448s ]
INFO: [ app_begin ] --END-- [ RunTime:0.000588s ]
SQL: SHOW COLUMNS FROM `requirement` [ RunTime:0.0066s ]
SQL: SHOW COLUMNS FROM `requirement` [ RunTime:0.0075s ]
SQL: SELECT COUNT(*) AS tp_count FROM `requirement` WHERE `content` LIKE '%%' LIMIT 1   [ RunTime:0.0003s ]
SQL: SELECT * FROM `requirement` WHERE `content` LIKE '%%' LIMIT 0,10   [ RunTime:0.0009s ]
INFO: [ app_end ] --START--
INFO: Run Behavior\ShowPageTraceBehavior [ RunTime:0.000557s ]
INFO: [ app_end ] --END-- [ RunTime:0.000708s ]

[ 2017-03-22T21:22:12+08:00 ] 127.0.0.1 /index.php/Api/requirement/all
INFO: [ app_init ] --START--
INFO: Run Behavior\BuildLiteBehavior [ RunTime:0.000025s ]
INFO: [ app_init ] --END-- [ RunTime:0.000451s ]
INFO: [ app_begin ] --START--
INFO: Run Behavior\ReadHtmlCacheBehavior [ RunTime:0.000640s ]
INFO: [ app_begin ] --END-- [ RunTime:0.000812s ]
SQL: SHOW COLUMNS FROM `requirement` [ RunTime:0.0078s ]
SQL: SHOW COLUMNS FROM `requirement` [ RunTime:0.0073s ]
SQL: SELECT COUNT(*) AS tp_count FROM `requirement` WHERE `content` LIKE '%%' LIMIT 1   [ RunTime:0.0008s ]
SQL: SELECT * FROM `requirement` WHERE `content` LIKE '%%' LIMIT 0,10   [ RunTime:0.0008s ]
INFO: [ app_end ] --START--
INFO: Run Behavior\ShowPageTraceBehavior [ RunTime:0.000541s ]
INFO: [ app_end ] --END-- [ RunTime:0.000652s ]

[ 2017-03-22T21:22:14+08:00 ] 127.0.0.1 /index.php/Api/requirement/all
INFO: [ app_init ] --START--
INFO: Run Behavior\BuildLiteBehavior [ RunTime:0.000025s ]
INFO: [ app_init ] --END-- [ RunTime:0.000416s ]
INFO: [ app_begin ] --START--
INFO: Run Behavior\ReadHtmlCacheBehavior [ RunTime:0.000393s ]
INFO: [ app_begin ] --END-- [ RunTime:0.000510s ]
SQL: SHOW COLUMNS FROM `requirement` [ RunTime:0.0066s ]
SQL: SHOW COLUMNS FROM `requirement` [ RunTime:0.0074s ]
SQL: SELECT COUNT(*) AS tp_count FROM `requirement` WHERE `content` LIKE '%%' LIMIT 1   [ RunTime:0.0006s ]
SQL: SELECT * FROM `requirement` WHERE `content` LIKE '%%' LIMIT 0,10   [ RunTime:0.0008s ]
INFO: [ app_end ] --START--
INFO: Run Behavior\ShowPageTraceBehavior [ RunTime:0.000436s ]
INFO: [ app_end ] --END-- [ RunTime:0.000551s ]

[ 2017-03-22T21:22:24+08:00 ] 127.0.0.1 /index.php/Api/requirement/all
INFO: [ app_init ] --START--
INFO: Run Behavior\BuildLiteBehavior [ RunTime:0.000026s ]
INFO: [ app_init ] --END-- [ RunTime:0.000425s ]
INFO: [ app_begin ] --START--
INFO: Run Behavior\ReadHtmlCacheBehavior [ RunTime:0.000477s ]
INFO: [ app_begin ] --END-- [ RunTime:0.000618s ]
SQL: SHOW COLUMNS FROM `requirement` [ RunTime:0.0067s ]
SQL: SHOW COLUMNS FROM `requirement` [ RunTime:0.0072s ]
SQL: SELECT COUNT(*) AS tp_count FROM `requirement` WHERE `content` LIKE '%健身%' LIMIT 1   [ RunTime:0.0003s ]
SQL: SELECT * FROM `requirement` WHERE `content` LIKE '%健身%' LIMIT 0,10   [ RunTime:0.0004s ]
INFO: [ app_end ] --START--
INFO: Run Behavior\ShowPageTraceBehavior [ RunTime:0.000772s ]
INFO: [ app_end ] --END-- [ RunTime:0.000914s ]

[ 2017-03-22T21:23:02+08:00 ] 127.0.0.1 /index.php/Api/requirement/all
INFO: [ app_init ] --START--
INFO: Run Behavior\BuildLiteBehavior [ RunTime:0.000033s ]
INFO: [ app_init ] --END-- [ RunTime:0.000603s ]
INFO: [ app_begin ] --START--
INFO: Run Behavior\ReadHtmlCacheBehavior [ RunTime:0.000362s ]
INFO: [ app_begin ] --END-- [ RunTime:0.000482s ]
SQL: SHOW COLUMNS FROM `requirement` [ RunTime:0.0070s ]
SQL: SHOW COLUMNS FROM `requirement` [ RunTime:0.0069s ]
SQL: SELECT COUNT(*) AS tp_count FROM `requirement` WHERE `content` LIKE '%健身%' LIMIT 1   [ RunTime:0.0008s ]
SQL: SELECT * FROM `requirement` WHERE `content` LIKE '%健身%' LIMIT 0,10   [ RunTime:0.0009s ]
INFO: [ app_end ] --START--
INFO: Run Behavior\ShowPageTraceBehavior [ RunTime:0.000542s ]
INFO: [ app_end ] --END-- [ RunTime:0.000666s ]

[ 2017-03-22T21:29:54+08:00 ] 127.0.0.1 /index.php/Api/requirement/myAll
INFO: [ app_init ] --START--
INFO: Run Behavior\BuildLiteBehavior [ RunTime:0.000025s ]
INFO: [ app_init ] --END-- [ RunTime:0.000427s ]
INFO: [ app_begin ] --START--
INFO: Run Behavior\ReadHtmlCacheBehavior [ RunTime:0.000482s ]
INFO: [ app_begin ] --END-- [ RunTime:0.000601s ]
SQL: SHOW COLUMNS FROM `requirement` [ RunTime:0.0087s ]
SQL: SHOW COLUMNS FROM `requirement` [ RunTime:0.0080s ]
SQL: SELECT COUNT(*) AS tp_count FROM `requirement` WHERE `content` LIKE '%健身%' AND `uid` = 0 LIMIT 1   [ RunTime:0.0010s ]
SQL: SELECT * FROM `requirement` WHERE `content` LIKE '%健身%' AND `uid` = 0 LIMIT 0,10   [ RunTime:0.0008s ]
INFO: [ app_end ] --START--
INFO: Run Behavior\ShowPageTraceBehavior [ RunTime:0.000569s ]
INFO: [ app_end ] --END-- [ RunTime:0.000684s ]

[ 2017-03-22T21:30:40+08:00 ] 127.0.0.1 /index.php/Api/requirement/myAll
INFO: [ app_init ] --START--
INFO: Run Behavior\BuildLiteBehavior [ RunTime:0.000024s ]
INFO: [ app_init ] --END-- [ RunTime:0.000386s ]
INFO: [ app_begin ] --START--
INFO: Run Behavior\ReadHtmlCacheBehavior [ RunTime:0.000379s ]
INFO: [ app_begin ] --END-- [ RunTime:0.000497s ]
SQL: SHOW COLUMNS FROM `requirement` [ RunTime:0.0066s ]
SQL: SHOW COLUMNS FROM `requirement` [ RunTime:0.0067s ]
SQL: SELECT COUNT(*) AS tp_count FROM `requirement` WHERE `content` LIKE '%%' AND `uid` = 1 LIMIT 1   [ RunTime:0.0009s ]
SQL: SELECT * FROM `requirement` WHERE `content` LIKE '%%' AND `uid` = 1 LIMIT 0,10   [ RunTime:0.0009s ]
INFO: [ app_end ] --START--
INFO: Run Behavior\ShowPageTraceBehavior [ RunTime:0.000513s ]
INFO: [ app_end ] --END-- [ RunTime:0.000621s ]

[ 2017-03-22T21:30:49+08:00 ] 127.0.0.1 /index.php/Api/requirement/myAll
INFO: [ app_init ] --START--
INFO: Run Behavior\BuildLiteBehavior [ RunTime:0.000025s ]
INFO: [ app_init ] --END-- [ RunTime:0.000375s ]
INFO: [ app_begin ] --START--
INFO: Run Behavior\ReadHtmlCacheBehavior [ RunTime:0.000457s ]
INFO: [ app_begin ] --END-- [ RunTime:0.000589s ]
SQL: SHOW COLUMNS FROM `requirement` [ RunTime:0.0071s ]
SQL: SHOW COLUMNS FROM `requirement` [ RunTime:0.0069s ]
SQL: SELECT COUNT(*) AS tp_count FROM `requirement` WHERE `content` LIKE '%%' AND `uid` = 2 LIMIT 1   [ RunTime:0.0003s ]
SQL: SELECT * FROM `requirement` WHERE `content` LIKE '%%' AND `uid` = 2 LIMIT 0,10   [ RunTime:0.0003s ]
INFO: [ app_end ] --START--
INFO: Run Behavior\ShowPageTraceBehavior [ RunTime:0.000417s ]
INFO: [ app_end ] --END-- [ RunTime:0.000528s ]

[ 2017-03-22T21:31:13+08:00 ] 127.0.0.1 /index.php/Api/requirement/myAll
INFO: [ app_init ] --START--
INFO: Run Behavior\BuildLiteBehavior [ RunTime:0.000026s ]
INFO: [ app_init ] --END-- [ RunTime:0.000392s ]
INFO: [ app_begin ] --START--
INFO: Run Behavior\ReadHtmlCacheBehavior [ RunTime:0.000386s ]
INFO: [ app_begin ] --END-- [ RunTime:0.000496s ]
SQL: SHOW COLUMNS FROM `requirement` [ RunTime:0.0065s ]
SQL: SHOW COLUMNS FROM `requirement` [ RunTime:0.0072s ]
SQL: SELECT COUNT(*) AS tp_count FROM `requirement` WHERE `content` LIKE '%健身%' AND `uid` = 2 LIMIT 1   [ RunTime:0.0003s ]
SQL: SELECT * FROM `requirement` WHERE `content` LIKE '%健身%' AND `uid` = 2 LIMIT 0,10   [ RunTime:0.0003s ]
INFO: [ app_end ] --START--
INFO: Run Behavior\ShowPageTraceBehavior [ RunTime:0.000414s ]
INFO: [ app_end ] --END-- [ RunTime:0.000524s ]

[ 2017-03-22T21:33:02+08:00 ] 127.0.0.1 /index.php/Api/requirement/myAll
INFO: [ app_init ] --START--
INFO: Run Behavior\BuildLiteBehavior [ RunTime:0.000025s ]
INFO: [ app_init ] --END-- [ RunTime:0.000399s ]
INFO: [ app_begin ] --START--
INFO: Run Behavior\ReadHtmlCacheBehavior [ RunTime:0.000459s ]
INFO: [ app_begin ] --END-- [ RunTime:0.000571s ]
SQL: SHOW COLUMNS FROM `requirement` [ RunTime:0.0068s ]
SQL: SHOW COLUMNS FROM `requirement` [ RunTime:0.0083s ]
SQL: SELECT COUNT(*) AS tp_count FROM `requirement` WHERE `content` LIKE '%健身%' AND `uid` = 3 LIMIT 1   [ RunTime:0.0008s ]
SQL: SELECT * FROM `requirement` WHERE `content` LIKE '%健身%' AND `uid` = 3 LIMIT 0,10   [ RunTime:0.0007s ]
INFO: [ app_end ] --START--
INFO: Run Behavior\ShowPageTraceBehavior [ RunTime:0.000502s ]
INFO: [ app_end ] --END-- [ RunTime:0.000611s ]

[ 2017-03-22T21:33:06+08:00 ] 127.0.0.1 /index.php/Api/requirement/myAll
INFO: [ app_init ] --START--
INFO: Run Behavior\BuildLiteBehavior [ RunTime:0.000024s ]
INFO: [ app_init ] --END-- [ RunTime:0.000494s ]
INFO: [ app_begin ] --START--
INFO: Run Behavior\ReadHtmlCacheBehavior [ RunTime:0.000468s ]
INFO: [ app_begin ] --END-- [ RunTime:0.000576s ]
SQL: SHOW COLUMNS FROM `requirement` [ RunTime:0.0080s ]
SQL: SHOW COLUMNS FROM `requirement` [ RunTime:0.0065s ]
SQL: SELECT COUNT(*) AS tp_count FROM `requirement` WHERE `content` LIKE '%健身%' AND `uid` = 2 LIMIT 1   [ RunTime:0.0005s ]
SQL: SELECT * FROM `requirement` WHERE `content` LIKE '%健身%' AND `uid` = 2 LIMIT 0,10   [ RunTime:0.0007s ]
INFO: [ app_end ] --START--
INFO: Run Behavior\ShowPageTraceBehavior [ RunTime:0.000501s ]
INFO: [ app_end ] --END-- [ RunTime:0.000620s ]

