[ 2017-03-23T20:45:53+08:00 ] 127.0.0.1 /index.php/Api/requirement/all
INFO: [ app_init ] --START--
INFO: Run Behavior\BuildLiteBehavior [ RunTime:0.000121s ]
INFO: [ app_init ] --END-- [ RunTime:0.044897s ]
INFO: [ app_begin ] --START--
INFO: Run Behavior\ReadHtmlCacheBehavior [ RunTime:0.011197s ]
INFO: [ app_begin ] --END-- [ RunTime:0.011520s ]
SQL: SHOW COLUMNS FROM `requirement` [ RunTime:0.0566s ]
SQL: SHOW COLUMNS FROM `requirement` [ RunTime:0.0184s ]
SQL: SELECT COUNT(*) AS tp_count FROM `requirement` WHERE `content` LIKE '%%' LIMIT 1   [ RunTime:0.0527s ]
SQL: SELECT * FROM `requirement` WHERE `content` LIKE '%%' LIMIT 0,10   [ RunTime:0.0022s ]
NOTIC: [8] Array to string conversion E:\wamp\www\pinin\Application\Api\Logic\RequirementLogic.class.php 第 24 行.
SQL: SHOW COLUMNS FROM `pics` [ RunTime:0.0171s ]
INFO: [ app_end ] --START--
INFO: Run Behavior\ShowPageTraceBehavior [ RunTime:0.011917s ]
INFO: [ app_end ] --END-- [ RunTime:0.012352s ]

[ 2017-03-23T20:46:52+08:00 ] 127.0.0.1 /index.php/Api/requirement/all
INFO: [ app_init ] --START--
INFO: Run Behavior\BuildLiteBehavior [ RunTime:0.000025s ]
INFO: [ app_init ] --END-- [ RunTime:0.000339s ]
INFO: [ app_begin ] --START--
INFO: Run Behavior\ReadHtmlCacheBehavior [ RunTime:0.000325s ]
INFO: [ app_begin ] --END-- [ RunTime:0.000447s ]
SQL: SHOW COLUMNS FROM `requirement` [ RunTime:0.0073s ]
SQL: SHOW COLUMNS FROM `requirement` [ RunTime:0.0060s ]
SQL: SELECT COUNT(*) AS tp_count FROM `requirement` WHERE `content` LIKE '%%' LIMIT 1   [ RunTime:0.0004s ]
SQL: SELECT * FROM `requirement` WHERE `content` LIKE '%%' LIMIT 0,10   [ RunTime:0.0005s ]
SQL: SHOW COLUMNS FROM `pics` [ RunTime:0.0060s ]
INFO: [ app_end ] --START--
INFO: Run Behavior\ShowPageTraceBehavior [ RunTime:0.000485s ]
INFO: [ app_end ] --END-- [ RunTime:0.000598s ]

[ 2017-03-23T20:47:50+08:00 ] 127.0.0.1 /index.php/Api/requirement/all
INFO: [ app_init ] --START--
INFO: Run Behavior\BuildLiteBehavior [ RunTime:0.000030s ]
INFO: [ app_init ] --END-- [ RunTime:0.000437s ]
INFO: [ app_begin ] --START--
INFO: Run Behavior\ReadHtmlCacheBehavior [ RunTime:0.000438s ]
INFO: [ app_begin ] --END-- [ RunTime:0.000583s ]
SQL: SHOW COLUMNS FROM `requirement` [ RunTime:0.0069s ]
SQL: SHOW COLUMNS FROM `requirement` [ RunTime:0.0069s ]
SQL: SELECT COUNT(*) AS tp_count FROM `requirement` WHERE `content` LIKE '%%' LIMIT 1   [ RunTime:0.0006s ]
SQL: SELECT * FROM `requirement` WHERE `content` LIKE '%%' LIMIT 0,10   [ RunTime:0.0006s ]
SQL: SHOW COLUMNS FROM `pics` [ RunTime:0.0069s ]
INFO: [ app_end ] --START--
INFO: Run Behavior\ShowPageTraceBehavior [ RunTime:0.000578s ]
INFO: [ app_end ] --END-- [ RunTime:0.000714s ]

[ 2017-03-23T21:06:17+08:00 ] 127.0.0.1 /index.php/Api/requirement/all
INFO: [ app_init ] --START--
INFO: Run Behavior\BuildLiteBehavior [ RunTime:0.000030s ]
INFO: [ app_init ] --END-- [ RunTime:0.000557s ]
INFO: [ app_begin ] --START--
INFO: Run Behavior\ReadHtmlCacheBehavior [ RunTime:0.000630s ]
INFO: [ app_begin ] --END-- [ RunTime:0.000789s ]
SQL: SHOW COLUMNS FROM `requirement` [ RunTime:0.0060s ]
SQL: SHOW COLUMNS FROM `requirement` [ RunTime:0.0064s ]
SQL: SELECT COUNT(*) AS tp_count FROM `requirement` WHERE `content` LIKE '%%' LIMIT 1   [ RunTime:0.0007s ]
SQL: SELECT * FROM `requirement` WHERE `content` LIKE '%%' LIMIT 0,10   [ RunTime:0.0006s ]
SQL: SHOW COLUMNS FROM `pics` [ RunTime:0.0056s ]
NOTIC: [8] Array to string conversion E:\wamp\www\pinin\Application\Api\Logic\RequirementLogic.class.php 第 28 行.
NOTIC: [8] Array to string conversion E:\wamp\www\pinin\Application\Api\Logic\RequirementLogic.class.php 第 28 行.
NOTIC: [8] Array to string conversion E:\wamp\www\pinin\Application\Api\Logic\RequirementLogic.class.php 第 28 行.
NOTIC: [8] Array to string conversion E:\wamp\www\pinin\Application\Api\Logic\RequirementLogic.class.php 第 28 行.
NOTIC: [8] Array to string conversion E:\wamp\www\pinin\Application\Api\Logic\RequirementLogic.class.php 第 28 行.
NOTIC: [8] Array to string conversion E:\wamp\www\pinin\Application\Api\Logic\RequirementLogic.class.php 第 28 行.
NOTIC: [8] Array to string conversion E:\wamp\www\pinin\Application\Api\Logic\RequirementLogic.class.php 第 28 行.
NOTIC: [8] Array to string conversion E:\wamp\www\pinin\Application\Api\Logic\RequirementLogic.class.php 第 28 行.
NOTIC: [8] Array to string conversion E:\wamp\www\pinin\Application\Api\Logic\RequirementLogic.class.php 第 28 行.
INFO: [ app_end ] --START--
INFO: Run Behavior\ShowPageTraceBehavior [ RunTime:0.000633s ]
INFO: [ app_end ] --END-- [ RunTime:0.000758s ]

[ 2017-03-23T21:45:09+08:00 ] 127.0.0.1 /index.php/Api/requirement/all
INFO: [ app_init ] --START--
INFO: Run Behavior\BuildLiteBehavior [ RunTime:0.000040s ]
INFO: [ app_init ] --END-- [ RunTime:0.000704s ]
INFO: [ app_begin ] --START--
INFO: Run Behavior\ReadHtmlCacheBehavior [ RunTime:0.000628s ]
INFO: [ app_begin ] --END-- [ RunTime:0.000783s ]
SQL: SHOW COLUMNS FROM `requirement` [ RunTime:0.0059s ]
SQL: SHOW COLUMNS FROM `requirement` [ RunTime:0.0055s ]
SQL: SELECT COUNT(*) AS tp_count FROM `requirement` WHERE `content` LIKE '%%' LIMIT 1   [ RunTime:0.0006s ]
SQL: SELECT * FROM `requirement` WHERE `content` LIKE '%%' LIMIT 0,10   [ RunTime:0.0006s ]
SQL: SHOW COLUMNS FROM `pics` [ RunTime:0.0055s ]
SQL: SELECT `src` FROM `pics` WHERE ( rid=1 )  [ RunTime:0.0399s ]
SQL: SELECT `src` FROM `pics` WHERE ( rid=2 )  [ RunTime:0.0007s ]
SQL: SELECT `src` FROM `pics` WHERE ( rid=3 )  [ RunTime:0.0008s ]
SQL: SELECT `src` FROM `pics` WHERE ( rid=4 )  [ RunTime:0.0006s ]
SQL: SELECT `src` FROM `pics` WHERE ( rid=6 )  [ RunTime:0.0005s ]
SQL: SELECT `src` FROM `pics` WHERE ( rid=7 )  [ RunTime:0.0005s ]
SQL: SELECT `src` FROM `pics` WHERE ( rid=20 )  [ RunTime:0.0005s ]
SQL: SELECT `src` FROM `pics` WHERE ( rid=21 )  [ RunTime:0.0006s ]
SQL: SELECT `src` FROM `pics` WHERE ( rid=22 )  [ RunTime:0.0005s ]
INFO: [ app_end ] --START--
INFO: Run Behavior\ShowPageTraceBehavior [ RunTime:0.001256s ]
INFO: [ app_end ] --END-- [ RunTime:0.001570s ]

